e:\个人文件整理\源程序\kernel\ptop 2.0\ptop\x64\release\vc140.pdb
e:\个人文件整理\源程序\kernel\ptop 2.0\ptop\x64\release\test.obj
e:\个人文件整理\源程序\kernel\ptop 2.0\ptop\x64\release\tagsearcher.obj
e:\个人文件整理\源程序\kernel\ptop 2.0\ptop\x64\release\tagpriorityqueue.obj
e:\个人文件整理\源程序\kernel\ptop 2.0\ptop\x64\release\tagflow.obj
e:\个人文件整理\源程序\kernel\ptop 2.0\ptop\x64\release\searcher.obj
e:\个人文件整理\源程序\kernel\ptop 2.0\ptop\x64\release\sdk.obj
e:\个人文件整理\源程序\kernel\ptop 2.0\ptop\x64\release\filter.obj
e:\个人文件整理\源程序\kernel\ptop 2.0\ptop\x64\release\quantify.obj
e:\个人文件整理\源程序\kernel\ptop 2.0\ptop\x64\release\preptmform.obj
e:\个人文件整理\源程序\kernel\ptop 2.0\ptop\x64\release\mapaamass.obj
e:\个人文件整理\源程序\kernel\ptop 2.0\ptop\x64\release\mainflow.obj
e:\个人文件整理\源程序\kernel\ptop 2.0\ptop\x64\release\main.obj
e:\个人文件整理\源程序\kernel\ptop 2.0\ptop\x64\release\file_utils.obj
e:\个人文件整理\源程序\kernel\ptop 2.0\ptop\x64\release\createindex.obj
e:\个人文件整理\源程序\kernel\ptop 2.0\ptop\x64\release\config.obj
e:\个人文件整理\源程序\kernel\ptop 2.0\ptop\x64\release\util.obj
e:\个人文件整理\源程序\kernel\ptop 2.0\ptop\x64\release\tron.obj
e:\个人文件整理\源程序\kernel\ptop 2.0\ptop\x64\release\rerank.obj
e:\个人文件整理\源程序\kernel\ptop 2.0\ptop\x64\release\linear.obj
e:\个人文件整理\源程序\kernel\ptop 2.0\ptop\x64\release\fragmentindex.obj
e:\个人文件整理\源程序\kernel\ptop 2.0\ptop\x64\release\train.obj
e:\个人文件整理\源程序\kernel\ptop 2.0\ptop\x64\release\predict.obj
e:\个人文件整理\源程序\kernel\ptop 2.0\ptop\x64\release\dscal.obj
e:\个人文件整理\源程序\kernel\ptop 2.0\ptop\x64\release\dnrm2.obj
e:\个人文件整理\源程序\kernel\ptop 2.0\ptop\x64\release\ddot.obj
e:\个人文件整理\源程序\kernel\ptop 2.0\ptop\x64\release\daxpy.obj
e:\个人文件整理\源程序\kernel\ptop 2.0\x64\release\ptop.exe
e:\个人文件整理\源程序\kernel\ptop 2.0\x64\release\ptop.ipdb
e:\个人文件整理\源程序\kernel\ptop 2.0\x64\release\ptop.iobj
e:\个人文件整理\源程序\kernel\ptop 2.0\x64\release\ptop.pdb
e:\个人文件整理\源程序\kernel\ptop 2.0\ptop\x64\release\ptop.tlog\cl.command.1.tlog
e:\个人文件整理\源程序\kernel\ptop 2.0\ptop\x64\release\ptop.tlog\cl.read.1.tlog
e:\个人文件整理\源程序\kernel\ptop 2.0\ptop\x64\release\ptop.tlog\cl.write.1.tlog
e:\个人文件整理\源程序\kernel\ptop 2.0\ptop\x64\release\ptop.tlog\link.command.1.tlog
e:\个人文件整理\源程序\kernel\ptop 2.0\ptop\x64\release\ptop.tlog\link.read.1.tlog
e:\个人文件整理\源程序\kernel\ptop 2.0\ptop\x64\release\ptop.tlog\link.write.1.tlog
