[pTop] Configure...
[pTop] Database: L:\pTop\Database\uniprot-proteome-Yeast-T.fasta
[pTop] Getting the PTM forms...
[pTop] Init AA mass table...
[pTop] Add fixed modifications...
[pTop] Time elapsed: 3.249000 s
[pTop] Configure...
[pTop] Database: L:\pTop\Database\uniprot-proteome-Yeast-T.fasta
[pTop] Getting the PTM forms...
[pTop] Init AA mass table...
[pTop] Add fixed modifications...
[pTop] Time elapsed: 1.293000 s
[pTop] Indexing...
[pTop] Begin to search...
[pTop] Search L:\pTop\Data\Yeast_HD\20160306_YEAST_controlD_HD_A6_1_HCDFT.pf2
[pTop] Search finished!
[pTop] The results in L:\pTop\Data\Yeast_HD\20160306_YEAST_controlD_HD_A6_1_HCDFT\search_task_20160803113003_query.txt
[pTop] Time elapsed: 7137.495000 s
[pTop] Begin to filter...
[pTop] Fileter L:\pTop\Data\Yeast_HD\20160306_YEAST_controlD_HD_A6_1_HCDFT\search_task_20160803113003_query.txt
[pTop] Read Search Results...
[pTop] Filter...
[pTop] Filter Score: 18.587250
[pTop] Total PSM number: 9080
[pTop] Fileter finished!
[pTop] The results in L:\pTop\Data\Yeast_HD\20160306_YEAST_controlD_HD_A6_1_HCDFT\search_task_20160803113003_filter.csv
[pTop] Output summary...
[pTop] Time elapsed: 7138.179000 s
[pTop] Configure...
[pTop] Configure...
[pTop] Database: L:\pTop\Data\NIBS-BSA\databse.fasta
[pTop] Getting the PTM forms...
[pTop] Init AA mass table...
[pTop] Add fixed modifications...
[pTop] Time elapsed: 27.584000 s
[pTop] Indexing...
[pTop] Begin to search...
[pTop] Search L:\pTop\Data\NIBS-BSA\BSA_Normal_mass_range_5mTorr_S_lens_100_SID_50_Ave100_precursor_1254_CID_120K_CIDFT.pf2
[pTop] Search finished!
[pTop] The results in L:\pTop\Data\NIBS-BSA\BSA_Normal_mass_range_5mTorr_S_lens_100_SID_50_Ave100_precursor_1254_CID_120K_CIDFT\search_task_20160829110603_query.txt
[pTop] Time elapsed: 29000.135000 s
[pTop] Begin to filter...
[pTop] Fileter L:\pTop\Data\NIBS-BSA\BSA_Normal_mass_range_5mTorr_S_lens_100_SID_50_Ave100_precursor_1254_CID_120K_CIDFT\search_task_20160829110603_query.txt
[pTop] Read Search Results...
[pTop] Filter...
[warning] There is no result, nothing to be done!
[pTop] Total PSM number: 0
[pTop] Fileter finished!
[pTop] The results in L:\pTop\Data\NIBS-BSA\BSA_Normal_mass_range_5mTorr_S_lens_100_SID_50_Ave100_precursor_1254_CID_120K_CIDFT\search_task_20160829110603_filter.csv
[pTop] Output summary...
[pTop] Time elapsed: 29000.168000 s
[pTop] Configure...
[pTop] Configure...
[pTop] Database: L:\pTop\Data\NIBS-BSA\databse.fasta
[pTop] Getting the PTM forms...
[pTop] Init AA mass table...
[pTop] Add fixed modifications...
[pTop] Time elapsed: 21.250000 s
[pTop] Indexing...
[pTop] Begin to search...
[pTop] Search L:\pTop\Data\NIBS-BSA\BSA_Normal_mass_range_5mTorr_S_lens_100_SID_50_Ave100_precursor_1254_HCD_120K_HCDFT.pf2
[pTop] Search finished!
[pTop] The results in L:\pTop\Data\NIBS-BSA\BSA_Normal_mass_range_5mTorr_S_lens_100_SID_50_Ave100_precursor_1254_HCD_120K_HCDFT\search_task_20160831112351_query.txt
[pTop] Time elapsed: 28988.893000 s
[pTop] Begin to filter...
[pTop] Fileter L:\pTop\Data\NIBS-BSA\BSA_Normal_mass_range_5mTorr_S_lens_100_SID_50_Ave100_precursor_1254_HCD_120K_HCDFT\search_task_20160831112351_query.txt
[pTop] Read Search Results...
[pTop] Filter...
[warning] There is no result, nothing to be done!
[pTop] Total PSM number: 0
[pTop] Fileter finished!
[pTop] The results in L:\pTop\Data\NIBS-BSA\BSA_Normal_mass_range_5mTorr_S_lens_100_SID_50_Ave100_precursor_1254_HCD_120K_HCDFT\search_task_20160831112351_filter.csv
[pTop] Output summary...
[pTop] Time elapsed: 28988.953000 s
[pTop] Configure...
[pTop] Database: L:\pTop\Data\NIBS-BSA\bsa_ecoli.fasta
[pTop] Getting the PTM forms...
[pTop] Init AA mass table...
[pTop] Add fixed modifications...
[pTop] Time elapsed: 41.409000 s
[pTop] Indexing...
[pTop] Begin to search...
[pTop] Search L:\pTop\Data\NIBS-BSA\Ecoli\P06610_Normal_mass_range_5mTorr_S_lens_100_Q_5Da_SID_15_Ave100_precursor_1107.11_HCD_120K_HCDFT.pf2
[pTop] Search finished!
[pTop] The results in L:\pTop\Data\NIBS-BSA\Ecoli\P06610_Normal_mass_range_5mTorr_S_lens_100_Q_5Da_SID_15_Ave100_precursor_1107.11_HCD_120K_HCDFT\search_task_20160902143709_query.txt
[pTop] Time elapsed: 57.467000 s
[pTop] Begin to filter...
[pTop] Fileter L:\pTop\Data\NIBS-BSA\Ecoli\P06610_Normal_mass_range_5mTorr_S_lens_100_Q_5Da_SID_15_Ave100_precursor_1107.11_HCD_120K_HCDFT\search_task_20160902143709_query.txt
[pTop] Read Search Results...
[pTop] Filter...
[warning] There is no result, nothing to be done!
[pTop] Total PSM number: 0
[pTop] Fileter finished!
[pTop] The results in L:\pTop\Data\NIBS-BSA\Ecoli\P06610_Normal_mass_range_5mTorr_S_lens_100_Q_5Da_SID_15_Ave100_precursor_1107.11_HCD_120K_HCDFT\search_task_20160902143709_filter.csv
[pTop] Output summary...
[pTop] Time elapsed: 57.537000 s
[pTop] Configure...
[pTop] Database: L:\pTop\Data\NIBS-BSA\bsa_ecoli.fasta
[pTop] Getting the PTM forms...
[pTop] Init AA mass table...
[pTop] Add fixed modifications...
[pTop] Time elapsed: 40.853000 s
[pTop] Indexing...
[pTop] Begin to search...
[pTop] Search L:\pTop\Data\NIBS-BSA\Ecoli\P06610_Normal_mass_range_5mTorr_S_lens_100_Q_5Da_SID_15_Ave100_precursor_1107.11_HCD_120K_HCDFT.pf2
[pTop] Configure...
[pTop] Database: L:\pTop\Data\NIBS-BSA\bsa_ecoli.fasta
[pTop] Getting the PTM forms...
[pTop] Init AA mass table...
[pTop] Add fixed modifications...
[pTop] Time elapsed: 40.442000 s
[pTop] Indexing...
[pTop] Begin to search...
[pTop] Search L:\pTop\Data\NIBS-BSA\Ecoli\P06610_Normal_mass_range_5mTorr_S_lens_100_Q_5Da_SID_15_Ave100_precursor_1107.11_HCD_120K_HCDFT.pf2
[pTop] Configure...
[pTop] Database: L:\pTop\Data\NIBS-BSA\bsa_ecoli.fasta
[pTop] Getting the PTM forms...
[pTop] Init AA mass table...
[pTop] Add fixed modifications...
[pTop] Time elapsed: 29.660000 s
[pTop] Indexing...
[pTop] Begin to search...
[pTop] Search L:\pTop\Data\NIBS-BSA\Ecoli\P06610_Normal_mass_range_5mTorr_S_lens_100_Q_5Da_SID_15_Ave100_precursor_1107.11_ETD_HCD15-120K_ETDFT.pf2
[pTop] Configure...
[pTop] Database: L:\pTop\Data\NIBS-BSA\bsa_ecoli.fasta
[pTop] Getting the PTM forms...
[pTop] Init AA mass table...
[pTop] Add fixed modifications...
[pTop] Time elapsed: 26.268000 s
[pTop] Indexing...
[pTop] Begin to search...
[pTop] Search L:\pTop\Data\NIBS-BSA\Ecoli\P06610_Normal_mass_range_5mTorr_S_lens_100_Q_5Da_SID_15_Ave100_precursor_1107.11_ETD_HCD15-120K_ETDFT.pf2
[pTop] Configure...
[pTop] Database: L:\pTop\Data\NIBS-BSA\bsa_ecoli.fasta
[pTop] Getting the PTM forms...
[pTop] Init AA mass table...
[pTop] Add fixed modifications...
[pTop] Time elapsed: 29.332000 s
[pTop] Indexing...
[pTop] Begin to search...
[pTop] Search L:\pTop\Data\NIBS-BSA\Ecoli\P06610_Normal_mass_range_5mTorr_S_lens_100_Q_5Da_SID_15_Ave100_precursor_1107.11_ETD_HCD15-120K_ETDFT.pf2
[pTop] Configure...
[pTop] Configure...
[pTop] Database: L:\pTop\Data\NIBS-Ecoli\ecoli6_human.fasta
[pTop] Getting the PTM forms...
[pTop] Init AA mass table...
[pTop] Add fixed modifications...
[pTop] Time elapsed: 136.053000 s
[pTop] Configure...
[pTop] Configure...
[pTop] Configure...
[pTop] Configure...
[pTop] Configure...
[pTop] Configure...
[pTop] Database: L:\pTop\Data\NIBS-Ecoli\ecoli6_human.fasta
[pTop] Getting the PTM forms...
[pTop] Init AA mass table...
[pTop] Add fixed modifications...
[pTop] Time elapsed: 8.352000 s
[pTop] Indexing...
[pTop] Begin to search...
[pTop] Search L:\pTop\Data\NIBS-Ecoli\P06610\P06610_Normal_mass_range_5mTorr_S_lens_100_Q_5Da_SID_15_Ave100_precursor_1107.11_ETD_HCD15-120K-2_ETDFT.pf2
[pTop] Search finished!
[pTop] The results in L:\pTop\Data\NIBS-Ecoli\P06610\P06610_Normal_mass_range_5mTorr_S_lens_100_Q_5Da_SID_15_Ave100_precursor_1107.11_ETD_HCD15-120K-2_ETDFT\search_task_20160930162307_query.txt
[pTop] Time elapsed: 9.543000 s
[pTop] Begin to filter...
[pTop] Fileter L:\pTop\Data\NIBS-Ecoli\P06610\P06610_Normal_mass_range_5mTorr_S_lens_100_Q_5Da_SID_15_Ave100_precursor_1107.11_ETD_HCD15-120K-2_ETDFT\search_task_20160930162307_query.txt
[pTop] Read Search Results...
[pTop] Filter...
[warning] There is no result, nothing to be done!
[pTop] Total PSM number: 0
[pTop] Fileter finished!
[pTop] The results in L:\pTop\Data\NIBS-Ecoli\P06610\P06610_Normal_mass_range_5mTorr_S_lens_100_Q_5Da_SID_15_Ave100_precursor_1107.11_ETD_HCD15-120K-2_ETDFT\search_task_20160930162307_filter.csv
[pTop] Output summary...
[pTop] Time elapsed: 9.600000 s
[pTop] Configure...
[pTop] Database: L:\pTop\Data\NIBS-Ecoli\ecoli6_human.fasta
[pTop] Getting the PTM forms...
[pTop] Init AA mass table...
[pTop] Add fixed modifications...
[pTop] Time elapsed: 6.770000 s
[pTop] Indexing...
[pTop] Begin to search...
[pTop] Search L:\pTop\Data\NIBS-Ecoli\P06610\P06610_Normal_mass_range_5mTorr_S_lens_100_Q_5Da_SID_15_Ave100_precursor_1107.11_ETD_HCD15-120K-2_ETDFT.pf2
[pTop] Search finished!
[pTop] The results in L:\pTop\Data\NIBS-Ecoli\P06610\P06610_Normal_mass_range_5mTorr_S_lens_100_Q_5Da_SID_15_Ave100_precursor_1107.11_ETD_HCD15-120K-2_ETDFT\search_task_20160930162829_query.txt
[pTop] Time elapsed: 6.850000 s
[pTop] Begin to filter...
[pTop] Fileter L:\pTop\Data\NIBS-Ecoli\P06610\P06610_Normal_mass_range_5mTorr_S_lens_100_Q_5Da_SID_15_Ave100_precursor_1107.11_ETD_HCD15-120K-2_ETDFT\search_task_20160930162829_query.txt
[pTop] Read Search Results...
[pTop] Filter...
[warning] There is no result, nothing to be done!
[pTop] Total PSM number: 0
[pTop] Fileter finished!
[pTop] The results in L:\pTop\Data\NIBS-Ecoli\P06610\P06610_Normal_mass_range_5mTorr_S_lens_100_Q_5Da_SID_15_Ave100_precursor_1107.11_ETD_HCD15-120K-2_ETDFT\search_task_20160930162829_filter.csv
[pTop] Output summary...
[pTop] Time elapsed: 6.899000 s
[pTop] Configure...
[pTop] Database: L:\pTop\Data\NIBS-Ecoli\ecoli6_human.fasta
[pTop] Getting the PTM forms...
[pTop] Init AA mass table...
[pTop] Add fixed modifications...
[pTop] Time elapsed: 11.095000 s
[pTop] Configure...
[pTop] Database: L:\pTop\Data\NIBS-Ecoli\ecoli6_human.fasta
[pTop] Getting the PTM forms...
[pTop] Init AA mass table...
[pTop] Add fixed modifications...
[pTop] Time elapsed: 8.368000 s
[pTop] Indexing...
[pTop] Begin to search...
[pTop] Search L:\pTop\Data\NIBS-Ecoli\P06610\P06610_Normal_mass_range_5mTorr_S_lens_100_Q_5Da_SID_15_Ave100_precursor_1107.11_ETD_HCD15-120K-2_ETDFT.pf2
[pTop] Search finished!
[pTop] The results in L:\pTop\Data\NIBS-Ecoli\P06610\P06610_Normal_mass_range_5mTorr_S_lens_100_Q_5Da_SID_15_Ave100_precursor_1107.11_ETD_HCD15-120K-2_ETDFT\search_task_20160930164039_query.txt
[pTop] Time elapsed: 26.933000 s
[pTop] Begin to filter...
[pTop] Fileter L:\pTop\Data\NIBS-Ecoli\P06610\P06610_Normal_mass_range_5mTorr_S_lens_100_Q_5Da_SID_15_Ave100_precursor_1107.11_ETD_HCD15-120K-2_ETDFT\search_task_20160930164039_query.txt
[pTop] Read Search Results...
[pTop] Filter...
[warning] There is no result, nothing to be done!
[pTop] Total PSM number: 0
[pTop] Fileter finished!
[pTop] The results in L:\pTop\Data\NIBS-Ecoli\P06610\P06610_Normal_mass_range_5mTorr_S_lens_100_Q_5Da_SID_15_Ave100_precursor_1107.11_ETD_HCD15-120K-2_ETDFT\search_task_20160930164039_filter.csv
[pTop] Output summary...
[pTop] Time elapsed: 27.000000 s
[pTop] Configure...
[pTop] Database: L:\pTop\Data\NIBS-Ecoli\ecoli6_human.fasta
[pTop] Getting the PTM forms...
[pTop] Init AA mass table...
[pTop] Add fixed modifications...
[pTop] Time elapsed: 8.284000 s
[pTop] Indexing...
[pTop] Begin to search...
[pTop] Search L:\pTop\Data\NIBS-Ecoli\P06610\P06610_Normal_mass_range_5mTorr_S_lens_100_Q_5Da_SID_15_Ave100_precursor_1107.11_ETD_HCD15-120K-2_ETDFT.pf2
[pTop] Configure...
[pTop] Database: L:\pTop\Data\NIBS-Ecoli\ecoli6_human.fasta
[pTop] Getting the PTM forms...
[pTop] Init AA mass table...
[pTop] Add fixed modifications...
[pTop] Time elapsed: 6.684000 s
[pTop] Indexing...
[pTop] Begin to search...
[pTop] Search L:\pTop\Data\NIBS-Ecoli\P06610\P06610_Normal_mass_range_5mTorr_S_lens_100_Q_5Da_SID_15_Ave100_precursor_1107.11_ETD_HCD15-120K-2_ETDFT.pf2
[pTop] Configure...
[pTop] Database: L:\pTop\Data\NIBS-Ecoli\ecoli6_human.fasta
[pTop] Getting the PTM forms...
[pTop] Init AA mass table...
[pTop] Add fixed modifications...
[pTop] Time elapsed: 6.553000 s
[pTop] Indexing...
[pTop] Begin to search...
[pTop] Search L:\pTop\Data\NIBS-Ecoli\P06610\P06610_Normal_mass_range_5mTorr_S_lens_100_Q_5Da_SID_15_Ave100_precursor_1107.11_ETD_HCD15-120K-2_ETDFT.pf2
[pTop] Search finished!
[pTop] The results in L:\pTop\Data\NIBS-Ecoli\P06610\P06610_Normal_mass_range_5mTorr_S_lens_100_Q_5Da_SID_15_Ave100_precursor_1107.11_ETD_HCD15-120K-2_ETDFT\search_task_20160930164633_query.txt
[pTop] Time elapsed: 46.752000 s
[pTop] Begin to filter...
[pTop] Fileter L:\pTop\Data\NIBS-Ecoli\P06610\P06610_Normal_mass_range_5mTorr_S_lens_100_Q_5Da_SID_15_Ave100_precursor_1107.11_ETD_HCD15-120K-2_ETDFT\search_task_20160930164633_query.txt
[pTop] Read Search Results...
[pTop] Filter...
[pTop] Filter Score: 85.330680
[pTop] Total PSM number: 431
[pTop] Fileter finished!
[pTop] The results in L:\pTop\Data\NIBS-Ecoli\P06610\P06610_Normal_mass_range_5mTorr_S_lens_100_Q_5Da_SID_15_Ave100_precursor_1107.11_ETD_HCD15-120K-2_ETDFT\search_task_20160930164633_filter.csv
[pTop] Output summary...
[pTop] Time elapsed: 46.852000 s
[pTop] Configure...
[pTop] Database: L:\pTop\Data\NIBS-Ecoli\ecoli6_human.fasta
[pTop] Getting the PTM forms...
[pTop] Init AA mass table...
[pTop] Add fixed modifications...
[pTop] Time elapsed: 6.848000 s
[pTop] Indexing...
[pTop] Begin to search...
[pTop] Search L:\pTop\Data\NIBS-Ecoli\P06610\P06610_Normal_mass_range_5mTorr_S_lens_100_Q_5Da_SID_15_Ave100_precursor_1107.11_ETD_HCD15-120K-2_HCDFT.pf2
[pTop] Search finished!
[pTop] The results in L:\pTop\Data\NIBS-Ecoli\P06610\P06610_Normal_mass_range_5mTorr_S_lens_100_Q_5Da_SID_15_Ave100_precursor_1107.11_ETD_HCD15-120K-2_HCDFT\search_task_20160930170002_query.txt
[pTop] Time elapsed: 49.699000 s
[pTop] Begin to filter...
[pTop] Fileter L:\pTop\Data\NIBS-Ecoli\P06610\P06610_Normal_mass_range_5mTorr_S_lens_100_Q_5Da_SID_15_Ave100_precursor_1107.11_ETD_HCD15-120K-2_HCDFT\search_task_20160930170002_query.txt
[pTop] Read Search Results...
[pTop] Filter...
[pTop] Filter Score: 24.319461
[pTop] Total PSM number: 431
[pTop] Fileter finished!
[pTop] The results in L:\pTop\Data\NIBS-Ecoli\P06610\P06610_Normal_mass_range_5mTorr_S_lens_100_Q_5Da_SID_15_Ave100_precursor_1107.11_ETD_HCD15-120K-2_HCDFT\search_task_20160930170002_filter.csv
[pTop] Output summary...
[pTop] Time elapsed: 49.765000 s
[pTop] Configure...
[pTop] Database: L:\pTop\Data\NIBS-Ecoli\ecoli6_human.fasta
[pTop] Getting the PTM forms...
[pTop] Init AA mass table...
[pTop] Add fixed modifications...
[pTop] Time elapsed: 2.421000 s
[pTop] Indexing...
[pTop] Begin to search...
[pTop] Search L:\pTop\Data\NIBS-Ecoli\P06610\P06610_Normal_mass_range_5mTorr_S_lens_100_Q_5Da_SID_15_Ave100_precursor_1107.11_ETD2ms_HCD19-120K_ETDFT.pf2
[pTop] Search finished!
[pTop] The results in L:\pTop\Data\NIBS-Ecoli\P06610\P06610_Normal_mass_range_5mTorr_S_lens_100_Q_5Da_SID_15_Ave100_precursor_1107.11_ETD2ms_HCD19-120K_ETDFT\search_task_20160930230158_query.txt
[pTop] Search L:\pTop\Data\NIBS-Ecoli\P06610\P06610_Normal_mass_range_5mTorr_S_lens_100_Q_5Da_SID_15_Ave100_precursor_1107.11_ETD2ms_HCD21-120K_ETDFT.pf2
[pTop] Search finished!
[pTop] The results in L:\pTop\Data\NIBS-Ecoli\P06610\P06610_Normal_mass_range_5mTorr_S_lens_100_Q_5Da_SID_15_Ave100_precursor_1107.11_ETD2ms_HCD21-120K_ETDFT\search_task_20160930230158_query.txt
[pTop] Time elapsed: 37.172000 s
[pTop] Begin to filter...
[pTop] Fileter L:\pTop\Data\NIBS-Ecoli\P06610\P06610_Normal_mass_range_5mTorr_S_lens_100_Q_5Da_SID_15_Ave100_precursor_1107.11_ETD2ms_HCD19-120K_ETDFT\search_task_20160930230158_query.txt
[pTop] Read Search Results...
[pTop] Filter...
[pTop] Filter Score: 7.410870
[pTop] Total PSM number: 26
[pTop] Fileter finished!
[pTop] The results in L:\pTop\Data\NIBS-Ecoli\P06610\P06610_Normal_mass_range_5mTorr_S_lens_100_Q_5Da_SID_15_Ave100_precursor_1107.11_ETD2ms_HCD19-120K_ETDFT\search_task_20160930230158_filter.csv
[pTop] Fileter L:\pTop\Data\NIBS-Ecoli\P06610\P06610_Normal_mass_range_5mTorr_S_lens_100_Q_5Da_SID_15_Ave100_precursor_1107.11_ETD2ms_HCD21-120K_ETDFT\search_task_20160930230158_query.txt
[pTop] Read Search Results...
[pTop] Filter...
[pTop] Filter Score: 2.465370
[pTop] Total PSM number: 22
[pTop] Fileter finished!
[pTop] The results in L:\pTop\Data\NIBS-Ecoli\P06610\P06610_Normal_mass_range_5mTorr_S_lens_100_Q_5Da_SID_15_Ave100_precursor_1107.11_ETD2ms_HCD21-120K_ETDFT\search_task_20160930230158_filter.csv
[pTop] Output summary...
[pTop] Time elapsed: 37.265000 s
[pTop] Configure...
[pTop] Database: L:\pTop\Data\NIBS-Ecoli\ecoli6_human.fasta
[pTop] Getting the PTM forms...
[pTop] Init AA mass table...
[pTop] Add fixed modifications...
[pTop] Time elapsed: 80.650000 s
[pTop] Indexing...
[pTop] Begin to search...
[pTop] Search L:\pTop\Data\NIBS-Ecoli\P18390\P18390_Normal_mass_range_5mTorr_S_lens_100_Q_5Da_SID_10_Ave100_precursor_1013.08_HCD_120K_HCDFT.pf2
[pTop] Search finished!
[pTop] The results in L:\pTop\Data\NIBS-Ecoli\P18390\P18390_Normal_mass_range_5mTorr_S_lens_100_Q_5Da_SID_10_Ave100_precursor_1013.08_HCD_120K_HCDFT\search_task_20161013125236_query.txt
[pTop] Time elapsed: 466.878000 s
[pTop] Begin to filter...
[pTop] Fileter L:\pTop\Data\NIBS-Ecoli\P18390\P18390_Normal_mass_range_5mTorr_S_lens_100_Q_5Da_SID_10_Ave100_precursor_1013.08_HCD_120K_HCDFT\search_task_20161013125236_query.txt
[pTop] Read Search Results...
[pTop] Filter...
[pTop] Filter Score: 3.089284
[pTop] Total PSM number: 6681
[pTop] Fileter finished!
[pTop] The results in L:\pTop\Data\NIBS-Ecoli\P18390\P18390_Normal_mass_range_5mTorr_S_lens_100_Q_5Da_SID_10_Ave100_precursor_1013.08_HCD_120K_HCDFT\search_task_20161013125236_filter.csv
[pTop] Output summary...
[pTop] Time elapsed: 467.374000 s
[pTop] Configure...
[pTop] Database: L:\pTop\Data\NIBS-Ecoli\ecoli6_human.fasta
[pTop] Getting the PTM forms...
[pTop] Init AA mass table...
[pTop] Add fixed modifications...
[pTop] Time elapsed: 30.431000 s
[pTop] Indexing...
[pTop] Begin to search...
[pTop] Search L:\pTop\Data\NIBS-Ecoli\P30859\P30859_Normal_mass_range_5mTorr_S_lens_100_Q_5Da_SID_20_Ave100_precursor_1017.63_HCD_120K_HCDFT.pf2
[pTop] Search finished!
[pTop] The results in L:\pTop\Data\NIBS-Ecoli\P30859\P30859_Normal_mass_range_5mTorr_S_lens_100_Q_5Da_SID_20_Ave100_precursor_1017.63_HCD_120K_HCDFT\search_task_20161013133112_query.txt
[pTop] Time elapsed: 80.799000 s
[pTop] Begin to filter...
[pTop] Fileter L:\pTop\Data\NIBS-Ecoli\P30859\P30859_Normal_mass_range_5mTorr_S_lens_100_Q_5Da_SID_20_Ave100_precursor_1017.63_HCD_120K_HCDFT\search_task_20161013133112_query.txt
[pTop] Read Search Results...
[pTop] Filter...
[pTop] Filter Score: 36.796095
[pTop] Total PSM number: 1204
[pTop] Fileter finished!
[pTop] The results in L:\pTop\Data\NIBS-Ecoli\P30859\P30859_Normal_mass_range_5mTorr_S_lens_100_Q_5Da_SID_20_Ave100_precursor_1017.63_HCD_120K_HCDFT\search_task_20161013133112_filter.csv
[pTop] Output summary...
[pTop] Time elapsed: 80.952000 s
[pTop] Configure...
[pTop] Configure...
[pTop] Configure...
[pTop] Configure...
[pTop] Configure...
[pTop] Configure...
[pTop] Configure...
[pTop] Configure...
[pTop] Configure...
[pTop] Database: L:\pTop\Data\NIBS-Ecoli\ecoli6_human.fasta
[pTop] Getting the PTM forms...
[pTop] Init AA mass table...
[pTop] Add fixed modifications...
[pTop] Time elapsed: 62.704000 s
[pTop] Indexing...
[pTop] Begin to search...
[pTop] Search L:\pTop\Data\NIBS-Ecoli\P30859\P30859_Normal_mass_range_5mTorr_S_lens_100_Q_5Da_SID_20_Ave100_precursor_1017.63_ETD_HCD15_120K_2_ETDFT.pf2
[pTop] Search finished!
[pTop] The results in L:\pTop\Data\NIBS-Ecoli\P30859\P30859_Normal_mass_range_5mTorr_S_lens_100_Q_5Da_SID_20_Ave100_precursor_1017.63_ETD_HCD15_120K_2_ETDFT\search_task_20161024125615_query.txt
[pTop] Time elapsed: 188.829000 s
[pTop] Begin to filter...
[pTop] Fileter L:\pTop\Data\NIBS-Ecoli\P30859\P30859_Normal_mass_range_5mTorr_S_lens_100_Q_5Da_SID_20_Ave100_precursor_1017.63_ETD_HCD15_120K_2_ETDFT\search_task_20161024125615_query.txt
[pTop] Read Search Results...
[pTop] Filter...
[pTop] Filter Score: 79.572400
[pTop] Total PSM number: 1
[pTop] Fileter finished!
[pTop] The results in L:\pTop\Data\NIBS-Ecoli\P30859\P30859_Normal_mass_range_5mTorr_S_lens_100_Q_5Da_SID_20_Ave100_precursor_1017.63_ETD_HCD15_120K_2_ETDFT\search_task_20161024125615_filter.csv
[pTop] Output summary...
[pTop] Time elapsed: 188.864000 s
[pTop] Configure...
[pTop] Database: L:\pTop\Database\uniprot-proteome-Yeast-T.fasta
[pTop] Getting the PTM forms...
[pTop] Init AA mass table...
[pTop] Add fixed modifications...
[pTop] Time elapsed: 4.155000 s
[pTop] Indexing...
[pTop] Begin to search...
[pTop] Search L:\pTop\Data\IsolationWidthTest\Yeast\20160802_Yeast_HD_O_CH2O_ISO3_1_CIDFT.pf2
[pTop] Search finished!
[pTop] The results in L:\pTop\Data\IsolationWidthTest\Yeast\20160802_Yeast_HD_O_CH2O_ISO3_1_CIDFT\search_task_20161024203403_query.txt
[pTop] Search L:\pTop\Data\IsolationWidthTest\Yeast\20160802_Yeast_HD_O_CH2O_ISO3_2_CIDFT.pf2
[pTop] Search finished!
[pTop] The results in L:\pTop\Data\IsolationWidthTest\Yeast\20160802_Yeast_HD_O_CH2O_ISO3_2_CIDFT\search_task_20161024203403_query.txt
[pTop] Search L:\pTop\Data\IsolationWidthTest\Yeast\20160802_Yeast_HD_O_CH2O_ISO5_1_CIDFT.pf2
[pTop] Search finished!
[pTop] The results in L:\pTop\Data\IsolationWidthTest\Yeast\20160802_Yeast_HD_O_CH2O_ISO5_1_CIDFT\search_task_20161024203403_query.txt
[pTop] Search L:\pTop\Data\IsolationWidthTest\Yeast\20160802_Yeast_HD_O_CH2O_ISO5_2_CIDFT.pf2
[pTop] Search finished!
[pTop] The results in L:\pTop\Data\IsolationWidthTest\Yeast\20160802_Yeast_HD_O_CH2O_ISO5_2_CIDFT\search_task_20161024203403_query.txt
[pTop] Search L:\pTop\Data\IsolationWidthTest\Yeast\20160802_Yeast_HD_O_CH2O_ISO10_1_CIDFT.pf2
[pTop] Search finished!
[pTop] The results in L:\pTop\Data\IsolationWidthTest\Yeast\20160802_Yeast_HD_O_CH2O_ISO10_1_CIDFT\search_task_20161024203403_query.txt
[pTop] Search L:\pTop\Data\IsolationWidthTest\Yeast\20160802_Yeast_HD_O_CH2O_ISO10_2_CIDFT.pf2
[pTop] Search finished!
[pTop] The results in L:\pTop\Data\IsolationWidthTest\Yeast\20160802_Yeast_HD_O_CH2O_ISO10_2_CIDFT\search_task_20161024203403_query.txt
[pTop] Search L:\pTop\Data\IsolationWidthTest\Yeast\20160802_Yeast_HD_O_CH2O_ISO15_1_CIDFT.pf2
[pTop] Search finished!
[pTop] The results in L:\pTop\Data\IsolationWidthTest\Yeast\20160802_Yeast_HD_O_CH2O_ISO15_1_CIDFT\search_task_20161024203403_query.txt
[pTop] Search L:\pTop\Data\IsolationWidthTest\Yeast\20160802_Yeast_HD_O_CH2O_ISO15_2_CIDFT.pf2
[pTop] Search finished!
[pTop] The results in L:\pTop\Data\IsolationWidthTest\Yeast\20160802_Yeast_HD_O_CH2O_ISO15_2_CIDFT\search_task_20161024203403_query.txt
[pTop] Search L:\pTop\Data\IsolationWidthTest\Yeast\20160802_Yeast_HD_O_CH2O_ISO50_1_CIDFT.pf2
[pTop] Search finished!
[pTop] The results in L:\pTop\Data\IsolationWidthTest\Yeast\20160802_Yeast_HD_O_CH2O_ISO50_1_CIDFT\search_task_20161024203403_query.txt
[pTop] Search L:\pTop\Data\IsolationWidthTest\Yeast\20160802_Yeast_HD_O_CH2O_ISO50_2_CIDFT.pf2
[pTop] Search finished!
[pTop] The results in L:\pTop\Data\IsolationWidthTest\Yeast\20160802_Yeast_HD_O_CH2O_ISO50_2_CIDFT\search_task_20161024203403_query.txt
[pTop] Time elapsed: 2122.937000 s
[pTop] Begin to filter...
[pTop] Fileter L:\pTop\Data\IsolationWidthTest\Yeast\20160802_Yeast_HD_O_CH2O_ISO3_1_CIDFT\search_task_20161024203403_query.txt
[pTop] Read Search Results...
[pTop] Filter...
[pTop] Filter Score: 19.040940
[pTop] Total PSM number: 11
[pTop] Fileter finished!
[pTop] The results in L:\pTop\Data\IsolationWidthTest\Yeast\20160802_Yeast_HD_O_CH2O_ISO3_1_CIDFT\search_task_20161024203403_filter.csv
[pTop] Fileter L:\pTop\Data\IsolationWidthTest\Yeast\20160802_Yeast_HD_O_CH2O_ISO3_2_CIDFT\search_task_20161024203403_query.txt
[pTop] Read Search Results...
[pTop] Filter...
[pTop] Filter Score: 21.654327
[pTop] Total PSM number: 10
[pTop] Fileter finished!
[pTop] The results in L:\pTop\Data\IsolationWidthTest\Yeast\20160802_Yeast_HD_O_CH2O_ISO3_2_CIDFT\search_task_20161024203403_filter.csv
[pTop] Fileter L:\pTop\Data\IsolationWidthTest\Yeast\20160802_Yeast_HD_O_CH2O_ISO5_1_CIDFT\search_task_20161024203403_query.txt
[pTop] Read Search Results...
[pTop] Filter...
[pTop] Filter Score: 18.354098
[pTop] Total PSM number: 41
[pTop] Fileter finished!
[pTop] The results in L:\pTop\Data\IsolationWidthTest\Yeast\20160802_Yeast_HD_O_CH2O_ISO5_1_CIDFT\search_task_20161024203403_filter.csv
[pTop] Fileter L:\pTop\Data\IsolationWidthTest\Yeast\20160802_Yeast_HD_O_CH2O_ISO5_2_CIDFT\search_task_20161024203403_query.txt
[pTop] Read Search Results...
[pTop] Filter...
[pTop] Filter Score: 39.800329
[pTop] Total PSM number: 8
[pTop] Fileter finished!
[pTop] The results in L:\pTop\Data\IsolationWidthTest\Yeast\20160802_Yeast_HD_O_CH2O_ISO5_2_CIDFT\search_task_20161024203403_filter.csv
[pTop] Fileter L:\pTop\Data\IsolationWidthTest\Yeast\20160802_Yeast_HD_O_CH2O_ISO10_1_CIDFT\search_task_20161024203403_query.txt
[pTop] Read Search Results...
[pTop] Filter...
[pTop] Filter Score: 11.690080
[pTop] Total PSM number: 80
[pTop] Fileter finished!
[pTop] The results in L:\pTop\Data\IsolationWidthTest\Yeast\20160802_Yeast_HD_O_CH2O_ISO10_1_CIDFT\search_task_20161024203403_filter.csv
[pTop] Fileter L:\pTop\Data\IsolationWidthTest\Yeast\20160802_Yeast_HD_O_CH2O_ISO10_2_CIDFT\search_task_20161024203403_query.txt
[pTop] Read Search Results...
[pTop] Filter...
[pTop] Filter Score: 12.670856
[pTop] Total PSM number: 63
[pTop] Fileter finished!
[pTop] The results in L:\pTop\Data\IsolationWidthTest\Yeast\20160802_Yeast_HD_O_CH2O_ISO10_2_CIDFT\search_task_20161024203403_filter.csv
[pTop] Fileter L:\pTop\Data\IsolationWidthTest\Yeast\20160802_Yeast_HD_O_CH2O_ISO15_1_CIDFT\search_task_20161024203403_query.txt
[pTop] Read Search Results...
[pTop] Filter...
[pTop] Filter Score: 15.246608
[pTop] Total PSM number: 56
[pTop] Fileter finished!
[pTop] The results in L:\pTop\Data\IsolationWidthTest\Yeast\20160802_Yeast_HD_O_CH2O_ISO15_1_CIDFT\search_task_20161024203403_filter.csv
[pTop] Fileter L:\pTop\Data\IsolationWidthTest\Yeast\20160802_Yeast_HD_O_CH2O_ISO15_2_CIDFT\search_task_20161024203403_query.txt
[pTop] Read Search Results...
[pTop] Filter...
[pTop] Filter Score: 20.938498
[pTop] Total PSM number: 63
[pTop] Fileter finished!
[pTop] The results in L:\pTop\Data\IsolationWidthTest\Yeast\20160802_Yeast_HD_O_CH2O_ISO15_2_CIDFT\search_task_20161024203403_filter.csv
[pTop] Fileter L:\pTop\Data\IsolationWidthTest\Yeast\20160802_Yeast_HD_O_CH2O_ISO50_1_CIDFT\search_task_20161024203403_query.txt
[pTop] Read Search Results...
[pTop] Filter...
[pTop] Filter Score: 19.071073
[pTop] Total PSM number: 54
[pTop] Fileter finished!
[pTop] The results in L:\pTop\Data\IsolationWidthTest\Yeast\20160802_Yeast_HD_O_CH2O_ISO50_1_CIDFT\search_task_20161024203403_filter.csv
[pTop] Fileter L:\pTop\Data\IsolationWidthTest\Yeast\20160802_Yeast_HD_O_CH2O_ISO50_2_CIDFT\search_task_20161024203403_query.txt
[pTop] Read Search Results...
[pTop] Filter...
[pTop] Filter Score: 22.449333
[pTop] Total PSM number: 18
[pTop] Fileter finished!
[pTop] The results in L:\pTop\Data\IsolationWidthTest\Yeast\20160802_Yeast_HD_O_CH2O_ISO50_2_CIDFT\search_task_20161024203403_filter.csv
[pTop] Output summary...
[pTop] Time elapsed: 2123.259000 s
[pTop] Configure...
[pTop] Database: L:\pTop\Database\uniprot-Histone_Bovine.fasta
[pTop] Getting the PTM forms...
[pTop] Init AA mass table...
[pTop] Add fixed modifications...
[pTop] Time elapsed: 3.692000 s
[pTop] Indexing...
[pTop] Begin to search...
[pTop] Search L:\pTop\Data\IsolationWidthTest\Bovine\20160802_BovineHistone_0_1ug_ISO3_1_CIDFT.pf2
[pTop] Search finished!
[pTop] The results in L:\pTop\Data\IsolationWidthTest\Bovine\20160802_BovineHistone_0_1ug_ISO3_1_CIDFT\search_task_20161024211819_query.txt
[pTop] Search L:\pTop\Data\IsolationWidthTest\Bovine\20160802_BovineHistone_0_1ug_ISO3_2_CIDFT.pf2
[pTop] Search finished!
[pTop] The results in L:\pTop\Data\IsolationWidthTest\Bovine\20160802_BovineHistone_0_1ug_ISO3_2_CIDFT\search_task_20161024211819_query.txt
[pTop] Search L:\pTop\Data\IsolationWidthTest\Bovine\20160802_BovineHistone_0_1ug_ISO5_1_CIDFT.pf2
[pTop] Search finished!
[pTop] The results in L:\pTop\Data\IsolationWidthTest\Bovine\20160802_BovineHistone_0_1ug_ISO5_1_CIDFT\search_task_20161024211819_query.txt
[pTop] Search L:\pTop\Data\IsolationWidthTest\Bovine\20160802_BovineHistone_0_1ug_ISO5_2_CIDFT.pf2
[pTop] Search finished!
[pTop] The results in L:\pTop\Data\IsolationWidthTest\Bovine\20160802_BovineHistone_0_1ug_ISO5_2_CIDFT\search_task_20161024211819_query.txt
[pTop] Search L:\pTop\Data\IsolationWidthTest\Bovine\20160802_BovineHistone_0_1ug_ISO10_1_CIDFT.pf2
[pTop] Search finished!
[pTop] The results in L:\pTop\Data\IsolationWidthTest\Bovine\20160802_BovineHistone_0_1ug_ISO10_1_CIDFT\search_task_20161024211819_query.txt
[pTop] Search L:\pTop\Data\IsolationWidthTest\Bovine\20160802_BovineHistone_0_1ug_ISO10_2_CIDFT.pf2
[pTop] Search finished!
[pTop] The results in L:\pTop\Data\IsolationWidthTest\Bovine\20160802_BovineHistone_0_1ug_ISO10_2_CIDFT\search_task_20161024211819_query.txt
[pTop] Search L:\pTop\Data\IsolationWidthTest\Bovine\20160802_BovineHistone_0_1ug_ISO15_1_CIDFT.pf2
[pTop] Search finished!
[pTop] The results in L:\pTop\Data\IsolationWidthTest\Bovine\20160802_BovineHistone_0_1ug_ISO15_1_CIDFT\search_task_20161024211819_query.txt
[pTop] Search L:\pTop\Data\IsolationWidthTest\Bovine\20160802_BovineHistone_0_1ug_ISO15_2_CIDFT.pf2
[pTop] Search finished!
[pTop] The results in L:\pTop\Data\IsolationWidthTest\Bovine\20160802_BovineHistone_0_1ug_ISO15_2_CIDFT\search_task_20161024211819_query.txt
[pTop] Search L:\pTop\Data\IsolationWidthTest\Bovine\20160802_BovineHistone_0_1ug_ISO50_1_CIDFT.pf2
[pTop] Search finished!
[pTop] The results in L:\pTop\Data\IsolationWidthTest\Bovine\20160802_BovineHistone_0_1ug_ISO50_1_CIDFT\search_task_20161024211819_query.txt
[pTop] Search L:\pTop\Data\IsolationWidthTest\Bovine\20160802_BovineHistone_0_1ug_ISO50_2_CIDFT.pf2
[pTop] Search finished!
[pTop] The results in L:\pTop\Data\IsolationWidthTest\Bovine\20160802_BovineHistone_0_1ug_ISO50_2_CIDFT\search_task_20161024211819_query.txt
[pTop] Time elapsed: 780.612000 s
[pTop] Begin to filter...
[pTop] Fileter L:\pTop\Data\IsolationWidthTest\Bovine\20160802_BovineHistone_0_1ug_ISO3_1_CIDFT\search_task_20161024211819_query.txt
[pTop] Read Search Results...
[pTop] Filter...
[pTop] Filter Score: 6.049029
[pTop] Total PSM number: 47
[pTop] Fileter finished!
[pTop] The results in L:\pTop\Data\IsolationWidthTest\Bovine\20160802_BovineHistone_0_1ug_ISO3_1_CIDFT\search_task_20161024211819_filter.csv
[pTop] Fileter L:\pTop\Data\IsolationWidthTest\Bovine\20160802_BovineHistone_0_1ug_ISO3_2_CIDFT\search_task_20161024211819_query.txt
[pTop] Read Search Results...
[pTop] Filter...
[pTop] Filter Score: 6.650990
[pTop] Total PSM number: 72
[pTop] Fileter finished!
[pTop] The results in L:\pTop\Data\IsolationWidthTest\Bovine\20160802_BovineHistone_0_1ug_ISO3_2_CIDFT\search_task_20161024211819_filter.csv
[pTop] Fileter L:\pTop\Data\IsolationWidthTest\Bovine\20160802_BovineHistone_0_1ug_ISO5_1_CIDFT\search_task_20161024211819_query.txt
[pTop] Read Search Results...
[pTop] Filter...
[pTop] Filter Score: 12.404356
[pTop] Total PSM number: 35
[pTop] Fileter finished!
[pTop] The results in L:\pTop\Data\IsolationWidthTest\Bovine\20160802_BovineHistone_0_1ug_ISO5_1_CIDFT\search_task_20161024211819_filter.csv
[pTop] Fileter L:\pTop\Data\IsolationWidthTest\Bovine\20160802_BovineHistone_0_1ug_ISO5_2_CIDFT\search_task_20161024211819_query.txt
[pTop] Read Search Results...
[pTop] Filter...
[pTop] Filter Score: 5.731911
[pTop] Total PSM number: 46
[pTop] Fileter finished!
[pTop] The results in L:\pTop\Data\IsolationWidthTest\Bovine\20160802_BovineHistone_0_1ug_ISO5_2_CIDFT\search_task_20161024211819_filter.csv
[pTop] Fileter L:\pTop\Data\IsolationWidthTest\Bovine\20160802_BovineHistone_0_1ug_ISO10_1_CIDFT\search_task_20161024211819_query.txt
[pTop] Read Search Results...
[pTop] Filter...
[pTop] Filter Score: 7.183448
[pTop] Total PSM number: 43
[pTop] Fileter finished!
[pTop] The results in L:\pTop\Data\IsolationWidthTest\Bovine\20160802_BovineHistone_0_1ug_ISO10_1_CIDFT\search_task_20161024211819_filter.csv
[pTop] Fileter L:\pTop\Data\IsolationWidthTest\Bovine\20160802_BovineHistone_0_1ug_ISO10_2_CIDFT\search_task_20161024211819_query.txt
[pTop] Read Search Results...
[pTop] Filter...
[pTop] Filter Score: 7.310780
[pTop] Total PSM number: 30
[pTop] Fileter finished!
[pTop] The results in L:\pTop\Data\IsolationWidthTest\Bovine\20160802_BovineHistone_0_1ug_ISO10_2_CIDFT\search_task_20161024211819_filter.csv
[pTop] Fileter L:\pTop\Data\IsolationWidthTest\Bovine\20160802_BovineHistone_0_1ug_ISO15_1_CIDFT\search_task_20161024211819_query.txt
[pTop] Read Search Results...
[pTop] Filter...
[pTop] Filter Score: 13.829445
[pTop] Total PSM number: 61
[pTop] Fileter finished!
[pTop] The results in L:\pTop\Data\IsolationWidthTest\Bovine\20160802_BovineHistone_0_1ug_ISO15_1_CIDFT\search_task_20161024211819_filter.csv
[pTop] Fileter L:\pTop\Data\IsolationWidthTest\Bovine\20160802_BovineHistone_0_1ug_ISO15_2_CIDFT\search_task_20161024211819_query.txt
[pTop] Read Search Results...
[pTop] Filter...
[pTop] Filter Score: 11.137933
[pTop] Total PSM number: 49
[pTop] Fileter finished!
[pTop] The results in L:\pTop\Data\IsolationWidthTest\Bovine\20160802_BovineHistone_0_1ug_ISO15_2_CIDFT\search_task_20161024211819_filter.csv
[pTop] Fileter L:\pTop\Data\IsolationWidthTest\Bovine\20160802_BovineHistone_0_1ug_ISO50_1_CIDFT\search_task_20161024211819_query.txt
[pTop] Read Search Results...
[pTop] Filter...
[pTop] Filter Score: 14.249031
[pTop] Total PSM number: 69
[pTop] Fileter finished!
[pTop] The results in L:\pTop\Data\IsolationWidthTest\Bovine\20160802_BovineHistone_0_1ug_ISO50_1_CIDFT\search_task_20161024211819_filter.csv
[pTop] Fileter L:\pTop\Data\IsolationWidthTest\Bovine\20160802_BovineHistone_0_1ug_ISO50_2_CIDFT\search_task_20161024211819_query.txt
[pTop] Read Search Results...
[pTop] Filter...
[pTop] Filter Score: 13.478399
[pTop] Total PSM number: 62
[pTop] Fileter finished!
[pTop] The results in L:\pTop\Data\IsolationWidthTest\Bovine\20160802_BovineHistone_0_1ug_ISO50_2_CIDFT\search_task_20161024211819_filter.csv
[pTop] Output summary...
[pTop] Time elapsed: 780.883000 s
[pTop] Configure...
[pTop] Database: J:\pTop\Database\uniprot-human-all-reviewed.fasta
[pTop] Getting the PTM forms...
[pTop] Init AA mass table...
[pTop] Add fixed modifications...
[pTop] Time elapsed: 4.220000 s
[pTop] Indexing...
[pTop] Begin to search...
[pTop] Search J:\pTop\文献整理\kelleher\LC-21 Tesla FT-ICR\Data\DLD-1_A\LCA_CD_DLD1par_10per_f4_freshdil3x_LCA_IPA_gradient_v9_300A_5um_PoroshellC8_04_alt_param_CIDFT.pf2
[pTop] Configure...
[pTop] Database: J:\pTop\Database\uniprot-human-all-reviewed.fasta
[pTop] Getting the PTM forms...
[pTop] Init AA mass table...
[pTop] Add fixed modifications...
[pTop] Time elapsed: 12.504000 s
[pTop] Indexing...
[pTop] Begin to search...
[pTop] Search J:\pTop\Data\bigProtein\large140kda_20ev15ev.mgf
[pTop] Search finished!
[pTop] The results in J:\pTop\Data\bigProtein\large140kda_20ev15ev\search_task_20161202093300_query.txt
[pTop] Configure...
[pTop] Database: J:\pTop\Database\uniprot-human-all-reviewed.fasta
[pTop] Getting the PTM forms...
[pTop] Init AA mass table...
[pTop] Add fixed modifications...
[pTop] Time elapsed: 5.679000 s
[pTop] Indexing...
[pTop] Begin to search...
[pTop] Search J:\pTop\Data\bigProtein\large140kda_20ev15ev.mgf
[pTop] Configure...
[pTop] Database: J:\pTop\Database\uniprot-human-all-reviewed.fasta
[pTop] Getting the PTM forms...
[pTop] Init AA mass table...
[pTop] Add fixed modifications...
[pTop] Time elapsed: 5.820000 s
[pTop] Indexing...
[pTop] Begin to search...
[pTop] Search J:\pTop\Data\bigProtein\large140kda_20ev15ev.mgf
[pTop] Configure...
[pTop] Database: J:\pTop\Database\uniprot-human-all-reviewed.fasta
[pTop] Getting the PTM forms...
[pTop] Init AA mass table...
[pTop] Add fixed modifications...
[pTop] Time elapsed: 0.934000 s
[pTop] Indexing...
[pTop] Begin to search...
[pTop] Search J:\pTop\Data\bigProtein\large140kda_20ev15ev.mgf
[pTop] Search finished!
[pTop] The results in J:\pTop\Data\bigProtein\large140kda_20ev15ev\search_task_20161202102830_query.txt
[pTop] Indexing...
[pTop] Begin to search...
[pTop] Search J:\pTop\Data\bigProtein\large140kda_20ev15ev.mgf
[pTop] Search finished!
[pTop] The results in J:\pTop\Data\bigProtein\large140kda_20ev15ev\search_task_20161202102830_query.txt
[pTop] Time elapsed: 71.611000 s
[pTop] Begin to filter...
[pTop] Fileter J:\pTop\Data\bigProtein\large140kda_20ev15ev\search_task_20161202102830_query.txt
[pTop] Read Search Results...
[pTop] Filter...
[pTop] Filter Score: 30.058042
[pTop] Total PSM number: 2
[pTop] Fileter finished!
[pTop] The results in J:\pTop\Data\bigProtein\large140kda_20ev15ev\search_task_20161202102830_filter.csv
[pTop] Output summary...
[pTop] Time elapsed: 71.631000 s
[pTop] Configure...
[pTop] Configure...
[pTop] Configure...
[pTop] Configure...
[pTop] Configure...
[pTop] Database: J:\pTop\安装测试\用户管理\JungKap Park\H_sapiens_Uniprot_SPROT_2015-10-14.fasta
[pTop] Getting the PTM forms...
[pTop] Init AA mass table...
[pTop] Add fixed modifications...
[pTop] Time elapsed: 118.697000 s
[pTop] Indexing...
[pTop] Begin to search...
[pTop] Search J:\pTop\安装测试\用户管理\JungKap Park\CPTAC_Intact_CR32B_24Aug15_Bane_15-02-06-RZ_CIDFT.pf2
[pTop] Configure...
[pTop] Database: J:\pTop\安装测试\用户管理\JungKap Park\H_sapiens_Uniprot_SPROT_2015-10-14.fasta
[pTop] Getting the PTM forms...
[pTop] Init AA mass table...
[pTop] Add fixed modifications...
[pTop] Time elapsed: 24.242000 s
[pTop] Indexing...
[pTop] Begin to search...
[pTop] Search J:\pTop\安装测试\用户管理\JungKap Park\CPTAC_Intact_CR32B_24Aug15_Bane_15-02-06-RZ_CIDFT.pf2
[pTop] Search finished!
[pTop] The results in J:\pTop\安装测试\用户管理\JungKap Park\CPTAC_Intact_CR32B_24Aug15_Bane_15-02-06-RZ_CIDFT\search_task_20170209165714_query.txt
[pTop] Indexing...
[pTop] Begin to search...
[pTop] Search J:\pTop\安装测试\用户管理\JungKap Park\CPTAC_Intact_CR32B_24Aug15_Bane_15-02-06-RZ_CIDFT.pf2
[pTop] Configure...
[pTop] Database: J:\pTop\安装测试\用户管理\JungKap Park\H_sapiens_Uniprot_SPROT_2015-10-14.fasta
[pTop] Getting the PTM forms...
[pTop] Init AA mass table...
[pTop] Add fixed modifications...
[pTop] Time elapsed: 13.252000 s
[pTop] Indexing...
[pTop] Begin to search...
[pTop] Search J:\pTop\安装测试\用户管理\JungKap Park\CPTAC_Intact_CR32B_24Aug15_Bane_15-02-06-RZ_CIDFT.pf2
[pTop] Search finished!
[pTop] The results in J:\pTop\安装测试\用户管理\JungKap Park\CPTAC_Intact_CR32B_24Aug15_Bane_15-02-06-RZ_CIDFT\search_task_20170209173635_query.txt
[pTop] Indexing...
[pTop] Begin to search...
[pTop] Search J:\pTop\安装测试\用户管理\JungKap Park\CPTAC_Intact_CR32B_24Aug15_Bane_15-02-06-RZ_CIDFT.pf2
[pTop] Configure...
[pTop] Database: J:\pTop\安装测试\用户管理\JungKap Park\H_sapiens_Uniprot_SPROT_2015-10-14.fasta
[pTop] Getting the PTM forms...
[pTop] Init AA mass table...
[pTop] Add fixed modifications...
[pTop] Time elapsed: 13.442000 s
[pTop] Indexing...
[pTop] Begin to search...
[pTop] Search J:\pTop\安装测试\用户管理\JungKap Park\CPTAC_Intact_CR32B_24Aug15_Bane_15-02-06-RZ_CIDFT.pf2
[pTop] Configure...
[pTop] Database: J:\pTop\Data\Yeast_HD\uniprot-proteome-Yeast.fasta
[pTop] Getting the PTM forms...
[pTop] Init AA mass table...
[pTop] Add fixed modifications...
[pTop] Time elapsed: 7.943000 s
[pTop] Indexing...
[pTop] Begin to search...
[pTop] Search J:\pTop\Data\Yeast_HD\20160306_YEAST_controlD_HD_A4_1_HCDFT.pf2
[pTop] Search finished!
[pTop] The results in J:\pTop\Data\Yeast_HD\20160306_YEAST_controlD_HD_A4_1_HCDFT\search_task_20170213091720_query.txt
[pTop] Time elapsed: 626.157000 s
[pTop] Begin to filter...
[pTop] Fileter J:\pTop\Data\Yeast_HD\20160306_YEAST_controlD_HD_A4_1_HCDFT\search_task_20170213091720_query.txt
[pTop] Read Search Results...
[pTop] Filter...
[pTop] Filter Score: 6.426787
[pTop] Total PSM number: 2734
[pTop] Fileter finished!
[pTop] The results in J:\pTop\Data\Yeast_HD\20160306_YEAST_controlD_HD_A4_1_HCDFT\search_task_20170213091720_filter.csv
[pTop] Output summary...
[pTop] Time elapsed: 626.397000 s
[pTop] Configure...
[pTop] Database: J:\pTop\Data\Yeast_HD\uniprot-proteome-Yeast.fasta
[pTop] Getting the PTM forms...
[pTop] Init AA mass table...
[pTop] Add fixed modifications...
[pTop] Time elapsed: 8.463000 s
[pTop] Indexing...
[pTop] Begin to search...
[pTop] Search J:\pTop\Data\Yeast_HD\20160306_YEAST_controlD_HD_A4_1_HCDFT.pf2
[pTop] Search finished!
[pTop] The results in J:\pTop\Data\Yeast_HD\20160306_YEAST_controlD_HD_A4_1_HCDFT\search_task_20170213094745_query.txt
[pTop] Time elapsed: 732.850000 s
[pTop] Begin to filter...
[pTop] Fileter J:\pTop\Data\Yeast_HD\20160306_YEAST_controlD_HD_A4_1_HCDFT\search_task_20170213094745_query.txt
[pTop] Read Search Results...
[pTop] Filter...
[pTop] Filter Score: 14.741667
[pTop] Total PSM number: 3172
[pTop] Fileter finished!
[pTop] The results in J:\pTop\Data\Yeast_HD\20160306_YEAST_controlD_HD_A4_1_HCDFT\search_task_20170213094745_filter.csv
[pTop] Output summary...
[pTop] Time elapsed: 733.376000 s
[pTop] Configure...
[pTop] Configure...
[pTop] Configure...
[pTop] Configure...
[pTop] Configure...
[pTop] Configure...
[pTop] Configure...
[pTop] Database: E:\pTop安装测试\Data\human_histones.fasta
[pTop] Getting the PTM forms...
[pTop] Init AA mass table...
[pTop] Add fixed modifications...
[pTop] Time elapsed: 1.064000 s
[pTop] Indexing...
