Build started 2016/12/2 9:55:28.
     1>Project "E:\pTop\kernel\pTop\pTop\pTop.vcxproj" on node 2 (Build target(s)).
     1>ClCompile:
         D:\Program Files (x86)\Microsoft Visual Studio 12.0\VC\bin\CL.exe /c /ZI /nologo /W3 /WX- /Od /Oy- /D WIN32 /D _DEBUG /D _CONSOLE /Gm /EHsc /RTC1 /MDd /GS /fp:precise /Zc:wchar_t /Zc:forScope /Fo"Debug\\" /Fd"Debug\vc120.pdb" /Gd /TP /analyze- /errorReport:prompt MainFlow.cpp
         MainFlow.cpp
     1>e:\ptop\kernel\ptop\ptop\basictools.h(110): warning C4996: 'access': The POSIX name for this item is deprecated. Instead, use the ISO C++ conformant name: _access. See online help for details.
                 d:\program files (x86)\microsoft visual studio 12.0\vc\include\io.h(323) : see declaration of 'access'
     1>e:\ptop\kernel\ptop\ptop\basictools.h(113): warning C4996: 'mkdir': The POSIX name for this item is deprecated. Instead, use the ISO C++ conformant name: _mkdir. See online help for details.
                 d:\program files (x86)\microsoft visual studio 12.0\vc\include\direct.h(140) : see declaration of 'mkdir'
     1>e:\ptop\kernel\ptop\ptop\mainflow.cpp(73): warning C4996: 'fopen': This function or variable may be unsafe. Consider using fopen_s instead. To disable deprecation, use _CRT_SECURE_NO_WARNINGS. See online help for details.
                 d:\program files (x86)\microsoft visual studio 12.0\vc\include\stdio.h(211) : see declaration of 'fopen'
     1>e:\ptop\kernel\ptop\ptop\mainflow.cpp(77): warning C4996: 'fopen': This function or variable may be unsafe. Consider using fopen_s instead. To disable deprecation, use _CRT_SECURE_NO_WARNINGS. See online help for details.
                 d:\program files (x86)\microsoft visual studio 12.0\vc\include\stdio.h(211) : see declaration of 'fopen'
     1>e:\ptop\kernel\ptop\ptop\mainflow.cpp(270): warning C4996: 'sprintf': This function or variable may be unsafe. Consider using sprintf_s instead. To disable deprecation, use _CRT_SECURE_NO_WARNINGS. See online help for details.
                 d:\program files (x86)\microsoft visual studio 12.0\vc\include\stdio.h(356) : see declaration of 'sprintf'
     1>e:\ptop\kernel\ptop\ptop\mainflow.cpp(538): warning C4996: 'fopen': This function or variable may be unsafe. Consider using fopen_s instead. To disable deprecation, use _CRT_SECURE_NO_WARNINGS. See online help for details.
                 d:\program files (x86)\microsoft visual studio 12.0\vc\include\stdio.h(211) : see declaration of 'fopen'
     1>e:\ptop\kernel\ptop\ptop\mainflow.cpp(555): warning C4996: 'fopen': This function or variable may be unsafe. Consider using fopen_s instead. To disable deprecation, use _CRT_SECURE_NO_WARNINGS. See online help for details.
                 d:\program files (x86)\microsoft visual studio 12.0\vc\include\stdio.h(211) : see declaration of 'fopen'
     1>e:\ptop\kernel\ptop\ptop\mainflow.cpp(662): warning C4996: 'fopen': This function or variable may be unsafe. Consider using fopen_s instead. To disable deprecation, use _CRT_SECURE_NO_WARNINGS. See online help for details.
                 d:\program files (x86)\microsoft visual studio 12.0\vc\include\stdio.h(211) : see declaration of 'fopen'
     1>e:\ptop\kernel\ptop\ptop\mainflow.cpp(678): warning C4996: 'fopen': This function or variable may be unsafe. Consider using fopen_s instead. To disable deprecation, use _CRT_SECURE_NO_WARNINGS. See online help for details.
                 d:\program files (x86)\microsoft visual studio 12.0\vc\include\stdio.h(211) : see declaration of 'fopen'
     1>e:\ptop\kernel\ptop\ptop\mainflow.cpp(757): warning C4996: 'fopen': This function or variable may be unsafe. Consider using fopen_s instead. To disable deprecation, use _CRT_SECURE_NO_WARNINGS. See online help for details.
                 d:\program files (x86)\microsoft visual studio 12.0\vc\include\stdio.h(211) : see declaration of 'fopen'
     1>e:\ptop\kernel\ptop\ptop\mainflow.cpp(895): warning C4996: 'fopen': This function or variable may be unsafe. Consider using fopen_s instead. To disable deprecation, use _CRT_SECURE_NO_WARNINGS. See online help for details.
                 d:\program files (x86)\microsoft visual studio 12.0\vc\include\stdio.h(211) : see declaration of 'fopen'
       Link:
         D:\Program Files (x86)\Microsoft Visual Studio 12.0\VC\bin\link.exe /ERRORREPORT:PROMPT /OUT:"E:\pTop\kernel\pTop\Debug\pTop.exe" /INCREMENTAL /NOLOGO kernel32.lib user32.lib gdi32.lib winspool.lib comdlg32.lib advapi32.lib shell32.lib ole32.lib oleaut32.lib uuid.lib odbc32.lib odbccp32.lib /MANIFEST /MANIFESTUAC:"level='asInvoker' uiAccess='false'" /manifest:embed /DEBUG /PDB:"E:\pTop\kernel\pTop\Debug\pTop.pdb" /SUBSYSTEM:CONSOLE /TLBID:1 /DYNAMICBASE /NXCOMPAT /IMPLIB:"E:\pTop\kernel\pTop\Debug\pTop.lib" /MACHINE:X86 Debug\BasicTools.obj
         Debug\Configuration.obj
         Debug\CreateIndex.obj
         Debug\main.obj
         Debug\MainFlow.obj
         Debug\MapAAMass.obj
         Debug\PrePTMForm.obj
         Debug\ResFilter.obj
         Debug\SearchEngine.obj
         Debug\TagFlow.obj
         Debug\TAGPriorityQueue.obj
         Debug\TagSearcher.obj
         Debug\test.obj
         pTop.vcxproj -> E:\pTop\kernel\pTop\Debug\pTop.exe
     1>Done Building Project "E:\pTop\kernel\pTop\pTop\pTop.vcxproj" (Build target(s)).

Build succeeded.

Time Elapsed 00:00:02.37
