e:\ptop\kernel\ptop\ptop\debug\basictools.obj
e:\ptop\kernel\ptop\ptop\debug\configuration.obj
e:\ptop\kernel\ptop\ptop\debug\createindex.obj
e:\ptop\kernel\ptop\ptop\debug\main.obj
e:\ptop\kernel\ptop\ptop\debug\mapaamass.obj
e:\ptop\kernel\ptop\ptop\debug\preptmform.obj
e:\ptop\kernel\ptop\ptop\debug\resfilter.obj
e:\ptop\kernel\ptop\ptop\debug\searchengine.obj
e:\ptop\kernel\ptop\ptop\debug\tagflow.obj
e:\ptop\kernel\ptop\ptop\debug\tagpriorityqueue.obj
e:\ptop\kernel\ptop\ptop\debug\tagsearcher.obj
e:\ptop\kernel\ptop\ptop\debug\test.obj
e:\ptop\kernel\ptop\ptop\debug\mainflow.obj
e:\ptop\kernel\ptop\ptop\debug\vc110.pdb
e:\ptop\kernel\ptop\debug\ptop.ilk
e:\ptop\kernel\ptop\debug\ptop.exe
e:\ptop\kernel\ptop\debug\ptop.pdb
e:\ptop\kernel\ptop\ptop\debug\vc120.pdb
e:\ptop\kernel\ptop\ptop\debug\vc120.idb
e:\ptop\kernel\ptop\ptop\debug\cl.command.1.tlog
e:\ptop\kernel\ptop\ptop\debug\cl.read.1.tlog
e:\ptop\kernel\ptop\ptop\debug\cl.write.1.tlog
e:\ptop\kernel\ptop\ptop\debug\link-cvtres.read.1.tlog
e:\ptop\kernel\ptop\ptop\debug\link-cvtres.write.1.tlog
e:\ptop\kernel\ptop\ptop\debug\link-rc.read.1.tlog
e:\ptop\kernel\ptop\ptop\debug\link-rc.write.1.tlog
e:\ptop\kernel\ptop\ptop\debug\link.72432-cvtres.read.1.tlog
e:\ptop\kernel\ptop\ptop\debug\link.72432-cvtres.write.1.tlog
e:\ptop\kernel\ptop\ptop\debug\link.72432-rc.read.1.tlog
e:\ptop\kernel\ptop\ptop\debug\link.72432-rc.write.1.tlog
e:\ptop\kernel\ptop\ptop\debug\link.72432.read.1.tlog
e:\ptop\kernel\ptop\ptop\debug\link.72432.write.1.tlog
e:\ptop\kernel\ptop\ptop\debug\link.79056-cvtres.read.1.tlog
e:\ptop\kernel\ptop\ptop\debug\link.79056-cvtres.write.1.tlog
e:\ptop\kernel\ptop\ptop\debug\link.79056-rc.read.1.tlog
e:\ptop\kernel\ptop\ptop\debug\link.79056-rc.write.1.tlog
e:\ptop\kernel\ptop\ptop\debug\link.79056.read.1.tlog
e:\ptop\kernel\ptop\ptop\debug\link.79056.write.1.tlog
e:\ptop\kernel\ptop\ptop\debug\link.command.1.tlog
e:\ptop\kernel\ptop\ptop\debug\link.read.1.tlog
e:\ptop\kernel\ptop\ptop\debug\link.write.1.tlog
e:\ptop\kernel\ptop\ptop\debug\vc110.idb
e:\ptop\kernel\ptop\ptop\debug\ptop.tlog\cl.command.1.tlog
e:\ptop\kernel\ptop\ptop\debug\ptop.tlog\cl.read.1.tlog
e:\ptop\kernel\ptop\ptop\debug\ptop.tlog\cl.write.1.tlog
e:\ptop\kernel\ptop\ptop\debug\ptop.tlog\link.command.1.tlog
e:\ptop\kernel\ptop\ptop\debug\ptop.tlog\link.read.1.tlog
e:\ptop\kernel\ptop\ptop\debug\ptop.tlog\link.write.1.tlog
