e:\个人文件整理\源程序\kernel\ptop 2.0\ptop\x64\debug\vc140.pdb
e:\个人文件整理\源程序\kernel\ptop 2.0\ptop\x64\debug\vc140.idb
e:\个人文件整理\源程序\kernel\ptop 2.0\ptop\x64\debug\fragmentindex.obj
e:\个人文件整理\源程序\kernel\ptop 2.0\ptop\x64\debug\linear.obj
e:\个人文件整理\源程序\kernel\ptop 2.0\ptop\x64\debug\rerank.obj
e:\个人文件整理\源程序\kernel\ptop 2.0\ptop\x64\debug\tron.obj
e:\个人文件整理\源程序\kernel\ptop 2.0\ptop\x64\debug\util.obj
e:\个人文件整理\源程序\kernel\ptop 2.0\ptop\x64\debug\config.obj
e:\个人文件整理\源程序\kernel\ptop 2.0\ptop\x64\debug\createindex.obj
e:\个人文件整理\源程序\kernel\ptop 2.0\ptop\x64\debug\file_utils.obj
e:\个人文件整理\源程序\kernel\ptop 2.0\ptop\x64\debug\main.obj
e:\个人文件整理\源程序\kernel\ptop 2.0\ptop\x64\debug\mainflow.obj
e:\个人文件整理\源程序\kernel\ptop 2.0\ptop\x64\debug\mapaamass.obj
e:\个人文件整理\源程序\kernel\ptop 2.0\ptop\x64\debug\preptmform.obj
e:\个人文件整理\源程序\kernel\ptop 2.0\ptop\x64\debug\quantify.obj
e:\个人文件整理\源程序\kernel\ptop 2.0\ptop\x64\debug\filter.obj
e:\个人文件整理\源程序\kernel\ptop 2.0\ptop\x64\debug\sdk.obj
e:\个人文件整理\源程序\kernel\ptop 2.0\ptop\x64\debug\searcher.obj
e:\个人文件整理\源程序\kernel\ptop 2.0\ptop\x64\debug\tagflow.obj
e:\个人文件整理\源程序\kernel\ptop 2.0\ptop\x64\debug\tagpriorityqueue.obj
e:\个人文件整理\源程序\kernel\ptop 2.0\ptop\x64\debug\tagsearcher.obj
e:\个人文件整理\源程序\kernel\ptop 2.0\ptop\x64\debug\test.obj
e:\个人文件整理\源程序\kernel\ptop 2.0\ptop\x64\debug\daxpy.obj
e:\个人文件整理\源程序\kernel\ptop 2.0\ptop\x64\debug\ddot.obj
e:\个人文件整理\源程序\kernel\ptop 2.0\ptop\x64\debug\dnrm2.obj
e:\个人文件整理\源程序\kernel\ptop 2.0\ptop\x64\debug\dscal.obj
e:\个人文件整理\源程序\kernel\ptop 2.0\ptop\x64\debug\predict.obj
e:\个人文件整理\源程序\kernel\ptop 2.0\ptop\x64\debug\train.obj
e:\个人文件整理\源程序\kernel\ptop 2.0\x64\debug\ptop.ilk
e:\个人文件整理\源程序\kernel\ptop 2.0\x64\debug\ptop.exe
e:\个人文件整理\源程序\kernel\ptop 2.0\x64\debug\ptop.pdb
e:\个人文件整理\源程序\kernel\ptop 2.0\ptop\x64\debug\ptop.tlog\cl.command.1.tlog
e:\个人文件整理\源程序\kernel\ptop 2.0\ptop\x64\debug\ptop.tlog\cl.read.1.tlog
e:\个人文件整理\源程序\kernel\ptop 2.0\ptop\x64\debug\ptop.tlog\cl.write.1.tlog
e:\个人文件整理\源程序\kernel\ptop 2.0\ptop\x64\debug\ptop.tlog\link.command.1.tlog
e:\个人文件整理\源程序\kernel\ptop 2.0\ptop\x64\debug\ptop.tlog\link.read.1.tlog
e:\个人文件整理\源程序\kernel\ptop 2.0\ptop\x64\debug\ptop.tlog\link.write.1.tlog
