  util.cpp
e:\个人文件整理\源程序\kernel\ptop 2.0\ptop\util.h(369): warning C4996: 'access': The POSIX name for this item is deprecated. Instead, use the ISO C and C++ conformant name: _access. See online help for details.
  c:\program files (x86)\windows kits\10\include\10.0.10240.0\ucrt\corecrt_io.h(439): note: 参见“access”的声明
e:\个人文件整理\源程序\kernel\ptop 2.0\ptop\util.h(372): warning C4996: 'mkdir': The POSIX name for this item is deprecated. Instead, use the ISO C and C++ conformant name: _mkdir. See online help for details.
  c:\program files (x86)\windows kits\10\include\10.0.10240.0\ucrt\direct.h(108): note: 参见“mkdir”的声明
e:\个人文件整理\源程序\kernel\ptop 2.0\ptop\util.cpp(88): warning C4996: 'fopen': This function or variable may be unsafe. Consider using fopen_s instead. To disable deprecation, use _CRT_SECURE_NO_WARNINGS. See online help for details.
  c:\program files (x86)\windows kits\10\include\10.0.10240.0\ucrt\stdio.h(205): note: 参见“fopen”的声明
e:\个人文件整理\源程序\kernel\ptop 2.0\ptop\util.cpp(234): warning C4996: 'vsprintf': This function or variable may be unsafe. Consider using vsprintf_s instead. To disable deprecation, use _CRT_SECURE_NO_WARNINGS. See online help for details.
  c:\program files (x86)\windows kits\10\include\10.0.10240.0\ucrt\stdio.h(1465): note: 参见“vsprintf”的声明
e:\个人文件整理\源程序\kernel\ptop 2.0\ptop\util.cpp(250): warning C4996: 'vsprintf': This function or variable may be unsafe. Consider using vsprintf_s instead. To disable deprecation, use _CRT_SECURE_NO_WARNINGS. See online help for details.
  c:\program files (x86)\windows kits\10\include\10.0.10240.0\ucrt\stdio.h(1465): note: 参见“vsprintf”的声明
e:\个人文件整理\源程序\kernel\ptop 2.0\ptop\util.cpp(266): warning C4996: 'vsprintf': This function or variable may be unsafe. Consider using vsprintf_s instead. To disable deprecation, use _CRT_SECURE_NO_WARNINGS. See online help for details.
  c:\program files (x86)\windows kits\10\include\10.0.10240.0\ucrt\stdio.h(1465): note: 参见“vsprintf”的声明
e:\个人文件整理\源程序\kernel\ptop 2.0\ptop\util.cpp(282): warning C4996: 'vsprintf': This function or variable may be unsafe. Consider using vsprintf_s instead. To disable deprecation, use _CRT_SECURE_NO_WARNINGS. See online help for details.
  c:\program files (x86)\windows kits\10\include\10.0.10240.0\ucrt\stdio.h(1465): note: 参见“vsprintf”的声明
e:\个人文件整理\源程序\kernel\ptop 2.0\ptop\util.cpp(375): warning C4996: 'ctime': This function or variable may be unsafe. Consider using ctime_s instead. To disable deprecation, use _CRT_SECURE_NO_WARNINGS. See online help for details.
  c:\program files (x86)\windows kits\10\include\10.0.10240.0\ucrt\time.h(475): note: 参见“ctime”的声明
e:\个人文件整理\源程序\kernel\ptop 2.0\ptop\util.cpp(384): warning C4996: 'ctime': This function or variable may be unsafe. Consider using ctime_s instead. To disable deprecation, use _CRT_SECURE_NO_WARNINGS. See online help for details.
  c:\program files (x86)\windows kits\10\include\10.0.10240.0\ucrt\time.h(475): note: 参见“ctime”的声明
e:\个人文件整理\源程序\kernel\ptop 2.0\ptop\util.cpp(411): warning C4996: 'fopen': This function or variable may be unsafe. Consider using fopen_s instead. To disable deprecation, use _CRT_SECURE_NO_WARNINGS. See online help for details.
  c:\program files (x86)\windows kits\10\include\10.0.10240.0\ucrt\stdio.h(205): note: 参见“fopen”的声明
e:\个人文件整理\源程序\kernel\ptop 2.0\ptop\util.cpp(414): warning C4996: 'strcpy': This function or variable may be unsafe. Consider using strcpy_s instead. To disable deprecation, use _CRT_SECURE_NO_WARNINGS. See online help for details.
  c:\program files (x86)\windows kits\10\include\10.0.10240.0\ucrt\string.h(119): note: 参见“strcpy”的声明
e:\个人文件整理\源程序\kernel\ptop 2.0\ptop\util.cpp(468): warning C4996: 'strcpy': This function or variable may be unsafe. Consider using strcpy_s instead. To disable deprecation, use _CRT_SECURE_NO_WARNINGS. See online help for details.
  c:\program files (x86)\windows kits\10\include\10.0.10240.0\ucrt\string.h(119): note: 参见“strcpy”的声明
e:\个人文件整理\源程序\kernel\ptop 2.0\ptop\util.cpp(473): warning C4996: 'strcpy': This function or variable may be unsafe. Consider using strcpy_s instead. To disable deprecation, use _CRT_SECURE_NO_WARNINGS. See online help for details.
  c:\program files (x86)\windows kits\10\include\10.0.10240.0\ucrt\string.h(119): note: 参见“strcpy”的声明
e:\个人文件整理\源程序\kernel\ptop 2.0\ptop\util.cpp(478): warning C4996: 'strcpy': This function or variable may be unsafe. Consider using strcpy_s instead. To disable deprecation, use _CRT_SECURE_NO_WARNINGS. See online help for details.
  c:\program files (x86)\windows kits\10\include\10.0.10240.0\ucrt\string.h(119): note: 参见“strcpy”的声明
e:\个人文件整理\源程序\kernel\ptop 2.0\ptop\util.cpp(555): warning C4267: “=”: 从“size_t”转换到“int”，可能丢失数据
e:\个人文件整理\源程序\kernel\ptop 2.0\ptop\util.cpp(734): warning C4996: 'ctime': This function or variable may be unsafe. Consider using ctime_s instead. To disable deprecation, use _CRT_SECURE_NO_WARNINGS. See online help for details.
  c:\program files (x86)\windows kits\10\include\10.0.10240.0\ucrt\time.h(475): note: 参见“ctime”的声明
  Rerank.cpp
e:\个人文件整理\源程序\kernel\ptop 2.0\ptop\util.h(369): warning C4996: 'access': The POSIX name for this item is deprecated. Instead, use the ISO C and C++ conformant name: _access. See online help for details.
  c:\program files (x86)\windows kits\10\include\10.0.10240.0\ucrt\corecrt_io.h(439): note: 参见“access”的声明
e:\个人文件整理\源程序\kernel\ptop 2.0\ptop\util.h(372): warning C4996: 'mkdir': The POSIX name for this item is deprecated. Instead, use the ISO C and C++ conformant name: _mkdir. See online help for details.
  c:\program files (x86)\windows kits\10\include\10.0.10240.0\ucrt\direct.h(108): note: 参见“mkdir”的声明
e:\个人文件整理\源程序\kernel\ptop 2.0\ptop\rerank\rerank.cpp(47): warning C4267: “初始化”: 从“size_t”转换到“int”，可能丢失数据
e:\个人文件整理\源程序\kernel\ptop 2.0\ptop\rerank\rerank.cpp(78): warning C4996: 'fopen': This function or variable may be unsafe. Consider using fopen_s instead. To disable deprecation, use _CRT_SECURE_NO_WARNINGS. See online help for details.
  c:\program files (x86)\windows kits\10\include\10.0.10240.0\ucrt\stdio.h(205): note: 参见“fopen”的声明
e:\个人文件整理\源程序\kernel\ptop 2.0\ptop\rerank\rerank.cpp(84): warning C4996: 'fopen': This function or variable may be unsafe. Consider using fopen_s instead. To disable deprecation, use _CRT_SECURE_NO_WARNINGS. See online help for details.
  c:\program files (x86)\windows kits\10\include\10.0.10240.0\ucrt\stdio.h(205): note: 参见“fopen”的声明
e:\个人文件整理\源程序\kernel\ptop 2.0\ptop\rerank\rerank.cpp(93): warning C4996: 'sprintf': This function or variable may be unsafe. Consider using sprintf_s instead. To disable deprecation, use _CRT_SECURE_NO_WARNINGS. See online help for details.
  c:\program files (x86)\windows kits\10\include\10.0.10240.0\ucrt\stdio.h(1769): note: 参见“sprintf”的声明
e:\个人文件整理\源程序\kernel\ptop 2.0\ptop\rerank\rerank.cpp(95): warning C4996: 'sprintf': This function or variable may be unsafe. Consider using sprintf_s instead. To disable deprecation, use _CRT_SECURE_NO_WARNINGS. See online help for details.
  c:\program files (x86)\windows kits\10\include\10.0.10240.0\ucrt\stdio.h(1769): note: 参见“sprintf”的声明
e:\个人文件整理\源程序\kernel\ptop 2.0\ptop\rerank\rerank.cpp(97): warning C4996: 'sprintf': This function or variable may be unsafe. Consider using sprintf_s instead. To disable deprecation, use _CRT_SECURE_NO_WARNINGS. See online help for details.
  c:\program files (x86)\windows kits\10\include\10.0.10240.0\ucrt\stdio.h(1769): note: 参见“sprintf”的声明
e:\个人文件整理\源程序\kernel\ptop 2.0\ptop\rerank\rerank.cpp(111): warning C4996: 'sprintf': This function or variable may be unsafe. Consider using sprintf_s instead. To disable deprecation, use _CRT_SECURE_NO_WARNINGS. See online help for details.
  c:\program files (x86)\windows kits\10\include\10.0.10240.0\ucrt\stdio.h(1769): note: 参见“sprintf”的声明
e:\个人文件整理\源程序\kernel\ptop 2.0\ptop\rerank\rerank.cpp(113): warning C4996: 'sprintf': This function or variable may be unsafe. Consider using sprintf_s instead. To disable deprecation, use _CRT_SECURE_NO_WARNINGS. See online help for details.
  c:\program files (x86)\windows kits\10\include\10.0.10240.0\ucrt\stdio.h(1769): note: 参见“sprintf”的声明
e:\个人文件整理\源程序\kernel\ptop 2.0\ptop\rerank\rerank.cpp(115): warning C4996: 'sprintf': This function or variable may be unsafe. Consider using sprintf_s instead. To disable deprecation, use _CRT_SECURE_NO_WARNINGS. See online help for details.
  c:\program files (x86)\windows kits\10\include\10.0.10240.0\ucrt\stdio.h(1769): note: 参见“sprintf”的声明
e:\个人文件整理\源程序\kernel\ptop 2.0\ptop\rerank\rerank.cpp(133): warning C4996: 'fopen': This function or variable may be unsafe. Consider using fopen_s instead. To disable deprecation, use _CRT_SECURE_NO_WARNINGS. See online help for details.
  c:\program files (x86)\windows kits\10\include\10.0.10240.0\ucrt\stdio.h(205): note: 参见“fopen”的声明
e:\个人文件整理\源程序\kernel\ptop 2.0\ptop\rerank\rerank.cpp(168): warning C4996: 'fopen': This function or variable may be unsafe. Consider using fopen_s instead. To disable deprecation, use _CRT_SECURE_NO_WARNINGS. See online help for details.
  c:\program files (x86)\windows kits\10\include\10.0.10240.0\ucrt\stdio.h(205): note: 参见“fopen”的声明
e:\个人文件整理\源程序\kernel\ptop 2.0\ptop\rerank\rerank.cpp(195): warning C4996: 'fopen': This function or variable may be unsafe. Consider using fopen_s instead. To disable deprecation, use _CRT_SECURE_NO_WARNINGS. See online help for details.
  c:\program files (x86)\windows kits\10\include\10.0.10240.0\ucrt\stdio.h(205): note: 参见“fopen”的声明
e:\个人文件整理\源程序\kernel\ptop 2.0\ptop\rerank\rerank.cpp(197): warning C4996: 'fscanf': This function or variable may be unsafe. Consider using fscanf_s instead. To disable deprecation, use _CRT_SECURE_NO_WARNINGS. See online help for details.
  c:\program files (x86)\windows kits\10\include\10.0.10240.0\ucrt\stdio.h(1193): note: 参见“fscanf”的声明
e:\个人文件整理\源程序\kernel\ptop 2.0\ptop\rerank\rerank.cpp(283): warning C4267: “初始化”: 从“size_t”转换到“int”，可能丢失数据
e:\个人文件整理\源程序\kernel\ptop 2.0\ptop\rerank\rerank.cpp(422): warning C4244: “参数”: 从“double”转换到“unsigned __int64”，可能丢失数据
e:\个人文件整理\源程序\kernel\ptop 2.0\ptop\rerank\rerank.cpp(447): warning C4267: “参数”: 从“size_t”转换到“int”，可能丢失数据
e:\个人文件整理\源程序\kernel\ptop 2.0\ptop\rerank\rerank.cpp(465): warning C4267: “参数”: 从“size_t”转换到“int”，可能丢失数据
e:\个人文件整理\源程序\kernel\ptop 2.0\ptop\rerank\rerank.cpp(488): warning C4267: “参数”: 从“size_t”转换到“int”，可能丢失数据
e:\个人文件整理\源程序\kernel\ptop 2.0\ptop\rerank\rerank.cpp(535): warning C4996: 'fopen': This function or variable may be unsafe. Consider using fopen_s instead. To disable deprecation, use _CRT_SECURE_NO_WARNINGS. See online help for details.
  c:\program files (x86)\windows kits\10\include\10.0.10240.0\ucrt\stdio.h(205): note: 参见“fopen”的声明
e:\个人文件整理\源程序\kernel\ptop 2.0\ptop\rerank\rerank.cpp(571): warning C4996: 'strncpy': This function or variable may be unsafe. Consider using strncpy_s instead. To disable deprecation, use _CRT_SECURE_NO_WARNINGS. See online help for details.
  c:\program files (x86)\windows kits\10\include\10.0.10240.0\ucrt\string.h(346): note: 参见“strncpy”的声明
e:\个人文件整理\源程序\kernel\ptop 2.0\ptop\rerank\rerank.cpp(580): warning C4996: 'strncpy': This function or variable may be unsafe. Consider using strncpy_s instead. To disable deprecation, use _CRT_SECURE_NO_WARNINGS. See online help for details.
  c:\program files (x86)\windows kits\10\include\10.0.10240.0\ucrt\string.h(346): note: 参见“strncpy”的声明
e:\个人文件整理\源程序\kernel\ptop 2.0\ptop\rerank\rerank.cpp(724): warning C4996: 'fopen': This function or variable may be unsafe. Consider using fopen_s instead. To disable deprecation, use _CRT_SECURE_NO_WARNINGS. See online help for details.
  c:\program files (x86)\windows kits\10\include\10.0.10240.0\ucrt\stdio.h(205): note: 参见“fopen”的声明
e:\个人文件整理\源程序\kernel\ptop 2.0\ptop\rerank\rerank.cpp(735): warning C4996: 'fopen': This function or variable may be unsafe. Consider using fopen_s instead. To disable deprecation, use _CRT_SECURE_NO_WARNINGS. See online help for details.
  c:\program files (x86)\windows kits\10\include\10.0.10240.0\ucrt\stdio.h(205): note: 参见“fopen”的声明
e:\个人文件整理\源程序\kernel\ptop 2.0\ptop\rerank\rerank.cpp(757): warning C4996: 'sprintf': This function or variable may be unsafe. Consider using sprintf_s instead. To disable deprecation, use _CRT_SECURE_NO_WARNINGS. See online help for details.
  c:\program files (x86)\windows kits\10\include\10.0.10240.0\ucrt\stdio.h(1769): note: 参见“sprintf”的声明
e:\个人文件整理\源程序\kernel\ptop 2.0\ptop\rerank\rerank.cpp(760): warning C4996: 'sprintf': This function or variable may be unsafe. Consider using sprintf_s instead. To disable deprecation, use _CRT_SECURE_NO_WARNINGS. See online help for details.
  c:\program files (x86)\windows kits\10\include\10.0.10240.0\ucrt\stdio.h(1769): note: 参见“sprintf”的声明
e:\个人文件整理\源程序\kernel\ptop 2.0\ptop\rerank\rerank.cpp(762): warning C4996: 'sprintf': This function or variable may be unsafe. Consider using sprintf_s instead. To disable deprecation, use _CRT_SECURE_NO_WARNINGS. See online help for details.
  c:\program files (x86)\windows kits\10\include\10.0.10240.0\ucrt\stdio.h(1769): note: 参见“sprintf”的声明
e:\个人文件整理\源程序\kernel\ptop 2.0\ptop\rerank\rerank.cpp(763): warning C4996: 'sprintf': This function or variable may be unsafe. Consider using sprintf_s instead. To disable deprecation, use _CRT_SECURE_NO_WARNINGS. See online help for details.
  c:\program files (x86)\windows kits\10\include\10.0.10240.0\ucrt\stdio.h(1769): note: 参见“sprintf”的声明
e:\个人文件整理\源程序\kernel\ptop 2.0\ptop\rerank\rerank.cpp(764): warning C4996: 'sprintf': This function or variable may be unsafe. Consider using sprintf_s instead. To disable deprecation, use _CRT_SECURE_NO_WARNINGS. See online help for details.
  c:\program files (x86)\windows kits\10\include\10.0.10240.0\ucrt\stdio.h(1769): note: 参见“sprintf”的声明
e:\个人文件整理\源程序\kernel\ptop 2.0\ptop\rerank\rerank.cpp(765): warning C4996: 'sprintf': This function or variable may be unsafe. Consider using sprintf_s instead. To disable deprecation, use _CRT_SECURE_NO_WARNINGS. See online help for details.
  c:\program files (x86)\windows kits\10\include\10.0.10240.0\ucrt\stdio.h(1769): note: 参见“sprintf”的声明
e:\个人文件整理\源程序\kernel\ptop 2.0\ptop\rerank\rerank.cpp(768): warning C4996: 'sprintf': This function or variable may be unsafe. Consider using sprintf_s instead. To disable deprecation, use _CRT_SECURE_NO_WARNINGS. See online help for details.
  c:\program files (x86)\windows kits\10\include\10.0.10240.0\ucrt\stdio.h(1769): note: 参见“sprintf”的声明
e:\个人文件整理\源程序\kernel\ptop 2.0\ptop\rerank\rerank.cpp(770): warning C4996: 'sprintf': This function or variable may be unsafe. Consider using sprintf_s instead. To disable deprecation, use _CRT_SECURE_NO_WARNINGS. See online help for details.
  c:\program files (x86)\windows kits\10\include\10.0.10240.0\ucrt\stdio.h(1769): note: 参见“sprintf”的声明
e:\个人文件整理\源程序\kernel\ptop 2.0\ptop\rerank\rerank.cpp(771): warning C4996: 'sprintf': This function or variable may be unsafe. Consider using sprintf_s instead. To disable deprecation, use _CRT_SECURE_NO_WARNINGS. See online help for details.
  c:\program files (x86)\windows kits\10\include\10.0.10240.0\ucrt\stdio.h(1769): note: 参见“sprintf”的声明
e:\个人文件整理\源程序\kernel\ptop 2.0\ptop\rerank\rerank.cpp(791): warning C4996: 'sprintf': This function or variable may be unsafe. Consider using sprintf_s instead. To disable deprecation, use _CRT_SECURE_NO_WARNINGS. See online help for details.
  c:\program files (x86)\windows kits\10\include\10.0.10240.0\ucrt\stdio.h(1769): note: 参见“sprintf”的声明
e:\个人文件整理\源程序\kernel\ptop 2.0\ptop\rerank\rerank.cpp(796): warning C4996: 'sprintf': This function or variable may be unsafe. Consider using sprintf_s instead. To disable deprecation, use _CRT_SECURE_NO_WARNINGS. See online help for details.
  c:\program files (x86)\windows kits\10\include\10.0.10240.0\ucrt\stdio.h(1769): note: 参见“sprintf”的声明
e:\个人文件整理\源程序\kernel\ptop 2.0\ptop\rerank\rerank.cpp(798): warning C4996: 'sprintf': This function or variable may be unsafe. Consider using sprintf_s instead. To disable deprecation, use _CRT_SECURE_NO_WARNINGS. See online help for details.
  c:\program files (x86)\windows kits\10\include\10.0.10240.0\ucrt\stdio.h(1769): note: 参见“sprintf”的声明
e:\个人文件整理\源程序\kernel\ptop 2.0\ptop\rerank\rerank.cpp(799): warning C4996: 'sprintf': This function or variable may be unsafe. Consider using sprintf_s instead. To disable deprecation, use _CRT_SECURE_NO_WARNINGS. See online help for details.
  c:\program files (x86)\windows kits\10\include\10.0.10240.0\ucrt\stdio.h(1769): note: 参见“sprintf”的声明
e:\个人文件整理\源程序\kernel\ptop 2.0\ptop\rerank\rerank.cpp(800): warning C4996: 'sprintf': This function or variable may be unsafe. Consider using sprintf_s instead. To disable deprecation, use _CRT_SECURE_NO_WARNINGS. See online help for details.
  c:\program files (x86)\windows kits\10\include\10.0.10240.0\ucrt\stdio.h(1769): note: 参见“sprintf”的声明
e:\个人文件整理\源程序\kernel\ptop 2.0\ptop\rerank\rerank.cpp(801): warning C4996: 'sprintf': This function or variable may be unsafe. Consider using sprintf_s instead. To disable deprecation, use _CRT_SECURE_NO_WARNINGS. See online help for details.
  c:\program files (x86)\windows kits\10\include\10.0.10240.0\ucrt\stdio.h(1769): note: 参见“sprintf”的声明
e:\个人文件整理\源程序\kernel\ptop 2.0\ptop\rerank\rerank.cpp(804): warning C4996: 'sprintf': This function or variable may be unsafe. Consider using sprintf_s instead. To disable deprecation, use _CRT_SECURE_NO_WARNINGS. See online help for details.
  c:\program files (x86)\windows kits\10\include\10.0.10240.0\ucrt\stdio.h(1769): note: 参见“sprintf”的声明
e:\个人文件整理\源程序\kernel\ptop 2.0\ptop\rerank\rerank.cpp(806): warning C4996: 'sprintf': This function or variable may be unsafe. Consider using sprintf_s instead. To disable deprecation, use _CRT_SECURE_NO_WARNINGS. See online help for details.
  c:\program files (x86)\windows kits\10\include\10.0.10240.0\ucrt\stdio.h(1769): note: 参见“sprintf”的声明
e:\个人文件整理\源程序\kernel\ptop 2.0\ptop\rerank\rerank.cpp(807): warning C4996: 'sprintf': This function or variable may be unsafe. Consider using sprintf_s instead. To disable deprecation, use _CRT_SECURE_NO_WARNINGS. See online help for details.
  c:\program files (x86)\windows kits\10\include\10.0.10240.0\ucrt\stdio.h(1769): note: 参见“sprintf”的声明
  Filter.cpp
e:\个人文件整理\源程序\kernel\ptop 2.0\ptop\util.h(369): warning C4996: 'access': The POSIX name for this item is deprecated. Instead, use the ISO C and C++ conformant name: _access. See online help for details.
  c:\program files (x86)\windows kits\10\include\10.0.10240.0\ucrt\corecrt_io.h(439): note: 参见“access”的声明
e:\个人文件整理\源程序\kernel\ptop 2.0\ptop\util.h(372): warning C4996: 'mkdir': The POSIX name for this item is deprecated. Instead, use the ISO C and C++ conformant name: _mkdir. See online help for details.
  c:\program files (x86)\windows kits\10\include\10.0.10240.0\ucrt\direct.h(108): note: 参见“mkdir”的声明
e:\个人文件整理\源程序\kernel\ptop 2.0\ptop\report\filter.cpp(45): warning C4267: “初始化”: 从“size_t”转换到“int”，可能丢失数据
e:\个人文件整理\源程序\kernel\ptop 2.0\ptop\report\filter.cpp(83): warning C4996: 'fopen': This function or variable may be unsafe. Consider using fopen_s instead. To disable deprecation, use _CRT_SECURE_NO_WARNINGS. See online help for details.
  c:\program files (x86)\windows kits\10\include\10.0.10240.0\ucrt\stdio.h(205): note: 参见“fopen”的声明
e:\个人文件整理\源程序\kernel\ptop 2.0\ptop\report\filter.cpp(111): warning C4996: 'fopen': This function or variable may be unsafe. Consider using fopen_s instead. To disable deprecation, use _CRT_SECURE_NO_WARNINGS. See online help for details.
  c:\program files (x86)\windows kits\10\include\10.0.10240.0\ucrt\stdio.h(205): note: 参见“fopen”的声明
e:\个人文件整理\源程序\kernel\ptop 2.0\ptop\report\filter.cpp(138): warning C4996: 'fopen': This function or variable may be unsafe. Consider using fopen_s instead. To disable deprecation, use _CRT_SECURE_NO_WARNINGS. See online help for details.
  c:\program files (x86)\windows kits\10\include\10.0.10240.0\ucrt\stdio.h(205): note: 参见“fopen”的声明
e:\个人文件整理\源程序\kernel\ptop 2.0\ptop\report\filter.cpp(232): warning C4267: “初始化”: 从“size_t”转换到“int”，可能丢失数据
e:\个人文件整理\源程序\kernel\ptop 2.0\ptop\report\filter.cpp(238): warning C4996: 'strncpy': This function or variable may be unsafe. Consider using strncpy_s instead. To disable deprecation, use _CRT_SECURE_NO_WARNINGS. See online help for details.
  c:\program files (x86)\windows kits\10\include\10.0.10240.0\ucrt\string.h(346): note: 参见“strncpy”的声明
e:\个人文件整理\源程序\kernel\ptop 2.0\ptop\report\filter.cpp(247): warning C4996: 'strncpy': This function or variable may be unsafe. Consider using strncpy_s instead. To disable deprecation, use _CRT_SECURE_NO_WARNINGS. See online help for details.
  c:\program files (x86)\windows kits\10\include\10.0.10240.0\ucrt\string.h(346): note: 参见“strncpy”的声明
e:\个人文件整理\源程序\kernel\ptop 2.0\ptop\report\filter.cpp(229): warning C4101: “matchedPeaks”: 未引用的局部变量
e:\个人文件整理\源程序\kernel\ptop 2.0\ptop\report\filter.cpp(227): warning C4101: “score”: 未引用的局部变量
e:\个人文件整理\源程序\kernel\ptop 2.0\ptop\report\filter.cpp(229): warning C4101: “charge”: 未引用的局部变量
e:\个人文件整理\源程序\kernel\ptop 2.0\ptop\report\filter.cpp(227): warning C4101: “proMass”: 未引用的局部变量
e:\个人文件整理\源程序\kernel\ptop 2.0\ptop\report\filter.cpp(227): warning C4101: “specMass”: 未引用的局部变量
e:\个人文件整理\源程序\kernel\ptop 2.0\ptop\report\filter.cpp(229): warning C4101: “isDecoy”: 未引用的局部变量
e:\个人文件整理\源程序\kernel\ptop 2.0\ptop\report\filter.cpp(229): warning C4101: “labeltype”: 未引用的局部变量
e:\个人文件整理\源程序\kernel\ptop 2.0\ptop\report\filter.cpp(229): warning C4101: “scan”: 未引用的局部变量
e:\个人文件整理\源程序\kernel\ptop 2.0\ptop\report\filter.cpp(227): warning C4101: “evalue”: 未引用的局部变量
e:\个人文件整理\源程序\kernel\ptop 2.0\ptop\report\filter.cpp(283): warning C4996: 'strncpy': This function or variable may be unsafe. Consider using strncpy_s instead. To disable deprecation, use _CRT_SECURE_NO_WARNINGS. See online help for details.
  c:\program files (x86)\windows kits\10\include\10.0.10240.0\ucrt\string.h(346): note: 参见“strncpy”的声明
e:\个人文件整理\源程序\kernel\ptop 2.0\ptop\report\filter.cpp(292): warning C4996: 'strncpy': This function or variable may be unsafe. Consider using strncpy_s instead. To disable deprecation, use _CRT_SECURE_NO_WARNINGS. See online help for details.
  c:\program files (x86)\windows kits\10\include\10.0.10240.0\ucrt\string.h(346): note: 参见“strncpy”的声明
e:\个人文件整理\源程序\kernel\ptop 2.0\ptop\report\filter.cpp(326): warning C4996: 'strncpy': This function or variable may be unsafe. Consider using strncpy_s instead. To disable deprecation, use _CRT_SECURE_NO_WARNINGS. See online help for details.
  c:\program files (x86)\windows kits\10\include\10.0.10240.0\ucrt\string.h(346): note: 参见“strncpy”的声明
e:\个人文件整理\源程序\kernel\ptop 2.0\ptop\report\filter.cpp(335): warning C4996: 'strncpy': This function or variable may be unsafe. Consider using strncpy_s instead. To disable deprecation, use _CRT_SECURE_NO_WARNINGS. See online help for details.
  c:\program files (x86)\windows kits\10\include\10.0.10240.0\ucrt\string.h(346): note: 参见“strncpy”的声明
e:\个人文件整理\源程序\kernel\ptop 2.0\ptop\report\filter.cpp(376): warning C4996: 'fopen': This function or variable may be unsafe. Consider using fopen_s instead. To disable deprecation, use _CRT_SECURE_NO_WARNINGS. See online help for details.
  c:\program files (x86)\windows kits\10\include\10.0.10240.0\ucrt\stdio.h(205): note: 参见“fopen”的声明
e:\个人文件整理\源程序\kernel\ptop 2.0\ptop\report\filter.cpp(475): warning C4267: “初始化”: 从“size_t”转换到“int”，可能丢失数据
e:\个人文件整理\源程序\kernel\ptop 2.0\ptop\report\filter.cpp(500): warning C4267: “参数”: 从“size_t”转换到“int”，可能丢失数据
e:\个人文件整理\源程序\kernel\ptop 2.0\ptop\report\filter.cpp(504): warning C4267: “参数”: 从“size_t”转换到“int”，可能丢失数据
e:\个人文件整理\源程序\kernel\ptop 2.0\ptop\report\filter.cpp(505): warning C4267: “参数”: 从“size_t”转换到“int”，可能丢失数据
e:\个人文件整理\源程序\kernel\ptop 2.0\ptop\report\filter.cpp(512): warning C4267: “参数”: 从“size_t”转换到“int”，可能丢失数据
e:\个人文件整理\源程序\kernel\ptop 2.0\ptop\report\filter.cpp(513): warning C4267: “参数”: 从“size_t”转换到“int”，可能丢失数据
e:\个人文件整理\源程序\kernel\ptop 2.0\ptop\report\filter.cpp(440): warning C4996: 'fopen': This function or variable may be unsafe. Consider using fopen_s instead. To disable deprecation, use _CRT_SECURE_NO_WARNINGS. See online help for details.
  c:\program files (x86)\windows kits\10\include\10.0.10240.0\ucrt\stdio.h(205): note: 参见“fopen”的声明
e:\个人文件整理\源程序\kernel\ptop 2.0\ptop\report\filter.cpp(544): warning C4477: “fprintf”: 格式字符串“%d”需要类型“int”的参数，但可变参数 1 拥有了类型“std::size_t”
  e:\个人文件整理\源程序\kernel\ptop 2.0\ptop\report\filter.cpp(544): note: 请考虑在格式字符串中使用“%zd”
e:\个人文件整理\源程序\kernel\ptop 2.0\ptop\report\filter.cpp(547): warning C4477: “fprintf”: 格式字符串“%d”需要类型“int”的参数，但可变参数 1 拥有了类型“unsigned __int64”
  e:\个人文件整理\源程序\kernel\ptop 2.0\ptop\report\filter.cpp(547): note: 请考虑在格式字符串中使用“%zd”
e:\个人文件整理\源程序\kernel\ptop 2.0\ptop\report\filter.cpp(557): warning C4477: “fprintf”: 格式字符串“%d”需要类型“int”的参数，但可变参数 1 拥有了类型“std::size_t”
  e:\个人文件整理\源程序\kernel\ptop 2.0\ptop\report\filter.cpp(557): note: 请考虑在格式字符串中使用“%zd”
e:\个人文件整理\源程序\kernel\ptop 2.0\ptop\report\filter.cpp(682): warning C4267: “初始化”: 从“size_t”转换到“int”，可能丢失数据
e:\个人文件整理\源程序\kernel\ptop 2.0\ptop\report\filter.cpp(718): warning C4267: “初始化”: 从“size_t”转换到“int”，可能丢失数据
e:\个人文件整理\源程序\kernel\ptop 2.0\ptop\report\filter.cpp(814): warning C4267: “初始化”: 从“size_t”转换到“int”，可能丢失数据
e:\个人文件整理\源程序\kernel\ptop 2.0\ptop\report\filter.cpp(818): warning C4996: 'fopen': This function or variable may be unsafe. Consider using fopen_s instead. To disable deprecation, use _CRT_SECURE_NO_WARNINGS. See online help for details.
  c:\program files (x86)\windows kits\10\include\10.0.10240.0\ucrt\stdio.h(205): note: 参见“fopen”的声明
e:\个人文件整理\源程序\kernel\ptop 2.0\ptop\report\filter.cpp(825): warning C4996: 'sprintf': This function or variable may be unsafe. Consider using sprintf_s instead. To disable deprecation, use _CRT_SECURE_NO_WARNINGS. See online help for details.
  c:\program files (x86)\windows kits\10\include\10.0.10240.0\ucrt\stdio.h(1769): note: 参见“sprintf”的声明
e:\个人文件整理\源程序\kernel\ptop 2.0\ptop\report\filter.cpp(826): warning C4996: 'sprintf': This function or variable may be unsafe. Consider using sprintf_s instead. To disable deprecation, use _CRT_SECURE_NO_WARNINGS. See online help for details.
  c:\program files (x86)\windows kits\10\include\10.0.10240.0\ucrt\stdio.h(1769): note: 参见“sprintf”的声明
e:\个人文件整理\源程序\kernel\ptop 2.0\ptop\report\filter.cpp(827): warning C4996: 'sprintf': This function or variable may be unsafe. Consider using sprintf_s instead. To disable deprecation, use _CRT_SECURE_NO_WARNINGS. See online help for details.
  c:\program files (x86)\windows kits\10\include\10.0.10240.0\ucrt\stdio.h(1769): note: 参见“sprintf”的声明
e:\个人文件整理\源程序\kernel\ptop 2.0\ptop\report\filter.cpp(830): warning C4996: 'sprintf': This function or variable may be unsafe. Consider using sprintf_s instead. To disable deprecation, use _CRT_SECURE_NO_WARNINGS. See online help for details.
  c:\program files (x86)\windows kits\10\include\10.0.10240.0\ucrt\stdio.h(1769): note: 参见“sprintf”的声明
e:\个人文件整理\源程序\kernel\ptop 2.0\ptop\report\filter.cpp(832): warning C4996: 'sprintf': This function or variable may be unsafe. Consider using sprintf_s instead. To disable deprecation, use _CRT_SECURE_NO_WARNINGS. See online help for details.
  c:\program files (x86)\windows kits\10\include\10.0.10240.0\ucrt\stdio.h(1769): note: 参见“sprintf”的声明
e:\个人文件整理\源程序\kernel\ptop 2.0\ptop\report\filter.cpp(833): warning C4996: 'sprintf': This function or variable may be unsafe. Consider using sprintf_s instead. To disable deprecation, use _CRT_SECURE_NO_WARNINGS. See online help for details.
  c:\program files (x86)\windows kits\10\include\10.0.10240.0\ucrt\stdio.h(1769): note: 参见“sprintf”的声明
e:\个人文件整理\源程序\kernel\ptop 2.0\ptop\report\filter.cpp(834): warning C4996: 'sprintf': This function or variable may be unsafe. Consider using sprintf_s instead. To disable deprecation, use _CRT_SECURE_NO_WARNINGS. See online help for details.
  c:\program files (x86)\windows kits\10\include\10.0.10240.0\ucrt\stdio.h(1769): note: 参见“sprintf”的声明
e:\个人文件整理\源程序\kernel\ptop 2.0\ptop\report\filter.cpp(836): warning C4996: 'sprintf': This function or variable may be unsafe. Consider using sprintf_s instead. To disable deprecation, use _CRT_SECURE_NO_WARNINGS. See online help for details.
  c:\program files (x86)\windows kits\10\include\10.0.10240.0\ucrt\stdio.h(1769): note: 参见“sprintf”的声明
e:\个人文件整理\源程序\kernel\ptop 2.0\ptop\report\filter.cpp(860): warning C4996: 'fopen': This function or variable may be unsafe. Consider using fopen_s instead. To disable deprecation, use _CRT_SECURE_NO_WARNINGS. See online help for details.
  c:\program files (x86)\windows kits\10\include\10.0.10240.0\ucrt\stdio.h(205): note: 参见“fopen”的声明
e:\个人文件整理\源程序\kernel\ptop 2.0\ptop\report\filter.cpp(867): warning C4996: 'sprintf': This function or variable may be unsafe. Consider using sprintf_s instead. To disable deprecation, use _CRT_SECURE_NO_WARNINGS. See online help for details.
  c:\program files (x86)\windows kits\10\include\10.0.10240.0\ucrt\stdio.h(1769): note: 参见“sprintf”的声明
e:\个人文件整理\源程序\kernel\ptop 2.0\ptop\report\filter.cpp(868): warning C4996: 'sprintf': This function or variable may be unsafe. Consider using sprintf_s instead. To disable deprecation, use _CRT_SECURE_NO_WARNINGS. See online help for details.
  c:\program files (x86)\windows kits\10\include\10.0.10240.0\ucrt\stdio.h(1769): note: 参见“sprintf”的声明
e:\个人文件整理\源程序\kernel\ptop 2.0\ptop\report\filter.cpp(869): warning C4996: 'sprintf': This function or variable may be unsafe. Consider using sprintf_s instead. To disable deprecation, use _CRT_SECURE_NO_WARNINGS. See online help for details.
  c:\program files (x86)\windows kits\10\include\10.0.10240.0\ucrt\stdio.h(1769): note: 参见“sprintf”的声明
e:\个人文件整理\源程序\kernel\ptop 2.0\ptop\report\filter.cpp(870): warning C4996: 'sprintf': This function or variable may be unsafe. Consider using sprintf_s instead. To disable deprecation, use _CRT_SECURE_NO_WARNINGS. See online help for details.
  c:\program files (x86)\windows kits\10\include\10.0.10240.0\ucrt\stdio.h(1769): note: 参见“sprintf”的声明
e:\个人文件整理\源程序\kernel\ptop 2.0\ptop\report\filter.cpp(874): warning C4996: 'sprintf': This function or variable may be unsafe. Consider using sprintf_s instead. To disable deprecation, use _CRT_SECURE_NO_WARNINGS. See online help for details.
  c:\program files (x86)\windows kits\10\include\10.0.10240.0\ucrt\stdio.h(1769): note: 参见“sprintf”的声明
e:\个人文件整理\源程序\kernel\ptop 2.0\ptop\report\filter.cpp(876): warning C4996: 'sprintf': This function or variable may be unsafe. Consider using sprintf_s instead. To disable deprecation, use _CRT_SECURE_NO_WARNINGS. See online help for details.
  c:\program files (x86)\windows kits\10\include\10.0.10240.0\ucrt\stdio.h(1769): note: 参见“sprintf”的声明
e:\个人文件整理\源程序\kernel\ptop 2.0\ptop\report\filter.cpp(877): warning C4996: 'sprintf': This function or variable may be unsafe. Consider using sprintf_s instead. To disable deprecation, use _CRT_SECURE_NO_WARNINGS. See online help for details.
  c:\program files (x86)\windows kits\10\include\10.0.10240.0\ucrt\stdio.h(1769): note: 参见“sprintf”的声明
e:\个人文件整理\源程序\kernel\ptop 2.0\ptop\report\filter.cpp(878): warning C4996: 'sprintf': This function or variable may be unsafe. Consider using sprintf_s instead. To disable deprecation, use _CRT_SECURE_NO_WARNINGS. See online help for details.
  c:\program files (x86)\windows kits\10\include\10.0.10240.0\ucrt\stdio.h(1769): note: 参见“sprintf”的声明
e:\个人文件整理\源程序\kernel\ptop 2.0\ptop\report\filter.cpp(880): warning C4996: 'sprintf': This function or variable may be unsafe. Consider using sprintf_s instead. To disable deprecation, use _CRT_SECURE_NO_WARNINGS. See online help for details.
  c:\program files (x86)\windows kits\10\include\10.0.10240.0\ucrt\stdio.h(1769): note: 参见“sprintf”的声明
e:\个人文件整理\源程序\kernel\ptop 2.0\ptop\report\filter.cpp(884): warning C4996: 'sprintf': This function or variable may be unsafe. Consider using sprintf_s instead. To disable deprecation, use _CRT_SECURE_NO_WARNINGS. See online help for details.
  c:\program files (x86)\windows kits\10\include\10.0.10240.0\ucrt\stdio.h(1769): note: 参见“sprintf”的声明
e:\个人文件整理\源程序\kernel\ptop 2.0\ptop\report\filter.cpp(1000): warning C4267: “参数”: 从“size_t”转换到“int”，可能丢失数据
e:\个人文件整理\源程序\kernel\ptop 2.0\ptop\report\filter.cpp(906): warning C4996: 'fopen': This function or variable may be unsafe. Consider using fopen_s instead. To disable deprecation, use _CRT_SECURE_NO_WARNINGS. See online help for details.
  c:\program files (x86)\windows kits\10\include\10.0.10240.0\ucrt\stdio.h(205): note: 参见“fopen”的声明
e:\个人文件整理\源程序\kernel\ptop 2.0\ptop\report\filter.cpp(934): warning C4996: 'sprintf': This function or variable may be unsafe. Consider using sprintf_s instead. To disable deprecation, use _CRT_SECURE_NO_WARNINGS. See online help for details.
  c:\program files (x86)\windows kits\10\include\10.0.10240.0\ucrt\stdio.h(1769): note: 参见“sprintf”的声明
e:\个人文件整理\源程序\kernel\ptop 2.0\ptop\report\filter.cpp(935): warning C4996: 'sprintf': This function or variable may be unsafe. Consider using sprintf_s instead. To disable deprecation, use _CRT_SECURE_NO_WARNINGS. See online help for details.
  c:\program files (x86)\windows kits\10\include\10.0.10240.0\ucrt\stdio.h(1769): note: 参见“sprintf”的声明
e:\个人文件整理\源程序\kernel\ptop 2.0\ptop\report\filter.cpp(1000): warning C4996: 'itoa': The POSIX name for this item is deprecated. Instead, use the ISO C and C++ conformant name: _itoa. See online help for details.
  c:\program files (x86)\windows kits\10\include\10.0.10240.0\ucrt\stdlib.h(1316): note: 参见“itoa”的声明
e:\个人文件整理\源程序\kernel\ptop 2.0\ptop\report\filter.cpp(1014): warning C4996: 'itoa': The POSIX name for this item is deprecated. Instead, use the ISO C and C++ conformant name: _itoa. See online help for details.
  c:\program files (x86)\windows kits\10\include\10.0.10240.0\ucrt\stdlib.h(1316): note: 参见“itoa”的声明
e:\个人文件整理\源程序\kernel\ptop 2.0\ptop\report\filter.cpp(1028): warning C4996: 'sprintf': This function or variable may be unsafe. Consider using sprintf_s instead. To disable deprecation, use _CRT_SECURE_NO_WARNINGS. See online help for details.
  c:\program files (x86)\windows kits\10\include\10.0.10240.0\ucrt\stdio.h(1769): note: 参见“sprintf”的声明
e:\个人文件整理\源程序\kernel\ptop 2.0\ptop\report\filter.cpp(1030): warning C4996: 'sprintf': This function or variable may be unsafe. Consider using sprintf_s instead. To disable deprecation, use _CRT_SECURE_NO_WARNINGS. See online help for details.
  c:\program files (x86)\windows kits\10\include\10.0.10240.0\ucrt\stdio.h(1769): note: 参见“sprintf”的声明
e:\个人文件整理\源程序\kernel\ptop 2.0\ptop\report\filter.cpp(1062): warning C4267: “+=”: 从“size_t”转换到“int”，可能丢失数据
e:\个人文件整理\源程序\kernel\ptop 2.0\ptop\report\filter.cpp(1063): warning C4267: “参数”: 从“size_t”转换到“int”，可能丢失数据
e:\个人文件整理\源程序\kernel\ptop 2.0\ptop\report\filter.cpp(1099): warning C4267: “初始化”: 从“size_t”转换到“int”，可能丢失数据
e:\个人文件整理\源程序\kernel\ptop 2.0\ptop\report\filter.cpp(1101): warning C4267: “=”: 从“size_t”转换到“int”，可能丢失数据
e:\个人文件整理\源程序\kernel\ptop 2.0\ptop\report\filter.cpp(1103): warning C4267: “初始化”: 从“size_t”转换到“int”，可能丢失数据
e:\个人文件整理\源程序\kernel\ptop 2.0\ptop\report\filter.cpp(1082): warning C4996: 'fopen': This function or variable may be unsafe. Consider using fopen_s instead. To disable deprecation, use _CRT_SECURE_NO_WARNINGS. See online help for details.
  c:\program files (x86)\windows kits\10\include\10.0.10240.0\ucrt\stdio.h(205): note: 参见“fopen”的声明
e:\个人文件整理\源程序\kernel\ptop 2.0\ptop\report\filter.cpp(1089): warning C4996: 'sprintf': This function or variable may be unsafe. Consider using sprintf_s instead. To disable deprecation, use _CRT_SECURE_NO_WARNINGS. See online help for details.
  c:\program files (x86)\windows kits\10\include\10.0.10240.0\ucrt\stdio.h(1769): note: 参见“sprintf”的声明
e:\个人文件整理\源程序\kernel\ptop 2.0\ptop\report\filter.cpp(1090): warning C4996: 'sprintf': This function or variable may be unsafe. Consider using sprintf_s instead. To disable deprecation, use _CRT_SECURE_NO_WARNINGS. See online help for details.
  c:\program files (x86)\windows kits\10\include\10.0.10240.0\ucrt\stdio.h(1769): note: 参见“sprintf”的声明
e:\个人文件整理\源程序\kernel\ptop 2.0\ptop\report\filter.cpp(1091): warning C4996: 'sprintf': This function or variable may be unsafe. Consider using sprintf_s instead. To disable deprecation, use _CRT_SECURE_NO_WARNINGS. See online help for details.
  c:\program files (x86)\windows kits\10\include\10.0.10240.0\ucrt\stdio.h(1769): note: 参见“sprintf”的声明
e:\个人文件整理\源程序\kernel\ptop 2.0\ptop\report\filter.cpp(1093): warning C4996: 'sprintf': This function or variable may be unsafe. Consider using sprintf_s instead. To disable deprecation, use _CRT_SECURE_NO_WARNINGS. See online help for details.
  c:\program files (x86)\windows kits\10\include\10.0.10240.0\ucrt\stdio.h(1769): note: 参见“sprintf”的声明
e:\个人文件整理\源程序\kernel\ptop 2.0\ptop\report\filter.cpp(1095): warning C4996: 'sprintf': This function or variable may be unsafe. Consider using sprintf_s instead. To disable deprecation, use _CRT_SECURE_NO_WARNINGS. See online help for details.
  c:\program files (x86)\windows kits\10\include\10.0.10240.0\ucrt\stdio.h(1769): note: 参见“sprintf”的声明
e:\个人文件整理\源程序\kernel\ptop 2.0\ptop\report\filter.cpp(1096): warning C4996: 'sprintf': This function or variable may be unsafe. Consider using sprintf_s instead. To disable deprecation, use _CRT_SECURE_NO_WARNINGS. See online help for details.
  c:\program files (x86)\windows kits\10\include\10.0.10240.0\ucrt\stdio.h(1769): note: 参见“sprintf”的声明
e:\个人文件整理\源程序\kernel\ptop 2.0\ptop\report\filter.cpp(1108): warning C4996: 'sprintf': This function or variable may be unsafe. Consider using sprintf_s instead. To disable deprecation, use _CRT_SECURE_NO_WARNINGS. See online help for details.
  c:\program files (x86)\windows kits\10\include\10.0.10240.0\ucrt\stdio.h(1769): note: 参见“sprintf”的声明
e:\个人文件整理\源程序\kernel\ptop 2.0\ptop\report\filter.cpp(1111): warning C4996: 'sprintf': This function or variable may be unsafe. Consider using sprintf_s instead. To disable deprecation, use _CRT_SECURE_NO_WARNINGS. See online help for details.
  c:\program files (x86)\windows kits\10\include\10.0.10240.0\ucrt\stdio.h(1769): note: 参见“sprintf”的声明
  file_utils.cpp
e:\个人文件整理\源程序\kernel\ptop 2.0\ptop\util.h(369): warning C4996: 'access': The POSIX name for this item is deprecated. Instead, use the ISO C and C++ conformant name: _access. See online help for details.
  c:\program files (x86)\windows kits\10\include\10.0.10240.0\ucrt\corecrt_io.h(439): note: 参见“access”的声明
e:\个人文件整理\源程序\kernel\ptop 2.0\ptop\util.h(372): warning C4996: 'mkdir': The POSIX name for this item is deprecated. Instead, use the ISO C and C++ conformant name: _mkdir. See online help for details.
  c:\program files (x86)\windows kits\10\include\10.0.10240.0\ucrt\direct.h(108): note: 参见“mkdir”的声明
e:\个人文件整理\源程序\kernel\ptop 2.0\ptop\file_utils.cpp(234): warning C4267: “=”: 从“size_t”转换到“int”，可能丢失数据
e:\个人文件整理\源程序\kernel\ptop 2.0\ptop\file_utils.cpp(320): warning C4267: “return”: 从“size_t”转换到“int”，可能丢失数据
e:\个人文件整理\源程序\kernel\ptop 2.0\ptop\file_utils.cpp(324): warning C4267: “return”: 从“size_t”转换到“int”，可能丢失数据
e:\个人文件整理\源程序\kernel\ptop 2.0\ptop\file_utils.cpp(371): warning C4996: 'fopen': This function or variable may be unsafe. Consider using fopen_s instead. To disable deprecation, use _CRT_SECURE_NO_WARNINGS. See online help for details.
  c:\program files (x86)\windows kits\10\include\10.0.10240.0\ucrt\stdio.h(205): note: 参见“fopen”的声明
e:\个人文件整理\源程序\kernel\ptop 2.0\ptop\file_utils.cpp(411): warning C4996: 'fopen': This function or variable may be unsafe. Consider using fopen_s instead. To disable deprecation, use _CRT_SECURE_NO_WARNINGS. See online help for details.
  c:\program files (x86)\windows kits\10\include\10.0.10240.0\ucrt\stdio.h(205): note: 参见“fopen”的声明
e:\个人文件整理\源程序\kernel\ptop 2.0\ptop\file_utils.cpp(517): warning C4267: “return”: 从“size_t”转换到“int”，可能丢失数据
e:\个人文件整理\源程序\kernel\ptop 2.0\ptop\file_utils.cpp(521): warning C4267: “return”: 从“size_t”转换到“int”，可能丢失数据
  TagSearcher.cpp
e:\个人文件整理\源程序\kernel\ptop 2.0\ptop\util.h(369): warning C4996: 'access': The POSIX name for this item is deprecated. Instead, use the ISO C and C++ conformant name: _access. See online help for details.
  c:\program files (x86)\windows kits\10\include\10.0.10240.0\ucrt\corecrt_io.h(439): note: 参见“access”的声明
e:\个人文件整理\源程序\kernel\ptop 2.0\ptop\util.h(372): warning C4996: 'mkdir': The POSIX name for this item is deprecated. Instead, use the ISO C and C++ conformant name: _mkdir. See online help for details.
  c:\program files (x86)\windows kits\10\include\10.0.10240.0\ucrt\direct.h(108): note: 参见“mkdir”的声明
e:\个人文件整理\源程序\kernel\ptop 2.0\ptop\tagsearcher.cpp(106): warning C4267: “初始化”: 从“size_t”转换到“int”，可能丢失数据
e:\个人文件整理\源程序\kernel\ptop 2.0\ptop\tagsearcher.cpp(114): warning C4267: “=”: 从“size_t”转换到“int”，可能丢失数据
e:\个人文件整理\源程序\kernel\ptop 2.0\ptop\tagsearcher.cpp(162): warning C4267: “=”: 从“size_t”转换到“int”，可能丢失数据
e:\个人文件整理\源程序\kernel\ptop 2.0\ptop\tagsearcher.cpp(336): warning C4267: “=”: 从“size_t”转换到“int”，可能丢失数据
e:\个人文件整理\源程序\kernel\ptop 2.0\ptop\tagsearcher.cpp(510): warning C4267: “初始化”: 从“size_t”转换到“int”，可能丢失数据
e:\个人文件整理\源程序\kernel\ptop 2.0\ptop\tagsearcher.cpp(514): warning C4267: “初始化”: 从“size_t”转换到“int”，可能丢失数据
  TagFlow.cpp
e:\个人文件整理\源程序\kernel\ptop 2.0\ptop\util.h(369): warning C4996: 'access': The POSIX name for this item is deprecated. Instead, use the ISO C and C++ conformant name: _access. See online help for details.
  c:\program files (x86)\windows kits\10\include\10.0.10240.0\ucrt\corecrt_io.h(439): note: 参见“access”的声明
e:\个人文件整理\源程序\kernel\ptop 2.0\ptop\util.h(372): warning C4996: 'mkdir': The POSIX name for this item is deprecated. Instead, use the ISO C and C++ conformant name: _mkdir. See online help for details.
  c:\program files (x86)\windows kits\10\include\10.0.10240.0\ucrt\direct.h(108): note: 参见“mkdir”的声明
e:\个人文件整理\源程序\kernel\ptop 2.0\ptop\tagflow.cpp(126): warning C4267: “初始化”: 从“size_t”转换到“int”，可能丢失数据
e:\个人文件整理\源程序\kernel\ptop 2.0\ptop\tagflow.cpp(160): warning C4267: “初始化”: 从“size_t”转换到“int”，可能丢失数据
e:\个人文件整理\源程序\kernel\ptop 2.0\ptop\tagflow.cpp(184): warning C4267: “=”: 从“size_t”转换到“int”，可能丢失数据
e:\个人文件整理\源程序\kernel\ptop 2.0\ptop\tagflow.cpp(195): warning C4267: “参数”: 从“size_t”转换到“const int”，可能丢失数据
e:\个人文件整理\源程序\kernel\ptop 2.0\ptop\tagflow.cpp(197): warning C4267: “参数”: 从“size_t”转换到“const int”，可能丢失数据
e:\个人文件整理\源程序\kernel\ptop 2.0\ptop\tagflow.cpp(215): warning C4267: “=”: 从“size_t”转换到“int”，可能丢失数据
e:\个人文件整理\源程序\kernel\ptop 2.0\ptop\tagflow.cpp(327): warning C4267: “参数”: 从“size_t”转换到“const int”，可能丢失数据
e:\个人文件整理\源程序\kernel\ptop 2.0\ptop\tagflow.cpp(350): warning C4267: “=”: 从“size_t”转换到“int”，可能丢失数据
e:\个人文件整理\源程序\kernel\ptop 2.0\ptop\tagflow.cpp(355): warning C4267: “=”: 从“size_t”转换到“int”，可能丢失数据
  Searcher.cpp
e:\个人文件整理\源程序\kernel\ptop 2.0\ptop\util.h(369): warning C4996: 'access': The POSIX name for this item is deprecated. Instead, use the ISO C and C++ conformant name: _access. See online help for details.
  c:\program files (x86)\windows kits\10\include\10.0.10240.0\ucrt\corecrt_io.h(439): note: 参见“access”的声明
e:\个人文件整理\源程序\kernel\ptop 2.0\ptop\util.h(372): warning C4996: 'mkdir': The POSIX name for this item is deprecated. Instead, use the ISO C and C++ conformant name: _mkdir. See online help for details.
  c:\program files (x86)\windows kits\10\include\10.0.10240.0\ucrt\direct.h(108): note: 参见“mkdir”的声明
e:\个人文件整理\源程序\kernel\ptop 2.0\ptop\searcher.cpp(117): warning C4267: “初始化”: 从“size_t”转换到“int”，可能丢失数据
e:\个人文件整理\源程序\kernel\ptop 2.0\ptop\searcher.cpp(149): warning C4267: “初始化”: 从“size_t”转换到“int”，可能丢失数据
e:\个人文件整理\源程序\kernel\ptop 2.0\ptop\searcher.cpp(245): warning C4267: “初始化”: 从“size_t”转换到“int”，可能丢失数据
e:\个人文件整理\源程序\kernel\ptop 2.0\ptop\searcher.cpp(238): warning C4996: 'sprintf': This function or variable may be unsafe. Consider using sprintf_s instead. To disable deprecation, use _CRT_SECURE_NO_WARNINGS. See online help for details.
  c:\program files (x86)\windows kits\10\include\10.0.10240.0\ucrt\stdio.h(1769): note: 参见“sprintf”的声明
e:\个人文件整理\源程序\kernel\ptop 2.0\ptop\searcher.cpp(473): warning C4267: “参数”: 从“size_t”转换到“const int”，可能丢失数据
e:\个人文件整理\源程序\kernel\ptop 2.0\ptop\searcher.cpp(888): warning C4267: “初始化”: 从“size_t”转换到“int”，可能丢失数据
e:\个人文件整理\源程序\kernel\ptop 2.0\ptop\searcher.cpp(1176): warning C4267: “初始化”: 从“size_t”转换到“int”，可能丢失数据
e:\个人文件整理\源程序\kernel\ptop 2.0\ptop\searcher.cpp(1489): warning C4267: “=”: 从“size_t”转换到“int”，可能丢失数据
e:\个人文件整理\源程序\kernel\ptop 2.0\ptop\searcher.cpp(1509): warning C4267: “初始化”: 从“size_t”转换到“int”，可能丢失数据
e:\个人文件整理\源程序\kernel\ptop 2.0\ptop\searcher.cpp(1519): warning C4267: “参数”: 从“size_t”转换到“int”，可能丢失数据
e:\个人文件整理\源程序\kernel\ptop 2.0\ptop\searcher.cpp(1561): warning C4267: “=”: 从“size_t”转换到“int”，可能丢失数据
e:\个人文件整理\源程序\kernel\ptop 2.0\ptop\searcher.cpp(1580): warning C4267: “初始化”: 从“size_t”转换到“int”，可能丢失数据
e:\个人文件整理\源程序\kernel\ptop 2.0\ptop\searcher.cpp(1590): warning C4267: “参数”: 从“size_t”转换到“int”，可能丢失数据
e:\个人文件整理\源程序\kernel\ptop 2.0\ptop\searcher.cpp(1685): warning C4267: “初始化”: 从“size_t”转换到“int”，可能丢失数据
e:\个人文件整理\源程序\kernel\ptop 2.0\ptop\searcher.cpp(1749): warning C4267: “初始化”: 从“size_t”转换到“int”，可能丢失数据
e:\个人文件整理\源程序\kernel\ptop 2.0\ptop\searcher.cpp(1770): warning C4244: “初始化”: 从“double”转换到“int”，可能丢失数据
e:\个人文件整理\源程序\kernel\ptop 2.0\ptop\searcher.cpp(1771): warning C4244: “初始化”: 从“double”转换到“int”，可能丢失数据
e:\个人文件整理\源程序\kernel\ptop 2.0\ptop\searcher.cpp(1796): warning C4244: “初始化”: 从“double”转换到“int”，可能丢失数据
e:\个人文件整理\源程序\kernel\ptop 2.0\ptop\searcher.cpp(1797): warning C4244: “初始化”: 从“double”转换到“int”，可能丢失数据
e:\个人文件整理\源程序\kernel\ptop 2.0\ptop\searcher.cpp(1800): warning C4267: “初始化”: 从“size_t”转换到“int”，可能丢失数据
e:\个人文件整理\源程序\kernel\ptop 2.0\ptop\searcher.cpp(1895): warning C4267: “参数”: 从“size_t”转换到“int”，可能丢失数据
e:\个人文件整理\源程序\kernel\ptop 2.0\ptop\searcher.cpp(1905): warning C4267: “参数”: 从“size_t”转换到“int”，可能丢失数据
e:\个人文件整理\源程序\kernel\ptop 2.0\ptop\searcher.cpp(1924): warning C4267: “初始化”: 从“size_t”转换到“int”，可能丢失数据
e:\个人文件整理\源程序\kernel\ptop 2.0\ptop\searcher.cpp(1974): warning C4267: “初始化”: 从“size_t”转换到“int”，可能丢失数据
e:\个人文件整理\源程序\kernel\ptop 2.0\ptop\searcher.cpp(2008): warning C4267: “初始化”: 从“size_t”转换到“int”，可能丢失数据
e:\个人文件整理\源程序\kernel\ptop 2.0\ptop\searcher.cpp(2093): warning C4267: “初始化”: 从“size_t”转换到“int”，可能丢失数据
e:\个人文件整理\源程序\kernel\ptop 2.0\ptop\searcher.cpp(2140): warning C4244: “参数”: 从“double”转换到“unsigned __int64”，可能丢失数据
e:\个人文件整理\源程序\kernel\ptop 2.0\ptop\searcher.cpp(2148): warning C4267: “初始化”: 从“size_t”转换到“int”，可能丢失数据
e:\个人文件整理\源程序\kernel\ptop 2.0\ptop\searcher.cpp(2159): warning C4267: “=”: 从“size_t”转换到“int”，可能丢失数据
e:\个人文件整理\源程序\kernel\ptop 2.0\ptop\searcher.cpp(2183): warning C4267: “初始化”: 从“size_t”转换到“int”，可能丢失数据
e:\个人文件整理\源程序\kernel\ptop 2.0\ptop\searcher.cpp(2315): warning C4267: “初始化”: 从“size_t”转换到“int”，可能丢失数据
e:\个人文件整理\源程序\kernel\ptop 2.0\ptop\searcher.cpp(2388): warning C4267: “初始化”: 从“size_t”转换到“int”，可能丢失数据
e:\个人文件整理\源程序\kernel\ptop 2.0\ptop\searcher.cpp(2407): warning C4267: “初始化”: 从“size_t”转换到“int”，可能丢失数据
e:\个人文件整理\源程序\kernel\ptop 2.0\ptop\searcher.cpp(2714): warning C4267: “初始化”: 从“size_t”转换到“int”，可能丢失数据
e:\个人文件整理\源程序\kernel\ptop 2.0\ptop\searcher.cpp(2745): warning C4267: “初始化”: 从“size_t”转换到“int”，可能丢失数据
e:\个人文件整理\源程序\kernel\ptop 2.0\ptop\searcher.cpp(2750): warning C4267: “初始化”: 从“size_t”转换到“int”，可能丢失数据
e:\个人文件整理\源程序\kernel\ptop 2.0\ptop\searcher.cpp(2809): warning C4267: “=”: 从“size_t”转换到“int”，可能丢失数据
e:\个人文件整理\源程序\kernel\ptop 2.0\ptop\searcher.cpp(2877): warning C4267: “初始化”: 从“size_t”转换到“int”，可能丢失数据
e:\个人文件整理\源程序\kernel\ptop 2.0\ptop\searcher.cpp(2884): warning C4267: “=”: 从“size_t”转换到“int”，可能丢失数据
e:\个人文件整理\源程序\kernel\ptop 2.0\ptop\searcher.cpp(2918): warning C4267: “参数”: 从“size_t”转换到“const unsigned int”，可能丢失数据
e:\个人文件整理\源程序\kernel\ptop 2.0\ptop\searcher.cpp(2941): warning C4267: “初始化”: 从“size_t”转换到“int”，可能丢失数据
e:\个人文件整理\源程序\kernel\ptop 2.0\ptop\searcher.cpp(3008): warning C4267: “初始化”: 从“size_t”转换到“int”，可能丢失数据
e:\个人文件整理\源程序\kernel\ptop 2.0\ptop\searcher.cpp(3155): warning C4267: “初始化”: 从“size_t”转换到“int”，可能丢失数据
d:\vs2015\vc\include\utility(200): warning C4267: “初始化”: 从“size_t”转换到“const int”，可能丢失数据
  d:\vs2015\vc\include\xmemory0(737): note: 参见对正在编译的函数 模板 实例化“std::pair<const _Kty,_Ty>::pair<unsigned __int64,std::unordered_map<std::string,double,std::hash<std::basic_string<char,std::char_traits<char>,std::allocator<char>>>,std::equal_to<std::basic_string<char,std::char_traits<char>,std::allocator<char>>>,std::allocator<std::pair<const std::basic_string<char,std::char_traits<char>,std::allocator<char>>,double>>>,void,0>(std::pair<unsigned __int64,std::unordered_map<std::string,double,std::hash<std::basic_string<char,std::char_traits<char>,std::allocator<char>>>,std::equal_to<std::basic_string<char,std::char_traits<char>,std::allocator<char>>>,std::allocator<std::pair<const std::basic_string<char,std::char_traits<char>,std::allocator<char>>,double>>>> &&) noexcept(false)”的引用
          with
          [
              _Kty=int,
              _Ty=std::unordered_map<std::string,double,std::hash<std::string>,std::equal_to<std::string>,std::allocator<std::pair<const std::string,double>>>
          ]
  d:\vs2015\vc\include\xmemory0(737): note: 参见对正在编译的函数 模板 实例化“std::pair<const _Kty,_Ty>::pair<unsigned __int64,std::unordered_map<std::string,double,std::hash<std::basic_string<char,std::char_traits<char>,std::allocator<char>>>,std::equal_to<std::basic_string<char,std::char_traits<char>,std::allocator<char>>>,std::allocator<std::pair<const std::basic_string<char,std::char_traits<char>,std::allocator<char>>,double>>>,void,0>(std::pair<unsigned __int64,std::unordered_map<std::string,double,std::hash<std::basic_string<char,std::char_traits<char>,std::allocator<char>>>,std::equal_to<std::basic_string<char,std::char_traits<char>,std::allocator<char>>>,std::allocator<std::pair<const std::basic_string<char,std::char_traits<char>,std::allocator<char>>,double>>>> &&) noexcept(false)”的引用
          with
          [
              _Kty=int,
              _Ty=std::unordered_map<std::string,double,std::hash<std::string>,std::equal_to<std::string>,std::allocator<std::pair<const std::string,double>>>
          ]
  d:\vs2015\vc\include\xmemory0(857): note: 参见对正在编译的函数 模板 实例化“void std::allocator<_Other>::construct<_Objty,_Ty>(_Objty *,_Ty &&)”的引用
          with
          [
              _Other=std::_List_node<std::pair<const int,std::unordered_map<std::string,double,std::hash<std::string>,std::equal_to<std::string>,std::allocator<std::pair<const std::string,double>>>>,void *>,
              _Objty=std::pair<const int,std::unordered_map<std::string,double,std::hash<std::string>,std::equal_to<std::string>,std::allocator<std::pair<const std::string,double>>>>,
              _Ty=std::pair<unsigned __int64,std::unordered_map<std::string,double,std::hash<std::string>,std::equal_to<std::string>,std::allocator<std::pair<const std::string,double>>>>
          ]
  d:\vs2015\vc\include\xmemory0(857): note: 参见对正在编译的函数 模板 实例化“void std::allocator<_Other>::construct<_Objty,_Ty>(_Objty *,_Ty &&)”的引用
          with
          [
              _Other=std::_List_node<std::pair<const int,std::unordered_map<std::string,double,std::hash<std::string>,std::equal_to<std::string>,std::allocator<std::pair<const std::string,double>>>>,void *>,
              _Objty=std::pair<const int,std::unordered_map<std::string,double,std::hash<std::string>,std::equal_to<std::string>,std::allocator<std::pair<const std::string,double>>>>,
              _Ty=std::pair<unsigned __int64,std::unordered_map<std::string,double,std::hash<std::string>,std::equal_to<std::string>,std::allocator<std::pair<const std::string,double>>>>
          ]
  d:\vs2015\vc\include\xmemory0(996): note: 参见对正在编译的函数 模板 实例化“void std::allocator_traits<_Alloc>::construct<_Ty,std::pair<unsigned __int64,std::unordered_map<std::string,double,std::hash<_Kty>,std::equal_to<_Kty>,std::allocator<std::pair<const _Kty,double>>>>>(std::allocator<_Other> &,_Objty *,std::pair<unsigned __int64,std::unordered_map<_Kty,double,std::hash<_Kty>,std::equal_to<_Kty>,std::allocator<std::pair<const _Kty,double>>>> &&)”的引用
          with
          [
              _Alloc=std::allocator<std::_List_node<std::pair<const int,std::unordered_map<std::string,double,std::hash<std::string>,std::equal_to<std::string>,std::allocator<std::pair<const std::string,double>>>>,void *>>,
              _Ty=std::pair<const int,std::unordered_map<std::string,double,std::hash<std::string>,std::equal_to<std::string>,std::allocator<std::pair<const std::string,double>>>>,
              _Kty=std::string,
              _Other=std::_List_node<std::pair<const int,std::unordered_map<std::string,double,std::hash<std::string>,std::equal_to<std::string>,std::allocator<std::pair<const std::string,double>>>>,void *>,
              _Objty=std::pair<const int,std::unordered_map<std::string,double,std::hash<std::string>,std::equal_to<std::string>,std::allocator<std::pair<const std::string,double>>>>
          ]
  d:\vs2015\vc\include\xmemory0(995): note: 参见对正在编译的函数 模板 实例化“void std::allocator_traits<_Alloc>::construct<_Ty,std::pair<unsigned __int64,std::unordered_map<std::string,double,std::hash<_Kty>,std::equal_to<_Kty>,std::allocator<std::pair<const _Kty,double>>>>>(std::allocator<_Other> &,_Objty *,std::pair<unsigned __int64,std::unordered_map<_Kty,double,std::hash<_Kty>,std::equal_to<_Kty>,std::allocator<std::pair<const _Kty,double>>>> &&)”的引用
          with
          [
              _Alloc=std::allocator<std::_List_node<std::pair<const int,std::unordered_map<std::string,double,std::hash<std::string>,std::equal_to<std::string>,std::allocator<std::pair<const std::string,double>>>>,void *>>,
              _Ty=std::pair<const int,std::unordered_map<std::string,double,std::hash<std::string>,std::equal_to<std::string>,std::allocator<std::pair<const std::string,double>>>>,
              _Kty=std::string,
              _Other=std::_List_node<std::pair<const int,std::unordered_map<std::string,double,std::hash<std::string>,std::equal_to<std::string>,std::allocator<std::pair<const std::string,double>>>>,void *>,
              _Objty=std::pair<const int,std::unordered_map<std::string,double,std::hash<std::string>,std::equal_to<std::string>,std::allocator<std::pair<const std::string,double>>>>
          ]
  d:\vs2015\vc\include\list(837): note: 参见对正在编译的函数 模板 实例化“void std::_Wrap_alloc<std::allocator<_Other>>::construct<_Ty,std::pair<unsigned __int64,std::unordered_map<std::string,double,std::hash<_Kty>,std::equal_to<_Kty>,std::allocator<std::pair<const _Kty,double>>>>>(_Ty *,std::pair<unsigned __int64,std::unordered_map<_Kty,double,std::hash<_Kty>,std::equal_to<_Kty>,std::allocator<std::pair<const _Kty,double>>>> &&)”的引用
          with
          [
              _Other=std::_List_node<std::pair<const int,std::unordered_map<std::string,double,std::hash<std::string>,std::equal_to<std::string>,std::allocator<std::pair<const std::string,double>>>>,void *>,
              _Ty=std::pair<const int,std::unordered_map<std::string,double,std::hash<std::string>,std::equal_to<std::string>,std::allocator<std::pair<const std::string,double>>>>,
              _Kty=std::string
          ]
  d:\vs2015\vc\include\list(835): note: 参见对正在编译的函数 模板 实例化“void std::_Wrap_alloc<std::allocator<_Other>>::construct<_Ty,std::pair<unsigned __int64,std::unordered_map<std::string,double,std::hash<_Kty>,std::equal_to<_Kty>,std::allocator<std::pair<const _Kty,double>>>>>(_Ty *,std::pair<unsigned __int64,std::unordered_map<_Kty,double,std::hash<_Kty>,std::equal_to<_Kty>,std::allocator<std::pair<const _Kty,double>>>> &&)”的引用
          with
          [
              _Other=std::_List_node<std::pair<const int,std::unordered_map<std::string,double,std::hash<std::string>,std::equal_to<std::string>,std::allocator<std::pair<const std::string,double>>>>,void *>,
              _Ty=std::pair<const int,std::unordered_map<std::string,double,std::hash<std::string>,std::equal_to<std::string>,std::allocator<std::pair<const std::string,double>>>>,
              _Kty=std::string
          ]
  d:\vs2015\vc\include\list(1065): note: 参见对正在编译的函数 模板 实例化“std::_List_node<std::pair<const _Kty,_Ty>,void *> *std::_List_buy<std::pair<const _Kty,_Ty>,_Alloc>::_Buynode<std::pair<unsigned __int64,std::unordered_map<std::string,double,std::hash<std::basic_string<char,std::char_traits<char>,std::allocator<char>>>,std::equal_to<std::basic_string<char,std::char_traits<char>,std::allocator<char>>>,std::allocator<std::pair<const std::basic_string<char,std::char_traits<char>,std::allocator<char>>,double>>>>>(std::_List_node<std::pair<const _Kty,_Ty>,void *> *,std::_List_node<std::pair<const _Kty,_Ty>,void *> *,std::pair<unsigned __int64,std::unordered_map<std::string,double,std::hash<std::basic_string<char,std::char_traits<char>,std::allocator<char>>>,std::equal_to<std::basic_string<char,std::char_traits<char>,std::allocator<char>>>,std::allocator<std::pair<const std::basic_string<char,std::char_traits<char>,std::allocator<char>>,double>>>> &&)”的引用
          with
          [
              _Kty=int,
              _Ty=std::unordered_map<std::string,double,std::hash<std::string>,std::equal_to<std::string>,std::allocator<std::pair<const std::string,double>>>,
              _Alloc=std::allocator<std::pair<const int,std::unordered_map<std::string,double,std::hash<std::string>,std::equal_to<std::string>,std::allocator<std::pair<const std::string,double>>>>>
          ]
  d:\vs2015\vc\include\list(1064): note: 参见对正在编译的函数 模板 实例化“std::_List_node<std::pair<const _Kty,_Ty>,void *> *std::_List_buy<std::pair<const _Kty,_Ty>,_Alloc>::_Buynode<std::pair<unsigned __int64,std::unordered_map<std::string,double,std::hash<std::basic_string<char,std::char_traits<char>,std::allocator<char>>>,std::equal_to<std::basic_string<char,std::char_traits<char>,std::allocator<char>>>,std::allocator<std::pair<const std::basic_string<char,std::char_traits<char>,std::allocator<char>>,double>>>>>(std::_List_node<std::pair<const _Kty,_Ty>,void *> *,std::_List_node<std::pair<const _Kty,_Ty>,void *> *,std::pair<unsigned __int64,std::unordered_map<std::string,double,std::hash<std::basic_string<char,std::char_traits<char>,std::allocator<char>>>,std::equal_to<std::basic_string<char,std::char_traits<char>,std::allocator<char>>>,std::allocator<std::pair<const std::basic_string<char,std::char_traits<char>,std::allocator<char>>,double>>>> &&)”的引用
          with
          [
              _Kty=int,
              _Ty=std::unordered_map<std::string,double,std::hash<std::string>,std::equal_to<std::string>,std::allocator<std::pair<const std::string,double>>>,
              _Alloc=std::allocator<std::pair<const int,std::unordered_map<std::string,double,std::hash<std::string>,std::equal_to<std::string>,std::allocator<std::pair<const std::string,double>>>>>
          ]
  d:\vs2015\vc\include\list(1037): note: 参见对正在编译的函数 模板 实例化“void std::list<std::pair<const _Kty,_Ty>,std::allocator<std::pair<const _Kty,_Ty>>>::_Insert<std::pair<unsigned __int64,std::unordered_map<std::string,double,std::hash<std::basic_string<char,std::char_traits<char>,std::allocator<char>>>,std::equal_to<std::basic_string<char,std::char_traits<char>,std::allocator<char>>>,std::allocator<std::pair<const std::basic_string<char,std::char_traits<char>,std::allocator<char>>,double>>>>>(std::_List_unchecked_const_iterator<std::_List_val<std::_List_simple_types<std::pair<const _Kty,_Ty>>>,std::_Iterator_base0>,std::pair<unsigned __int64,std::unordered_map<std::string,double,std::hash<std::basic_string<char,std::char_traits<char>,std::allocator<char>>>,std::equal_to<std::basic_string<char,std::char_traits<char>,std::allocator<char>>>,std::allocator<std::pair<const std::basic_string<char,std::char_traits<char>,std::allocator<char>>,double>>>> &&)”的引用
          with
          [
              _Kty=int,
              _Ty=std::unordered_map<std::string,double,std::hash<std::string>,std::equal_to<std::string>,std::allocator<std::pair<const std::string,double>>>
          ]
  d:\vs2015\vc\include\list(1037): note: 参见对正在编译的函数 模板 实例化“void std::list<std::pair<const _Kty,_Ty>,std::allocator<std::pair<const _Kty,_Ty>>>::_Insert<std::pair<unsigned __int64,std::unordered_map<std::string,double,std::hash<std::basic_string<char,std::char_traits<char>,std::allocator<char>>>,std::equal_to<std::basic_string<char,std::char_traits<char>,std::allocator<char>>>,std::allocator<std::pair<const std::basic_string<char,std::char_traits<char>,std::allocator<char>>,double>>>>>(std::_List_unchecked_const_iterator<std::_List_val<std::_List_simple_types<std::pair<const _Kty,_Ty>>>,std::_Iterator_base0>,std::pair<unsigned __int64,std::unordered_map<std::string,double,std::hash<std::basic_string<char,std::char_traits<char>,std::allocator<char>>>,std::equal_to<std::basic_string<char,std::char_traits<char>,std::allocator<char>>>,std::allocator<std::pair<const std::basic_string<char,std::char_traits<char>,std::allocator<char>>,double>>>> &&)”的引用
          with
          [
              _Kty=int,
              _Ty=std::unordered_map<std::string,double,std::hash<std::string>,std::equal_to<std::string>,std::allocator<std::pair<const std::string,double>>>
          ]
  d:\vs2015\vc\include\xhash(254): note: 参见对正在编译的函数 模板 实例化“void std::list<std::pair<const _Kty,_Ty>,std::allocator<std::pair<const _Kty,_Ty>>>::emplace_front<std::pair<unsigned __int64,std::unordered_map<std::string,double,std::hash<std::basic_string<char,std::char_traits<char>,std::allocator<char>>>,std::equal_to<std::basic_string<char,std::char_traits<char>,std::allocator<char>>>,std::allocator<std::pair<const std::basic_string<char,std::char_traits<char>,std::allocator<char>>,double>>>>>(std::pair<unsigned __int64,std::unordered_map<std::string,double,std::hash<std::basic_string<char,std::char_traits<char>,std::allocator<char>>>,std::equal_to<std::basic_string<char,std::char_traits<char>,std::allocator<char>>>,std::allocator<std::pair<const std::basic_string<char,std::char_traits<char>,std::allocator<char>>,double>>>> &&)”的引用
          with
          [
              _Kty=int,
              _Ty=std::unordered_map<std::string,double,std::hash<std::string>,std::equal_to<std::string>,std::allocator<std::pair<const std::string,double>>>
          ]
  d:\vs2015\vc\include\xhash(254): note: 参见对正在编译的函数 模板 实例化“void std::list<std::pair<const _Kty,_Ty>,std::allocator<std::pair<const _Kty,_Ty>>>::emplace_front<std::pair<unsigned __int64,std::unordered_map<std::string,double,std::hash<std::basic_string<char,std::char_traits<char>,std::allocator<char>>>,std::equal_to<std::basic_string<char,std::char_traits<char>,std::allocator<char>>>,std::allocator<std::pair<const std::basic_string<char,std::char_traits<char>,std::allocator<char>>,double>>>>>(std::pair<unsigned __int64,std::unordered_map<std::string,double,std::hash<std::basic_string<char,std::char_traits<char>,std::allocator<char>>>,std::equal_to<std::basic_string<char,std::char_traits<char>,std::allocator<char>>>,std::allocator<std::pair<const std::basic_string<char,std::char_traits<char>,std::allocator<char>>,double>>>> &&)”的引用
          with
          [
              _Kty=int,
              _Ty=std::unordered_map<std::string,double,std::hash<std::string>,std::equal_to<std::string>,std::allocator<std::pair<const std::string,double>>>
          ]
  d:\vs2015\vc\include\unordered_map(252): note: 参见对正在编译的函数 模板 实例化“std::pair<std::_List_iterator<std::_List_val<std::_List_simple_types<std::pair<const _Kty,_Ty>>>>,bool> std::_Hash<std::_Umap_traits<_Kty,_Ty,std::_Uhash_compare<_Kty,_Hasher,_Keyeq>,_Alloc,false>>::emplace<std::pair<unsigned __int64,std::unordered_map<std::string,double,std::hash<std::basic_string<char,std::char_traits<char>,std::allocator<char>>>,std::equal_to<std::basic_string<char,std::char_traits<char>,std::allocator<char>>>,std::allocator<std::pair<const std::basic_string<char,std::char_traits<char>,std::allocator<char>>,double>>>>>(std::pair<unsigned __int64,std::unordered_map<std::string,double,std::hash<std::basic_string<char,std::char_traits<char>,std::allocator<char>>>,std::equal_to<std::basic_string<char,std::char_traits<char>,std::allocator<char>>>,std::allocator<std::pair<const std::basic_string<char,std::char_traits<char>,std::allocator<char>>,double>>>> &&)”的引用
          with
          [
              _Kty=int,
              _Ty=std::unordered_map<std::string,double,std::hash<std::string>,std::equal_to<std::string>,std::allocator<std::pair<const std::string,double>>>,
              _Hasher=std::hash<int>,
              _Keyeq=std::equal_to<int>,
              _Alloc=std::allocator<std::pair<const int,std::unordered_map<std::string,double,std::hash<std::string>,std::equal_to<std::string>,std::allocator<std::pair<const std::string,double>>>>>
          ]
  d:\vs2015\vc\include\unordered_map(252): note: 参见对正在编译的函数 模板 实例化“std::pair<std::_List_iterator<std::_List_val<std::_List_simple_types<std::pair<const _Kty,_Ty>>>>,bool> std::_Hash<std::_Umap_traits<_Kty,_Ty,std::_Uhash_compare<_Kty,_Hasher,_Keyeq>,_Alloc,false>>::emplace<std::pair<unsigned __int64,std::unordered_map<std::string,double,std::hash<std::basic_string<char,std::char_traits<char>,std::allocator<char>>>,std::equal_to<std::basic_string<char,std::char_traits<char>,std::allocator<char>>>,std::allocator<std::pair<const std::basic_string<char,std::char_traits<char>,std::allocator<char>>,double>>>>>(std::pair<unsigned __int64,std::unordered_map<std::string,double,std::hash<std::basic_string<char,std::char_traits<char>,std::allocator<char>>>,std::equal_to<std::basic_string<char,std::char_traits<char>,std::allocator<char>>>,std::allocator<std::pair<const std::basic_string<char,std::char_traits<char>,std::allocator<char>>,double>>>> &&)”的引用
          with
          [
              _Kty=int,
              _Ty=std::unordered_map<std::string,double,std::hash<std::string>,std::equal_to<std::string>,std::allocator<std::pair<const std::string,double>>>,
              _Hasher=std::hash<int>,
              _Keyeq=std::equal_to<int>,
              _Alloc=std::allocator<std::pair<const int,std::unordered_map<std::string,double,std::hash<std::string>,std::equal_to<std::string>,std::allocator<std::pair<const std::string,double>>>>>
          ]
  e:\个人文件整理\源程序\kernel\ptop 2.0\ptop\searcher.cpp(2691): note: 参见对正在编译的函数 模板 实例化“std::pair<std::_List_iterator<std::_List_val<std::_List_simple_types<std::pair<const _Kty,_Ty>>>>,bool> std::unordered_map<_Kty,_Ty,std::hash<int>,std::equal_to<_Kty>,std::allocator<std::pair<const _Kty,_Ty>>>::insert<std::pair<unsigned __int64,std::unordered_map<std::string,double,std::hash<std::basic_string<char,std::char_traits<char>,std::allocator<char>>>,std::equal_to<std::basic_string<char,std::char_traits<char>,std::allocator<char>>>,std::allocator<std::pair<const std::basic_string<char,std::char_traits<char>,std::allocator<char>>,double>>>>,void>(_Valty &&)”的引用
          with
          [
              _Kty=int,
              _Ty=std::unordered_map<std::string,double,std::hash<std::string>,std::equal_to<std::string>,std::allocator<std::pair<const std::string,double>>>,
              _Valty=std::pair<unsigned __int64,std::unordered_map<std::string,double,std::hash<std::string>,std::equal_to<std::string>,std::allocator<std::pair<const std::string,double>>>>
          ]
  e:\个人文件整理\源程序\kernel\ptop 2.0\ptop\searcher.cpp(2691): note: 参见对正在编译的函数 模板 实例化“std::pair<std::_List_iterator<std::_List_val<std::_List_simple_types<std::pair<const _Kty,_Ty>>>>,bool> std::unordered_map<_Kty,_Ty,std::hash<int>,std::equal_to<_Kty>,std::allocator<std::pair<const _Kty,_Ty>>>::insert<std::pair<unsigned __int64,std::unordered_map<std::string,double,std::hash<std::basic_string<char,std::char_traits<char>,std::allocator<char>>>,std::equal_to<std::basic_string<char,std::char_traits<char>,std::allocator<char>>>,std::allocator<std::pair<const std::basic_string<char,std::char_traits<char>,std::allocator<char>>,double>>>>,void>(_Valty &&)”的引用
          with
          [
              _Kty=int,
              _Ty=std::unordered_map<std::string,double,std::hash<std::string>,std::equal_to<std::string>,std::allocator<std::pair<const std::string,double>>>,
              _Valty=std::pair<unsigned __int64,std::unordered_map<std::string,double,std::hash<std::string>,std::equal_to<std::string>,std::allocator<std::pair<const std::string,double>>>>
          ]
  MainFlow.cpp
e:\个人文件整理\源程序\kernel\ptop 2.0\ptop\util.h(369): warning C4996: 'access': The POSIX name for this item is deprecated. Instead, use the ISO C and C++ conformant name: _access. See online help for details.
  c:\program files (x86)\windows kits\10\include\10.0.10240.0\ucrt\corecrt_io.h(439): note: 参见“access”的声明
e:\个人文件整理\源程序\kernel\ptop 2.0\ptop\util.h(372): warning C4996: 'mkdir': The POSIX name for this item is deprecated. Instead, use the ISO C and C++ conformant name: _mkdir. See online help for details.
  c:\program files (x86)\windows kits\10\include\10.0.10240.0\ucrt\direct.h(108): note: 参见“mkdir”的声明
e:\个人文件整理\源程序\kernel\ptop 2.0\ptop\mainflow.cpp(466): warning C4267: “+=”: 从“size_t”转换到“int”，可能丢失数据
e:\个人文件整理\源程序\kernel\ptop 2.0\ptop\mainflow.cpp(535): warning C4267: “+=”: 从“size_t”转换到“int”，可能丢失数据
e:\个人文件整理\源程序\kernel\ptop 2.0\ptop\mainflow.cpp(607): warning C4996: 'fopen': This function or variable may be unsafe. Consider using fopen_s instead. To disable deprecation, use _CRT_SECURE_NO_WARNINGS. See online help for details.
  c:\program files (x86)\windows kits\10\include\10.0.10240.0\ucrt\stdio.h(205): note: 参见“fopen”的声明
e:\个人文件整理\源程序\kernel\ptop 2.0\ptop\mainflow.cpp(764): warning C4267: “参数”: 从“size_t”转换到“const int”，可能丢失数据
e:\个人文件整理\源程序\kernel\ptop 2.0\ptop\mainflow.cpp(781): warning C4267: “参数”: 从“size_t”转换到“const int”，可能丢失数据
e:\个人文件整理\源程序\kernel\ptop 2.0\ptop\mainflow.cpp(762): warning C4996: 'sprintf': This function or variable may be unsafe. Consider using sprintf_s instead. To disable deprecation, use _CRT_SECURE_NO_WARNINGS. See online help for details.
  c:\program files (x86)\windows kits\10\include\10.0.10240.0\ucrt\stdio.h(1769): note: 参见“sprintf”的声明
e:\个人文件整理\源程序\kernel\ptop 2.0\ptop\mainflow.cpp(845): warning C4996: 'sprintf': This function or variable may be unsafe. Consider using sprintf_s instead. To disable deprecation, use _CRT_SECURE_NO_WARNINGS. See online help for details.
  c:\program files (x86)\windows kits\10\include\10.0.10240.0\ucrt\stdio.h(1769): note: 参见“sprintf”的声明
e:\个人文件整理\源程序\kernel\ptop 2.0\ptop\mainflow.cpp(923): warning C4267: “参数”: 从“size_t”转换到“const int”，可能丢失数据
e:\个人文件整理\源程序\kernel\ptop 2.0\ptop\mainflow.cpp(921): warning C4996: 'sprintf': This function or variable may be unsafe. Consider using sprintf_s instead. To disable deprecation, use _CRT_SECURE_NO_WARNINGS. See online help for details.
  c:\program files (x86)\windows kits\10\include\10.0.10240.0\ucrt\stdio.h(1769): note: 参见“sprintf”的声明
  正在生成代码...
  正在跳过...(未检测到相关更改)
  test.cpp
  main.cpp
  pTop.vcxproj -> E:\个人文件整理\源程序\kernel\pTop 2.0\x64\Debug\pTop.exe
  pTop.vcxproj -> E:\个人文件整理\源程序\kernel\pTop 2.0\x64\Debug\pTop.pdb (Full PDB)
