  test.cpp
e:\个人文件整理\源程序\kernel\ptop 1.2\ptop\basictools.h(110): warning C4996: 'access': The POSIX name for this item is deprecated. Instead, use the ISO C and C++ conformant name: _access. See online help for details.
  c:\program files (x86)\windows kits\10\include\10.0.10240.0\ucrt\corecrt_io.h(439): note: 参见“access”的声明
e:\个人文件整理\源程序\kernel\ptop 1.2\ptop\basictools.h(113): warning C4996: 'mkdir': The POSIX name for this item is deprecated. Instead, use the ISO C and C++ conformant name: _mkdir. See online help for details.
  c:\program files (x86)\windows kits\10\include\10.0.10240.0\ucrt\direct.h(108): note: 参见“mkdir”的声明
e:\个人文件整理\源程序\kernel\ptop 1.2\ptop\test.cpp(30): warning C4996: 'fopen': This function or variable may be unsafe. Consider using fopen_s instead. To disable deprecation, use _CRT_SECURE_NO_WARNINGS. See online help for details.
  c:\program files (x86)\windows kits\10\include\10.0.10240.0\ucrt\stdio.h(205): note: 参见“fopen”的声明
  TagSearcher.cpp
e:\个人文件整理\源程序\kernel\ptop 1.2\ptop\basictools.h(110): warning C4996: 'access': The POSIX name for this item is deprecated. Instead, use the ISO C and C++ conformant name: _access. See online help for details.
  c:\program files (x86)\windows kits\10\include\10.0.10240.0\ucrt\corecrt_io.h(439): note: 参见“access”的声明
e:\个人文件整理\源程序\kernel\ptop 1.2\ptop\basictools.h(113): warning C4996: 'mkdir': The POSIX name for this item is deprecated. Instead, use the ISO C and C++ conformant name: _mkdir. See online help for details.
  c:\program files (x86)\windows kits\10\include\10.0.10240.0\ucrt\direct.h(108): note: 参见“mkdir”的声明
e:\个人文件整理\源程序\kernel\ptop 1.2\ptop\tagsearcher.cpp(294): warning C4267: “=”: 从“size_t”转换到“int”，可能丢失数据
  TAGPriorityQueue.cpp
e:\个人文件整理\源程序\kernel\ptop 1.2\ptop\basictools.h(110): warning C4996: 'access': The POSIX name for this item is deprecated. Instead, use the ISO C and C++ conformant name: _access. See online help for details.
  c:\program files (x86)\windows kits\10\include\10.0.10240.0\ucrt\corecrt_io.h(439): note: 参见“access”的声明
e:\个人文件整理\源程序\kernel\ptop 1.2\ptop\basictools.h(113): warning C4996: 'mkdir': The POSIX name for this item is deprecated. Instead, use the ISO C and C++ conformant name: _mkdir. See online help for details.
  c:\program files (x86)\windows kits\10\include\10.0.10240.0\ucrt\direct.h(108): note: 参见“mkdir”的声明
e:\个人文件整理\源程序\kernel\ptop 1.2\ptop\tagpriorityqueue.cpp(163): warning C4267: “return”: 从“size_t”转换到“int”，可能丢失数据
  TagFlow.cpp
e:\个人文件整理\源程序\kernel\ptop 1.2\ptop\basictools.h(110): warning C4996: 'access': The POSIX name for this item is deprecated. Instead, use the ISO C and C++ conformant name: _access. See online help for details.
  c:\program files (x86)\windows kits\10\include\10.0.10240.0\ucrt\corecrt_io.h(439): note: 参见“access”的声明
e:\个人文件整理\源程序\kernel\ptop 1.2\ptop\basictools.h(113): warning C4996: 'mkdir': The POSIX name for this item is deprecated. Instead, use the ISO C and C++ conformant name: _mkdir. See online help for details.
  c:\program files (x86)\windows kits\10\include\10.0.10240.0\ucrt\direct.h(108): note: 参见“mkdir”的声明
e:\个人文件整理\源程序\kernel\ptop 1.2\ptop\tagflow.cpp(106): warning C4267: “初始化”: 从“size_t”转换到“int”，可能丢失数据
e:\个人文件整理\源程序\kernel\ptop 1.2\ptop\tagflow.cpp(140): warning C4267: “初始化”: 从“size_t”转换到“int”，可能丢失数据
e:\个人文件整理\源程序\kernel\ptop 1.2\ptop\tagflow.cpp(179): warning C4267: “参数”: 从“size_t”转换到“int”，可能丢失数据
e:\个人文件整理\源程序\kernel\ptop 1.2\ptop\tagflow.cpp(233): warning C4267: “=”: 从“size_t”转换到“unsigned int”，可能丢失数据
e:\个人文件整理\源程序\kernel\ptop 1.2\ptop\tagflow.cpp(300): warning C4267: “初始化”: 从“size_t”转换到“tag_val”，可能丢失数据
e:\个人文件整理\源程序\kernel\ptop 1.2\ptop\tagflow.cpp(324): warning C4267: “参数”: 从“size_t”转换到“const int”，可能丢失数据
e:\个人文件整理\源程序\kernel\ptop 1.2\ptop\tagflow.cpp(329): warning C4267: “参数”: 从“size_t”转换到“const int”，可能丢失数据
  SearchEngine.cpp
e:\个人文件整理\源程序\kernel\ptop 1.2\ptop\basictools.h(110): warning C4996: 'access': The POSIX name for this item is deprecated. Instead, use the ISO C and C++ conformant name: _access. See online help for details.
  c:\program files (x86)\windows kits\10\include\10.0.10240.0\ucrt\corecrt_io.h(439): note: 参见“access”的声明
e:\个人文件整理\源程序\kernel\ptop 1.2\ptop\basictools.h(113): warning C4996: 'mkdir': The POSIX name for this item is deprecated. Instead, use the ISO C and C++ conformant name: _mkdir. See online help for details.
  c:\program files (x86)\windows kits\10\include\10.0.10240.0\ucrt\direct.h(108): note: 参见“mkdir”的声明
e:\个人文件整理\源程序\kernel\ptop 1.2\ptop\searchengine.cpp(103): warning C4267: “初始化”: 从“size_t”转换到“int”，可能丢失数据
e:\个人文件整理\源程序\kernel\ptop 1.2\ptop\searchengine.cpp(137): warning C4267: “初始化”: 从“size_t”转换到“int”，可能丢失数据
e:\个人文件整理\源程序\kernel\ptop 1.2\ptop\searchengine.cpp(207): warning C4267: “初始化”: 从“size_t”转换到“int”，可能丢失数据
e:\个人文件整理\源程序\kernel\ptop 1.2\ptop\searchengine.cpp(473): warning C4267: “参数”: 从“size_t”转换到“const int”，可能丢失数据
e:\个人文件整理\源程序\kernel\ptop 1.2\ptop\searchengine.cpp(724): warning C4267: “初始化”: 从“size_t”转换到“int”，可能丢失数据
e:\个人文件整理\源程序\kernel\ptop 1.2\ptop\searchengine.cpp(1012): warning C4267: “初始化”: 从“size_t”转换到“int”，可能丢失数据
e:\个人文件整理\源程序\kernel\ptop 1.2\ptop\searchengine.cpp(1432): warning C4267: “=”: 从“size_t”转换到“int”，可能丢失数据
e:\个人文件整理\源程序\kernel\ptop 1.2\ptop\searchengine.cpp(1449): warning C4267: “初始化”: 从“size_t”转换到“int”，可能丢失数据
e:\个人文件整理\源程序\kernel\ptop 1.2\ptop\searchengine.cpp(1690): warning C4267: “初始化”: 从“size_t”转换到“int”，可能丢失数据
e:\个人文件整理\源程序\kernel\ptop 1.2\ptop\searchengine.cpp(1724): warning C4267: “初始化”: 从“size_t”转换到“int”，可能丢失数据
e:\个人文件整理\源程序\kernel\ptop 1.2\ptop\searchengine.cpp(1800): warning C4267: “初始化”: 从“size_t”转换到“int”，可能丢失数据
e:\个人文件整理\源程序\kernel\ptop 1.2\ptop\searchengine.cpp(1861): warning C4267: “初始化”: 从“size_t”转换到“int”，可能丢失数据
e:\个人文件整理\源程序\kernel\ptop 1.2\ptop\searchengine.cpp(1872): warning C4267: “=”: 从“size_t”转换到“int”，可能丢失数据
e:\个人文件整理\源程序\kernel\ptop 1.2\ptop\searchengine.cpp(1972): warning C4267: “初始化”: 从“size_t”转换到“int”，可能丢失数据
e:\个人文件整理\源程序\kernel\ptop 1.2\ptop\searchengine.cpp(1996): warning C4267: “=”: 从“size_t”转换到“int”，可能丢失数据
e:\个人文件整理\源程序\kernel\ptop 1.2\ptop\searchengine.cpp(2065): warning C4267: “参数”: 从“size_t”转换到“const char”，可能丢失数据
e:\个人文件整理\源程序\kernel\ptop 1.2\ptop\searchengine.cpp(2070): warning C4267: “初始化”: 从“size_t”转换到“char”，可能丢失数据
e:\个人文件整理\源程序\kernel\ptop 1.2\ptop\searchengine.cpp(2085): warning C4267: “初始化”: 从“size_t”转换到“int”，可能丢失数据
  ResFilter.cpp
e:\个人文件整理\源程序\kernel\ptop 1.2\ptop\basictools.h(110): warning C4996: 'access': The POSIX name for this item is deprecated. Instead, use the ISO C and C++ conformant name: _access. See online help for details.
  c:\program files (x86)\windows kits\10\include\10.0.10240.0\ucrt\corecrt_io.h(439): note: 参见“access”的声明
e:\个人文件整理\源程序\kernel\ptop 1.2\ptop\basictools.h(113): warning C4996: 'mkdir': The POSIX name for this item is deprecated. Instead, use the ISO C and C++ conformant name: _mkdir. See online help for details.
  c:\program files (x86)\windows kits\10\include\10.0.10240.0\ucrt\direct.h(108): note: 参见“mkdir”的声明
e:\个人文件整理\源程序\kernel\ptop 1.2\ptop\resfilter.cpp(19): warning C4267: “=”: 从“size_t”转换到“int”，可能丢失数据
e:\个人文件整理\源程序\kernel\ptop 1.2\ptop\resfilter.cpp(52): warning C4267: “初始化”: 从“size_t”转换到“int”，可能丢失数据
e:\个人文件整理\源程序\kernel\ptop 1.2\ptop\resfilter.cpp(82): warning C4996: 'fopen': This function or variable may be unsafe. Consider using fopen_s instead. To disable deprecation, use _CRT_SECURE_NO_WARNINGS. See online help for details.
  c:\program files (x86)\windows kits\10\include\10.0.10240.0\ucrt\stdio.h(205): note: 参见“fopen”的声明
e:\个人文件整理\源程序\kernel\ptop 1.2\ptop\resfilter.cpp(114): warning C4996: 'strtok': This function or variable may be unsafe. Consider using strtok_s instead. To disable deprecation, use _CRT_SECURE_NO_WARNINGS. See online help for details.
  c:\program files (x86)\windows kits\10\include\10.0.10240.0\ucrt\string.h(453): note: 参见“strtok”的声明
e:\个人文件整理\源程序\kernel\ptop 1.2\ptop\resfilter.cpp(118): warning C4996: 'strtok': This function or variable may be unsafe. Consider using strtok_s instead. To disable deprecation, use _CRT_SECURE_NO_WARNINGS. See online help for details.
  c:\program files (x86)\windows kits\10\include\10.0.10240.0\ucrt\string.h(453): note: 参见“strtok”的声明
e:\个人文件整理\源程序\kernel\ptop 1.2\ptop\resfilter.cpp(132): warning C4267: “初始化”: 从“size_t”转换到“int”，可能丢失数据
e:\个人文件整理\源程序\kernel\ptop 1.2\ptop\resfilter.cpp(149): warning C4996: 'strncpy': This function or variable may be unsafe. Consider using strncpy_s instead. To disable deprecation, use _CRT_SECURE_NO_WARNINGS. See online help for details.
  c:\program files (x86)\windows kits\10\include\10.0.10240.0\ucrt\string.h(346): note: 参见“strncpy”的声明
e:\个人文件整理\源程序\kernel\ptop 1.2\ptop\resfilter.cpp(207): warning C4996: 'strncpy': This function or variable may be unsafe. Consider using strncpy_s instead. To disable deprecation, use _CRT_SECURE_NO_WARNINGS. See online help for details.
  c:\program files (x86)\windows kits\10\include\10.0.10240.0\ucrt\string.h(346): note: 参见“strncpy”的声明
e:\个人文件整理\源程序\kernel\ptop 1.2\ptop\resfilter.cpp(271): warning C4996: 'fopen': This function or variable may be unsafe. Consider using fopen_s instead. To disable deprecation, use _CRT_SECURE_NO_WARNINGS. See online help for details.
  c:\program files (x86)\windows kits\10\include\10.0.10240.0\ucrt\stdio.h(205): note: 参见“fopen”的声明
e:\个人文件整理\源程序\kernel\ptop 1.2\ptop\resfilter.cpp(288): warning C4996: 'strcpy': This function or variable may be unsafe. Consider using strcpy_s instead. To disable deprecation, use _CRT_SECURE_NO_WARNINGS. See online help for details.
  c:\program files (x86)\windows kits\10\include\10.0.10240.0\ucrt\string.h(119): note: 参见“strcpy”的声明
e:\个人文件整理\源程序\kernel\ptop 1.2\ptop\resfilter.cpp(310): warning C4996: 'sprintf': This function or variable may be unsafe. Consider using sprintf_s instead. To disable deprecation, use _CRT_SECURE_NO_WARNINGS. See online help for details.
  c:\program files (x86)\windows kits\10\include\10.0.10240.0\ucrt\stdio.h(1769): note: 参见“sprintf”的声明
e:\个人文件整理\源程序\kernel\ptop 1.2\ptop\resfilter.cpp(365): warning C4267: “参数”: 从“size_t”转换到“int”，可能丢失数据
e:\个人文件整理\源程序\kernel\ptop 1.2\ptop\resfilter.cpp(368): warning C4267: “参数”: 从“size_t”转换到“int”，可能丢失数据
e:\个人文件整理\源程序\kernel\ptop 1.2\ptop\resfilter.cpp(369): warning C4267: “参数”: 从“size_t”转换到“int”，可能丢失数据
e:\个人文件整理\源程序\kernel\ptop 1.2\ptop\resfilter.cpp(376): warning C4267: “参数”: 从“size_t”转换到“int”，可能丢失数据
e:\个人文件整理\源程序\kernel\ptop 1.2\ptop\resfilter.cpp(377): warning C4267: “参数”: 从“size_t”转换到“int”，可能丢失数据
e:\个人文件整理\源程序\kernel\ptop 1.2\ptop\resfilter.cpp(386): warning C4477: “fprintf”: 格式字符串“%d”需要类型“int”的参数，但可变参数 1 拥有了类型“unsigned __int64”
  e:\个人文件整理\源程序\kernel\ptop 1.2\ptop\resfilter.cpp(386): note: 请考虑在格式字符串中使用“%zd”
e:\个人文件整理\源程序\kernel\ptop 1.2\ptop\resfilter.cpp(396): warning C4477: “fprintf”: 格式字符串“%d”需要类型“int”的参数，但可变参数 1 拥有了类型“std::size_t”
  e:\个人文件整理\源程序\kernel\ptop 1.2\ptop\resfilter.cpp(396): note: 请考虑在格式字符串中使用“%zd”
e:\个人文件整理\源程序\kernel\ptop 1.2\ptop\resfilter.cpp(452): warning C4267: “初始化”: 从“size_t”转换到“int”，可能丢失数据
d:\vs2015\vc\include\utility(172): warning C4267: “初始化”: 从“size_t”转换到“int”，可能丢失数据
  e:\个人文件整理\源程序\kernel\ptop 1.2\ptop\resfilter.cpp(183): note: 参见对正在编译的函数 模板 实例化“std::pair<std::string,int>::pair<std::string&,unsigned __int64,void,0>(_Other1,_Other2 &&) noexcept(false)”的引用
          with
          [
              _Other1=std::string &,
              _Other2=unsigned __int64
          ]
  e:\个人文件整理\源程序\kernel\ptop 1.2\ptop\resfilter.cpp(183): note: 参见对正在编译的函数 模板 实例化“std::pair<std::string,int>::pair<std::string&,unsigned __int64,void,0>(_Other1,_Other2 &&) noexcept(false)”的引用
          with
          [
              _Other1=std::string &,
              _Other2=unsigned __int64
          ]
  PrePTMForm.cpp
e:\个人文件整理\源程序\kernel\ptop 1.2\ptop\basictools.h(110): warning C4996: 'access': The POSIX name for this item is deprecated. Instead, use the ISO C and C++ conformant name: _access. See online help for details.
  c:\program files (x86)\windows kits\10\include\10.0.10240.0\ucrt\corecrt_io.h(439): note: 参见“access”的声明
e:\个人文件整理\源程序\kernel\ptop 1.2\ptop\basictools.h(113): warning C4996: 'mkdir': The POSIX name for this item is deprecated. Instead, use the ISO C and C++ conformant name: _mkdir. See online help for details.
  c:\program files (x86)\windows kits\10\include\10.0.10240.0\ucrt\direct.h(108): note: 参见“mkdir”的声明
e:\个人文件整理\源程序\kernel\ptop 1.2\ptop\preptmform.cpp(112): warning C4267: “=”: 从“size_t”转换到“int”，可能丢失数据
e:\个人文件整理\源程序\kernel\ptop 1.2\ptop\preptmform.cpp(134): warning C4267: “初始化”: 从“size_t”转换到“int”，可能丢失数据
e:\个人文件整理\源程序\kernel\ptop 1.2\ptop\preptmform.cpp(131): warning C4996: 'sprintf': This function or variable may be unsafe. Consider using sprintf_s instead. To disable deprecation, use _CRT_SECURE_NO_WARNINGS. See online help for details.
  c:\program files (x86)\windows kits\10\include\10.0.10240.0\ucrt\stdio.h(1769): note: 参见“sprintf”的声明
e:\个人文件整理\源程序\kernel\ptop 1.2\ptop\preptmform.cpp(151): warning C4996: 'sscanf': This function or variable may be unsafe. Consider using sscanf_s instead. To disable deprecation, use _CRT_SECURE_NO_WARNINGS. See online help for details.
  c:\program files (x86)\windows kits\10\include\10.0.10240.0\ucrt\stdio.h(2254): note: 参见“sscanf”的声明
e:\个人文件整理\源程序\kernel\ptop 1.2\ptop\preptmform.cpp(179): warning C4996: 'sscanf': This function or variable may be unsafe. Consider using sscanf_s instead. To disable deprecation, use _CRT_SECURE_NO_WARNINGS. See online help for details.
  c:\program files (x86)\windows kits\10\include\10.0.10240.0\ucrt\stdio.h(2254): note: 参见“sscanf”的声明
e:\个人文件整理\源程序\kernel\ptop 1.2\ptop\preptmform.cpp(215): warning C4267: “参数”: 从“size_t”转换到“const int”，可能丢失数据
e:\个人文件整理\源程序\kernel\ptop 1.2\ptop\preptmform.cpp(219): warning C4267: “参数”: 从“size_t”转换到“const int”，可能丢失数据
d:\vs2015\vc\include\utility(172): warning C4267: “初始化”: 从“size_t”转换到“int”，可能丢失数据
  e:\个人文件整理\源程序\kernel\ptop 1.2\ptop\preptmform.cpp(225): note: 参见对正在编译的函数 模板 实例化“std::pair<char,int>::pair<char&,size_t&,void,0>(_Other1,_Other2) noexcept”的引用
          with
          [
              _Other1=char &,
              _Other2=size_t &
          ]
  e:\个人文件整理\源程序\kernel\ptop 1.2\ptop\preptmform.cpp(225): note: 参见对正在编译的函数 模板 实例化“std::pair<char,int>::pair<char&,size_t&,void,0>(_Other1,_Other2) noexcept”的引用
          with
          [
              _Other1=char &,
              _Other2=size_t &
          ]
  MapAAMass.cpp
e:\个人文件整理\源程序\kernel\ptop 1.2\ptop\basictools.h(110): warning C4996: 'access': The POSIX name for this item is deprecated. Instead, use the ISO C and C++ conformant name: _access. See online help for details.
  c:\program files (x86)\windows kits\10\include\10.0.10240.0\ucrt\corecrt_io.h(439): note: 参见“access”的声明
e:\个人文件整理\源程序\kernel\ptop 1.2\ptop\basictools.h(113): warning C4996: 'mkdir': The POSIX name for this item is deprecated. Instead, use the ISO C and C++ conformant name: _mkdir. See online help for details.
  c:\program files (x86)\windows kits\10\include\10.0.10240.0\ucrt\direct.h(108): note: 参见“mkdir”的声明
e:\个人文件整理\源程序\kernel\ptop 1.2\ptop\mapaamass.cpp(62): warning C4996: 'sprintf': This function or variable may be unsafe. Consider using sprintf_s instead. To disable deprecation, use _CRT_SECURE_NO_WARNINGS. See online help for details.
  c:\program files (x86)\windows kits\10\include\10.0.10240.0\ucrt\stdio.h(1769): note: 参见“sprintf”的声明
e:\个人文件整理\源程序\kernel\ptop 1.2\ptop\mapaamass.cpp(135): warning C4996: 'sprintf': This function or variable may be unsafe. Consider using sprintf_s instead. To disable deprecation, use _CRT_SECURE_NO_WARNINGS. See online help for details.
  c:\program files (x86)\windows kits\10\include\10.0.10240.0\ucrt\stdio.h(1769): note: 参见“sprintf”的声明
e:\个人文件整理\源程序\kernel\ptop 1.2\ptop\mapaamass.cpp(212): warning C4267: “初始化”: 从“size_t”转换到“int”，可能丢失数据
e:\个人文件整理\源程序\kernel\ptop 1.2\ptop\mapaamass.cpp(244): warning C4267: “初始化”: 从“size_t”转换到“int”，可能丢失数据
  MainFlow.cpp
e:\个人文件整理\源程序\kernel\ptop 1.2\ptop\basictools.h(110): warning C4996: 'access': The POSIX name for this item is deprecated. Instead, use the ISO C and C++ conformant name: _access. See online help for details.
  c:\program files (x86)\windows kits\10\include\10.0.10240.0\ucrt\corecrt_io.h(439): note: 参见“access”的声明
e:\个人文件整理\源程序\kernel\ptop 1.2\ptop\basictools.h(113): warning C4996: 'mkdir': The POSIX name for this item is deprecated. Instead, use the ISO C and C++ conformant name: _mkdir. See online help for details.
  c:\program files (x86)\windows kits\10\include\10.0.10240.0\ucrt\direct.h(108): note: 参见“mkdir”的声明
e:\个人文件整理\源程序\kernel\ptop 1.2\ptop\mainflow.cpp(73): warning C4996: 'fopen': This function or variable may be unsafe. Consider using fopen_s instead. To disable deprecation, use _CRT_SECURE_NO_WARNINGS. See online help for details.
  c:\program files (x86)\windows kits\10\include\10.0.10240.0\ucrt\stdio.h(205): note: 参见“fopen”的声明
e:\个人文件整理\源程序\kernel\ptop 1.2\ptop\mainflow.cpp(77): warning C4996: 'fopen': This function or variable may be unsafe. Consider using fopen_s instead. To disable deprecation, use _CRT_SECURE_NO_WARNINGS. See online help for details.
  c:\program files (x86)\windows kits\10\include\10.0.10240.0\ucrt\stdio.h(205): note: 参见“fopen”的声明
e:\个人文件整理\源程序\kernel\ptop 1.2\ptop\mainflow.cpp(118): warning C4267: “初始化”: 从“size_t”转换到“int”，可能丢失数据
e:\个人文件整理\源程序\kernel\ptop 1.2\ptop\mainflow.cpp(191): warning C4267: “=”: 从“size_t”转换到“int”，可能丢失数据
e:\个人文件整理\源程序\kernel\ptop 1.2\ptop\mainflow.cpp(270): warning C4996: 'sprintf': This function or variable may be unsafe. Consider using sprintf_s instead. To disable deprecation, use _CRT_SECURE_NO_WARNINGS. See online help for details.
  c:\program files (x86)\windows kits\10\include\10.0.10240.0\ucrt\stdio.h(1769): note: 参见“sprintf”的声明
e:\个人文件整理\源程序\kernel\ptop 1.2\ptop\mainflow.cpp(413): warning C4477: “fprintf”: 格式字符串“%d”需要类型“int”的参数，但可变参数 2 拥有了类型“unsigned __int64”
  e:\个人文件整理\源程序\kernel\ptop 1.2\ptop\mainflow.cpp(413): note: 请考虑在格式字符串中使用“%zd”
e:\个人文件整理\源程序\kernel\ptop 1.2\ptop\mainflow.cpp(418): warning C4477: “fprintf”: 格式字符串“%d”需要类型“int”的参数，但可变参数 2 拥有了类型“unsigned __int64”
  e:\个人文件整理\源程序\kernel\ptop 1.2\ptop\mainflow.cpp(418): note: 请考虑在格式字符串中使用“%zd”
e:\个人文件整理\源程序\kernel\ptop 1.2\ptop\mainflow.cpp(522): warning C4477: “fprintf”: 格式字符串“%d”需要类型“int”的参数，但可变参数 1 拥有了类型“std::size_t”
  e:\个人文件整理\源程序\kernel\ptop 1.2\ptop\mainflow.cpp(522): note: 请考虑在格式字符串中使用“%zd”
e:\个人文件整理\源程序\kernel\ptop 1.2\ptop\mainflow.cpp(607): warning C4267: “+=”: 从“size_t”转换到“int”，可能丢失数据
e:\个人文件整理\源程序\kernel\ptop 1.2\ptop\mainflow.cpp(628): warning C4267: “参数”: 从“size_t”转换到“int”，可能丢失数据
e:\个人文件整理\源程序\kernel\ptop 1.2\ptop\mainflow.cpp(538): warning C4996: 'fopen': This function or variable may be unsafe. Consider using fopen_s instead. To disable deprecation, use _CRT_SECURE_NO_WARNINGS. See online help for details.
  c:\program files (x86)\windows kits\10\include\10.0.10240.0\ucrt\stdio.h(205): note: 参见“fopen”的声明
e:\个人文件整理\源程序\kernel\ptop 1.2\ptop\mainflow.cpp(555): warning C4996: 'fopen': This function or variable may be unsafe. Consider using fopen_s instead. To disable deprecation, use _CRT_SECURE_NO_WARNINGS. See online help for details.
  c:\program files (x86)\windows kits\10\include\10.0.10240.0\ucrt\stdio.h(205): note: 参见“fopen”的声明
e:\个人文件整理\源程序\kernel\ptop 1.2\ptop\mainflow.cpp(735): warning C4267: “参数”: 从“size_t”转换到“int”，可能丢失数据
e:\个人文件整理\源程序\kernel\ptop 1.2\ptop\mainflow.cpp(662): warning C4996: 'fopen': This function or variable may be unsafe. Consider using fopen_s instead. To disable deprecation, use _CRT_SECURE_NO_WARNINGS. See online help for details.
  c:\program files (x86)\windows kits\10\include\10.0.10240.0\ucrt\stdio.h(205): note: 参见“fopen”的声明
e:\个人文件整理\源程序\kernel\ptop 1.2\ptop\mainflow.cpp(678): warning C4996: 'fopen': This function or variable may be unsafe. Consider using fopen_s instead. To disable deprecation, use _CRT_SECURE_NO_WARNINGS. See online help for details.
  c:\program files (x86)\windows kits\10\include\10.0.10240.0\ucrt\stdio.h(205): note: 参见“fopen”的声明
e:\个人文件整理\源程序\kernel\ptop 1.2\ptop\mainflow.cpp(764): warning C4267: “初始化”: 从“size_t”转换到“int”，可能丢失数据
e:\个人文件整理\源程序\kernel\ptop 1.2\ptop\mainflow.cpp(767): warning C4267: “=”: 从“size_t”转换到“int”，可能丢失数据
e:\个人文件整理\源程序\kernel\ptop 1.2\ptop\mainflow.cpp(769): warning C4267: “初始化”: 从“size_t”转换到“int”，可能丢失数据
e:\个人文件整理\源程序\kernel\ptop 1.2\ptop\mainflow.cpp(757): warning C4996: 'fopen': This function or variable may be unsafe. Consider using fopen_s instead. To disable deprecation, use _CRT_SECURE_NO_WARNINGS. See online help for details.
  c:\program files (x86)\windows kits\10\include\10.0.10240.0\ucrt\stdio.h(205): note: 参见“fopen”的声明
e:\个人文件整理\源程序\kernel\ptop 1.2\ptop\mainflow.cpp(926): warning C4267: “+=”: 从“size_t”转换到“int”，可能丢失数据
e:\个人文件整理\源程序\kernel\ptop 1.2\ptop\mainflow.cpp(997): warning C4267: “参数”: 从“size_t”转换到“int”，可能丢失数据
e:\个人文件整理\源程序\kernel\ptop 1.2\ptop\mainflow.cpp(895): warning C4996: 'fopen': This function or variable may be unsafe. Consider using fopen_s instead. To disable deprecation, use _CRT_SECURE_NO_WARNINGS. See online help for details.
  c:\program files (x86)\windows kits\10\include\10.0.10240.0\ucrt\stdio.h(205): note: 参见“fopen”的声明
  main.cpp
e:\个人文件整理\源程序\kernel\ptop 1.2\ptop\basictools.h(110): warning C4996: 'access': The POSIX name for this item is deprecated. Instead, use the ISO C and C++ conformant name: _access. See online help for details.
  c:\program files (x86)\windows kits\10\include\10.0.10240.0\ucrt\corecrt_io.h(439): note: 参见“access”的声明
e:\个人文件整理\源程序\kernel\ptop 1.2\ptop\basictools.h(113): warning C4996: 'mkdir': The POSIX name for this item is deprecated. Instead, use the ISO C and C++ conformant name: _mkdir. See online help for details.
  c:\program files (x86)\windows kits\10\include\10.0.10240.0\ucrt\direct.h(108): note: 参见“mkdir”的声明
  CreateIndex.cpp
e:\个人文件整理\源程序\kernel\ptop 1.2\ptop\basictools.h(110): warning C4996: 'access': The POSIX name for this item is deprecated. Instead, use the ISO C and C++ conformant name: _access. See online help for details.
  c:\program files (x86)\windows kits\10\include\10.0.10240.0\ucrt\corecrt_io.h(439): note: 参见“access”的声明
e:\个人文件整理\源程序\kernel\ptop 1.2\ptop\basictools.h(113): warning C4996: 'mkdir': The POSIX name for this item is deprecated. Instead, use the ISO C and C++ conformant name: _mkdir. See online help for details.
  c:\program files (x86)\windows kits\10\include\10.0.10240.0\ucrt\direct.h(108): note: 参见“mkdir”的声明
  Configuration.cpp
e:\个人文件整理\源程序\kernel\ptop 1.2\ptop\basictools.h(110): warning C4996: 'access': The POSIX name for this item is deprecated. Instead, use the ISO C and C++ conformant name: _access. See online help for details.
  c:\program files (x86)\windows kits\10\include\10.0.10240.0\ucrt\corecrt_io.h(439): note: 参见“access”的声明
e:\个人文件整理\源程序\kernel\ptop 1.2\ptop\basictools.h(113): warning C4996: 'mkdir': The POSIX name for this item is deprecated. Instead, use the ISO C and C++ conformant name: _mkdir. See online help for details.
  c:\program files (x86)\windows kits\10\include\10.0.10240.0\ucrt\direct.h(108): note: 参见“mkdir”的声明
e:\个人文件整理\源程序\kernel\ptop 1.2\ptop\configuration.cpp(36): warning C4996: 'fopen': This function or variable may be unsafe. Consider using fopen_s instead. To disable deprecation, use _CRT_SECURE_NO_WARNINGS. See online help for details.
  c:\program files (x86)\windows kits\10\include\10.0.10240.0\ucrt\stdio.h(205): note: 参见“fopen”的声明
e:\个人文件整理\源程序\kernel\ptop 1.2\ptop\configuration.cpp(39): warning C4996: 'strcpy': This function or variable may be unsafe. Consider using strcpy_s instead. To disable deprecation, use _CRT_SECURE_NO_WARNINGS. See online help for details.
  c:\program files (x86)\windows kits\10\include\10.0.10240.0\ucrt\string.h(119): note: 参见“strcpy”的声明
e:\个人文件整理\源程序\kernel\ptop 1.2\ptop\configuration.cpp(92): warning C4996: 'strcpy': This function or variable may be unsafe. Consider using strcpy_s instead. To disable deprecation, use _CRT_SECURE_NO_WARNINGS. See online help for details.
  c:\program files (x86)\windows kits\10\include\10.0.10240.0\ucrt\string.h(119): note: 参见“strcpy”的声明
e:\个人文件整理\源程序\kernel\ptop 1.2\ptop\configuration.cpp(97): warning C4996: 'strcpy': This function or variable may be unsafe. Consider using strcpy_s instead. To disable deprecation, use _CRT_SECURE_NO_WARNINGS. See online help for details.
  c:\program files (x86)\windows kits\10\include\10.0.10240.0\ucrt\string.h(119): note: 参见“strcpy”的声明
e:\个人文件整理\源程序\kernel\ptop 1.2\ptop\configuration.cpp(101): warning C4996: 'strcpy': This function or variable may be unsafe. Consider using strcpy_s instead. To disable deprecation, use _CRT_SECURE_NO_WARNINGS. See online help for details.
  c:\program files (x86)\windows kits\10\include\10.0.10240.0\ucrt\string.h(119): note: 参见“strcpy”的声明
e:\个人文件整理\源程序\kernel\ptop 1.2\ptop\configuration.cpp(189): warning C4996: 'fopen': This function or variable may be unsafe. Consider using fopen_s instead. To disable deprecation, use _CRT_SECURE_NO_WARNINGS. See online help for details.
  c:\program files (x86)\windows kits\10\include\10.0.10240.0\ucrt\stdio.h(205): note: 参见“fopen”的声明
e:\个人文件整理\源程序\kernel\ptop 1.2\ptop\configuration.cpp(219): warning C4996: 'sprintf': This function or variable may be unsafe. Consider using sprintf_s instead. To disable deprecation, use _CRT_SECURE_NO_WARNINGS. See online help for details.
  c:\program files (x86)\windows kits\10\include\10.0.10240.0\ucrt\stdio.h(1769): note: 参见“sprintf”的声明
e:\个人文件整理\源程序\kernel\ptop 1.2\ptop\configuration.cpp(237): warning C4996: 'sprintf': This function or variable may be unsafe. Consider using sprintf_s instead. To disable deprecation, use _CRT_SECURE_NO_WARNINGS. See online help for details.
  c:\program files (x86)\windows kits\10\include\10.0.10240.0\ucrt\stdio.h(1769): note: 参见“sprintf”的声明
e:\个人文件整理\源程序\kernel\ptop 1.2\ptop\configuration.cpp(243): warning C4996: 'sprintf': This function or variable may be unsafe. Consider using sprintf_s instead. To disable deprecation, use _CRT_SECURE_NO_WARNINGS. See online help for details.
  c:\program files (x86)\windows kits\10\include\10.0.10240.0\ucrt\stdio.h(1769): note: 参见“sprintf”的声明
e:\个人文件整理\源程序\kernel\ptop 1.2\ptop\configuration.cpp(293): warning C4996: 'fopen': This function or variable may be unsafe. Consider using fopen_s instead. To disable deprecation, use _CRT_SECURE_NO_WARNINGS. See online help for details.
  c:\program files (x86)\windows kits\10\include\10.0.10240.0\ucrt\stdio.h(205): note: 参见“fopen”的声明
e:\个人文件整理\源程序\kernel\ptop 1.2\ptop\configuration.cpp(347): warning C4996: 'fopen': This function or variable may be unsafe. Consider using fopen_s instead. To disable deprecation, use _CRT_SECURE_NO_WARNINGS. See online help for details.
  c:\program files (x86)\windows kits\10\include\10.0.10240.0\ucrt\stdio.h(205): note: 参见“fopen”的声明
e:\个人文件整理\源程序\kernel\ptop 1.2\ptop\configuration.cpp(355): warning C4996: 'fopen': This function or variable may be unsafe. Consider using fopen_s instead. To disable deprecation, use _CRT_SECURE_NO_WARNINGS. See online help for details.
  c:\program files (x86)\windows kits\10\include\10.0.10240.0\ucrt\stdio.h(205): note: 参见“fopen”的声明
e:\个人文件整理\源程序\kernel\ptop 1.2\ptop\configuration.cpp(384): warning C4996: 'localtime': This function or variable may be unsafe. Consider using localtime_s instead. To disable deprecation, use _CRT_SECURE_NO_WARNINGS. See online help for details.
  c:\program files (x86)\windows kits\10\include\10.0.10240.0\ucrt\time.h(505): note: 参见“localtime”的声明
e:\个人文件整理\源程序\kernel\ptop 1.2\ptop\configuration.cpp(386): warning C4996: 'sprintf': This function or variable may be unsafe. Consider using sprintf_s instead. To disable deprecation, use _CRT_SECURE_NO_WARNINGS. See online help for details.
  c:\program files (x86)\windows kits\10\include\10.0.10240.0\ucrt\stdio.h(1769): note: 参见“sprintf”的声明
e:\个人文件整理\源程序\kernel\ptop 1.2\ptop\configuration.cpp(481): warning C4267: “参数”: 从“size_t”转换到“int”，可能丢失数据
e:\个人文件整理\源程序\kernel\ptop 1.2\ptop\configuration.cpp(472): warning C4996: 'fopen': This function or variable may be unsafe. Consider using fopen_s instead. To disable deprecation, use _CRT_SECURE_NO_WARNINGS. See online help for details.
  c:\program files (x86)\windows kits\10\include\10.0.10240.0\ucrt\stdio.h(205): note: 参见“fopen”的声明
e:\个人文件整理\源程序\kernel\ptop 1.2\ptop\configuration.cpp(498): warning C4996: 'fopen': This function or variable may be unsafe. Consider using fopen_s instead. To disable deprecation, use _CRT_SECURE_NO_WARNINGS. See online help for details.
  c:\program files (x86)\windows kits\10\include\10.0.10240.0\ucrt\stdio.h(205): note: 参见“fopen”的声明
e:\个人文件整理\源程序\kernel\ptop 1.2\ptop\configuration.cpp(518): warning C4477: “fprintf”: 格式字符串“%d”需要类型“int”的参数，但可变参数 1 拥有了类型“unsigned __int64”
  e:\个人文件整理\源程序\kernel\ptop 1.2\ptop\configuration.cpp(518): note: 请考虑在格式字符串中使用“%zd”
e:\个人文件整理\源程序\kernel\ptop 1.2\ptop\configuration.cpp(521): warning C4477: “fprintf”: 格式字符串“%d”需要类型“int”的参数，但可变参数 1 拥有了类型“std::size_t”
  e:\个人文件整理\源程序\kernel\ptop 1.2\ptop\configuration.cpp(521): note: 请考虑在格式字符串中使用“%zd”
e:\个人文件整理\源程序\kernel\ptop 1.2\ptop\configuration.cpp(525): warning C4477: “fprintf”: 格式字符串“%d”需要类型“int”的参数，但可变参数 1 拥有了类型“unsigned __int64”
  e:\个人文件整理\源程序\kernel\ptop 1.2\ptop\configuration.cpp(525): note: 请考虑在格式字符串中使用“%zd”
e:\个人文件整理\源程序\kernel\ptop 1.2\ptop\configuration.cpp(528): warning C4477: “fprintf”: 格式字符串“%d”需要类型“int”的参数，但可变参数 1 拥有了类型“std::size_t”
  e:\个人文件整理\源程序\kernel\ptop 1.2\ptop\configuration.cpp(528): note: 请考虑在格式字符串中使用“%zd”
  BasicTools.cpp
e:\个人文件整理\源程序\kernel\ptop 1.2\ptop\basictools.h(110): warning C4996: 'access': The POSIX name for this item is deprecated. Instead, use the ISO C and C++ conformant name: _access. See online help for details.
  c:\program files (x86)\windows kits\10\include\10.0.10240.0\ucrt\corecrt_io.h(439): note: 参见“access”的声明
e:\个人文件整理\源程序\kernel\ptop 1.2\ptop\basictools.h(113): warning C4996: 'mkdir': The POSIX name for this item is deprecated. Instead, use the ISO C and C++ conformant name: _mkdir. See online help for details.
  c:\program files (x86)\windows kits\10\include\10.0.10240.0\ucrt\direct.h(108): note: 参见“mkdir”的声明
e:\个人文件整理\源程序\kernel\ptop 1.2\ptop\basictools.cpp(24): warning C4996: 'fopen': This function or variable may be unsafe. Consider using fopen_s instead. To disable deprecation, use _CRT_SECURE_NO_WARNINGS. See online help for details.
  c:\program files (x86)\windows kits\10\include\10.0.10240.0\ucrt\stdio.h(205): note: 参见“fopen”的声明
e:\个人文件整理\源程序\kernel\ptop 1.2\ptop\basictools.cpp(77): warning C4996: 'vsprintf': This function or variable may be unsafe. Consider using vsprintf_s instead. To disable deprecation, use _CRT_SECURE_NO_WARNINGS. See online help for details.
  c:\program files (x86)\windows kits\10\include\10.0.10240.0\ucrt\stdio.h(1465): note: 参见“vsprintf”的声明
e:\个人文件整理\源程序\kernel\ptop 1.2\ptop\basictools.cpp(93): warning C4996: 'vsprintf': This function or variable may be unsafe. Consider using vsprintf_s instead. To disable deprecation, use _CRT_SECURE_NO_WARNINGS. See online help for details.
  c:\program files (x86)\windows kits\10\include\10.0.10240.0\ucrt\stdio.h(1465): note: 参见“vsprintf”的声明
e:\个人文件整理\源程序\kernel\ptop 1.2\ptop\basictools.cpp(109): warning C4996: 'vsprintf': This function or variable may be unsafe. Consider using vsprintf_s instead. To disable deprecation, use _CRT_SECURE_NO_WARNINGS. See online help for details.
  c:\program files (x86)\windows kits\10\include\10.0.10240.0\ucrt\stdio.h(1465): note: 参见“vsprintf”的声明
e:\个人文件整理\源程序\kernel\ptop 1.2\ptop\basictools.cpp(195): warning C4996: 'ctime': This function or variable may be unsafe. Consider using ctime_s instead. To disable deprecation, use _CRT_SECURE_NO_WARNINGS. See online help for details.
  c:\program files (x86)\windows kits\10\include\10.0.10240.0\ucrt\time.h(475): note: 参见“ctime”的声明
e:\个人文件整理\源程序\kernel\ptop 1.2\ptop\basictools.cpp(204): warning C4996: 'ctime': This function or variable may be unsafe. Consider using ctime_s instead. To disable deprecation, use _CRT_SECURE_NO_WARNINGS. See online help for details.
  c:\program files (x86)\windows kits\10\include\10.0.10240.0\ucrt\time.h(475): note: 参见“ctime”的声明
e:\个人文件整理\源程序\kernel\ptop 1.2\ptop\basictools.cpp(222): warning C4267: “=”: 从“size_t”转换到“int”，可能丢失数据
  正在生成代码...
  pTop.vcxproj -> E:\个人文件整理\源程序\kernel\pTop 1.2\x64\Debug\pTop.exe
  pTop.vcxproj -> E:\个人文件整理\源程序\kernel\pTop 1.2\x64\Debug\pTop.pdb (Full PDB)
