E:\PTOP\KERNEL\PPARSETD\PPARSETD\RELEASE\TRAININGFILEREADER.OBJ
E:\PTOP\KERNEL\PPARSETD\PPARSETD\RELEASE\STRINGPROCESSOR.OBJ
E:\PTOP\KERNEL\PPARSETD\PPARSETD\RELEASE\SPECDATAIO.OBJ
E:\PTOP\KERNEL\PPARSETD\PPARSETD\RELEASE\SOLVE.OBJ
E:\PTOP\KERNEL\PPARSETD\PPARSETD\RELEASE\PFREADER.OBJ
E:\PTOP\KERNEL\PPARSETD\PPARSETD\RELEASE\MS2SPECTRUM.OBJ
E:\PTOP\KERNEL\PPARSETD\PPARSETD\RELEASE\MS2READER.OBJ
E:\PTOP\KERNEL\PPARSETD\PPARSETD\RELEASE\MS1SPECTRUM.OBJ
E:\PTOP\KERNEL\PPARSETD\PPARSETD\RELEASE\MS1READER.OBJ
E:\PTOP\KERNEL\PPARSETD\PPARSETD\RELEASE\MONOCANDIDATES.OBJ
E:\PTOP\KERNEL\PPARSETD\PPARSETD\RELEASE\EMASS.OBJ
E:\PTOP\KERNEL\PPARSETD\PPARSETD\RELEASE\CPEAKMAP.OBJ
E:\PTOP\KERNEL\PPARSETD\PPARSETD\RELEASE\COM.OBJ
E:\PTOP\KERNEL\PPARSETD\PPARSETD\RELEASE\CLASSIFICATION.OBJ
E:\PTOP\KERNEL\PPARSETD\PPARSETD\RELEASE\BASICFUNCTION.OBJ
E:\PTOP\KERNEL\PPARSETD\PPARSETD\RELEASE\VC110.PDB
E:\PTOP\KERNEL\PPARSETD\RELEASE\PPARSETD.EXE
E:\PTOP\KERNEL\PPARSETD\RELEASE\PPARSETD.PDB
E:\pTop\kernel\pParseTD\pParseTD\Release\BasicFunction.obj
E:\pTop\kernel\pParseTD\pParseTD\Release\Classification.obj
E:\pTop\kernel\pParseTD\pParseTD\Release\Com.obj
E:\pTop\kernel\pParseTD\pParseTD\Release\CPeakMap.obj
E:\pTop\kernel\pParseTD\pParseTD\Release\emass.obj
E:\pTop\kernel\pParseTD\pParseTD\Release\MonoCandidates.obj
E:\pTop\kernel\pParseTD\pParseTD\Release\MS1Reader.obj
E:\pTop\kernel\pParseTD\pParseTD\Release\MS1Spectrum.obj
E:\pTop\kernel\pParseTD\pParseTD\Release\MS2Reader.obj
E:\pTop\kernel\pParseTD\pParseTD\Release\MS2Spectrum.obj
E:\pTop\kernel\pParseTD\pParseTD\Release\PFReader.obj
E:\pTop\kernel\pParseTD\pParseTD\Release\Solve.obj
E:\pTop\kernel\pParseTD\pParseTD\Release\SpecDataIO.obj
E:\pTop\kernel\pParseTD\pParseTD\Release\StringProcessor.obj
E:\pTop\kernel\pParseTD\pParseTD\Release\TrainingFileReader.obj
E:\pTop\kernel\pParseTD\pParseTD\Release\cl.command.1.tlog
E:\pTop\kernel\pParseTD\pParseTD\Release\CL.read.1.tlog
E:\pTop\kernel\pParseTD\pParseTD\Release\CL.write.1.tlog
E:\pTop\kernel\pParseTD\pParseTD\Release\link-cvtres.read.1.tlog
E:\pTop\kernel\pParseTD\pParseTD\Release\link-cvtres.write.1.tlog
E:\pTop\kernel\pParseTD\pParseTD\Release\link-rc.read.1.tlog
E:\pTop\kernel\pParseTD\pParseTD\Release\link-rc.write.1.tlog
E:\pTop\kernel\pParseTD\pParseTD\Release\link.command.1.tlog
E:\pTop\kernel\pParseTD\pParseTD\Release\link.read.1.tlog
E:\pTop\kernel\pParseTD\pParseTD\Release\link.write.1.tlog
E:\pTop\kernel\pParseTD\pParseTD\Release\vc110.pdb
E:\pTop\kernel\pParseTD\Release\pParseTD.pdb
E:\pTop\kernel\pParseTD\Release\pParseTD.exe
