
==========================
Tue Jul 28 17:25:01 2015

COptionTool _GetPrivateProfileString cannot find the file.modification.ini	  at CMainFlow::RunMainFlow() GetPTMforms failed.
	  at pTop.exe::Main() failed.


==========================
Tue Jul 28 17:26:55 2015

COptionTool _GetPrivateProfileString cannot find the file.modification.ini	  at CMainFlow::RunMainFlow() GetPTMforms failed.
	  at pTop.exe::Main() failed.


==========================
Tue Jul 28 17:30:20 2015

COptionTool _GetPrivateProfileString cannot find the file.modification.ini	  at CMainFlow::RunMainFlow() GetPTMforms failed.
	  at pTop.exe::Main() failed.

[pTop] Call pParseTD failed.[pTop] Call pParseTD failed.[pTop] Call pParseTD failed.[pTop] Call pParseTD failed.[pTop] Call pParseTD failed.
==========================
Wed Aug 03 10:27:07 2016

	  at Clog::Clog() Failed to open log file
	  at pTop.exe::Main() failed.


==========================
Wed Aug 03 10:28:24 2016

	  at Clog::Clog() Failed to open log file
	  at pTop.exe::Main() failed.


==========================
Wed Aug 03 10:28:27 2016

	  at Clog::Clog() Failed to open log file
	  at pTop.exe::Main() failed.


==========================
Wed Aug 03 11:12:22 2016

	  at Clog::Clog() Failed to open log file
	  at pTop.exe::Main() failed.

[pTop] Call pParseTD failed.
==========================
Wed Aug 31 11:21:43 2016

invalid string position	  at CConfiguration::CallpParseTD() Set Input and Output failed.
	  at CConfiguration::GetAllConfigPara() GetConfigInfo failed.
	  at CMainFlow::RunMainFlow() Configure failed.
	  at pTop.exe::Main() failed.

[pTop] Call pParseTD failed.
==========================
Mon Feb 20 14:39:49 2017

	  at CMainFlow::RunMainFlow() vector<T> too long
	  at pTop.exe::Main() failed.


==========================
Mon Feb 20 14:44:33 2017

	  at CMainFlow::RunMainFlow() vector<T> too long
	  at pTop.exe::Main() failed.

[Error] Cannot open the config file of pParseTD: J:\pTop\Data\Yeast_HD\pParseTD.cfg[pTop] Call pParseTD failed.[pTop] Call pParseTD failed.[pTop] Call pParseTD failed.
==========================
Mon Mar 27 15:57:37 2017

	  at Rerank::writeResultFile() Failed to open file:J:\pTop\Data\Yeast_HD\search_task_20170327152501\20160306_YEAST_controlD_HD_A4_1_HCDFT\20160306_YEAST_controlD_HD_A4_1_HCDFT.qry.csv
	  at Rerank::run() 
	  at pTop.exe::Main() failed.

[Error] Cannot open the config file of pParseTD: D:\Users\rmwang\TopDown\Data\U+15N\param\pParseTD.cfg[Error] Cannot open the config file of pParseTD: D:\Users\rmwang\TopDown\Data\U+15N\param\pParseTD.cfg[Error] Cannot open the config file of pParseTD: D:\Users\rmwang\TopDown\Data\U+15N\param\pParseTD.cfg[Error] Cannot open the config file of pParseTD: D:\dataset6\Top-down\tianzhixin_scireport\pParseTD.cfg[pTop] Call pParseTD failed.