----------------start----------------------
date: Sat Jan 24 15:25:12 2015
parameter: D:\pFindStudio3\N15\param\pFind.cfg
search time(s): 38.403
----------------end----------------------
----------------start----------------------
date: Sat Jan 24 16:19:18 2015
parameter: F:\About pFind\workspace\N15\param\pFind.cfg
search time(s): 24.93
----------------end----------------------
----------------start----------------------
date: Sat Jan 24 17:23:30 2015
parameter: F:\About pFind\workspace\N15\param\pFind.cfg
search time(s): 43.544
----------------end----------------------
----------------start----------------------
date: Sat Jan 24 20:00:45 2015
parameter: F:\About pFind\workspace\N15\param\pFind.cfg
search time(s): 47.203
----------------end----------------------
----------------start----------------------
date: Mon Jan 26 15:28:47 2015
parameter: F:\About pFind\workspace\N15\param\pFind.cfg
search time(s): 45.153
----------------end----------------------
----------------start----------------------
date: Mon Jan 26 20:45:08 2015
parameter: F:\About pFind\workspace\N15\param\pFind.cfg
search time(s): 26.697
----------------end----------------------
----------------start----------------------
date: Tue Jan 27 15:18:33 2015
parameter: F:\About pFind\workspace\Task3\param\pFind.cfg
search time(s): 132.081
----------------end----------------------
----------------start----------------------
date: Wed Jan 28 09:43:02 2015
parameter: F:\About pFind\workspace\Task3\param\pFind.cfg
search time(s): 333.234
----------------end----------------------
----------------start----------------------
date: Wed Jan 28 10:17:07 2015
parameter: F:\About pFind\workspace\N151\param\pFind.cfg
search time(s): 56.932
----------------end----------------------
----------------start----------------------
date: Wed Jan 28 10:26:29 2015
parameter: F:\About pFind\workspace\Task3\param\pFind.cfg
search time(s): 290.038
----------------end----------------------
----------------start----------------------
date: Wed Jan 28 10:35:33 2015
parameter: F:\About pFind\workspace\N151\param\pFind.cfg
search time(s): 21.538
----------------end----------------------
----------------start----------------------
date: Wed Jan 28 11:44:25 2015
parameter: F:\About pFind\workspace\newTest\param\pFind.cfg
search time(s): 22.82
----------------end----------------------
----------------start----------------------
date: Wed Jan 28 11:49:19 2015
parameter: F:\About pFind\workspace\Task3\param\pFind.cfg
search time(s): 291.68
----------------end----------------------
----------------start----------------------
date: Wed Jan 28 11:50:02 2015
parameter: F:\About pFind\workspace\N151\param\pFind.cfg
search time(s): 25.445
----------------end----------------------
----------------start----------------------
date: Wed Jan 28 11:50:51 2015
parameter: F:\About pFind\workspace\Task6\param\pFind.cfg
search time(s): 12.755
----------------end----------------------
----------------start----------------------
date: Wed Jan 28 11:51:03 2015
parameter: F:\About pFind\workspace\newTest\param\pFind.cfg
search time(s): 11.313
----------------end----------------------
----------------start----------------------
date: Wed Jan 28 11:51:16 2015
parameter: F:\About pFind\workspace\Task1\param\pFind.cfg
search time(s): 12.357
----------------end----------------------
----------------start----------------------
date: Wed Jan 28 14:04:08 2015
parameter: F:\About pFind\workspace\N151\param\pFind.cfg
search time(s): 42.021
----------------end----------------------
----------------start----------------------
date: Wed Jan 28 14:11:03 2015
parameter: F:\About pFind\workspace\Task3\param\pFind.cfg
search time(s): 362.982
----------------end----------------------
----------------start----------------------
date: Wed Jan 28 14:11:45 2015
parameter: F:\About pFind\workspace\Task6\param\pFind.cfg
search time(s): 19.907
----------------end----------------------
----------------start----------------------
date: Wed Jan 28 14:12:00 2015
parameter: F:\About pFind\workspace\Task1\param\pFind.cfg
search time(s): 14.262
----------------end----------------------
----------------start----------------------
date: Wed Jan 28 16:23:52 2015
parameter: F:\About pFind\workspace\newTest\param\pFind.cfg
search time(s): 16.668
----------------end----------------------
----------------start----------------------
date: Wed Jan 28 16:24:06 2015
parameter: F:\About pFind\workspace\Task1\param\pFind.cfg
search time(s): 13.012
----------------end----------------------
----------------start----------------------
date: Wed Jan 28 16:24:34 2015
parameter: F:\About pFind\workspace\N151\param\pFind.cfg
search time(s): 26.608
----------------end----------------------
----------------start----------------------
date: Wed Jan 28 16:25:40 2015
parameter: F:\About pFind\workspace\newTest\param\pFind.cfg
search time(s): 18.382
----------------end----------------------
----------------start----------------------
date: Wed Jan 28 16:37:23 2015
parameter: F:\About pFind\workspace\newTest\param\pFind.cfg
search time(s): 14.243
----------------end----------------------
----------------start----------------------
date: Wed Jan 28 16:37:37 2015
parameter: F:\About pFind\workspace\Task6\param\pFind.cfg
search time(s): 13.273
----------------end----------------------
----------------start----------------------
date: Wed Jan 28 16:38:01 2015
parameter: F:\About pFind\workspace\N151\param\pFind.cfg
search time(s): 23.326
----------------end----------------------
----------------start----------------------
date: Wed Jan 28 16:38:52 2015
parameter: F:\About pFind\workspace\newTest\param\pFind.cfg
search time(s): 14.285
----------------end----------------------
----------------start----------------------
date: Wed Jan 28 17:16:35 2015
parameter: F:\About pFind\workspace\newTest\param\pFind.cfg
search time(s): 22.072
----------------end----------------------
----------------start----------------------
date: Wed Jan 28 17:34:50 2015
parameter: F:\About pFind\workspace\Task1\param\pFind.cfg
search time(s): 13.467
----------------end----------------------
----------------start----------------------
date: Wed Jan 28 17:35:23 2015
parameter: F:\About pFind\workspace\N151\param\pFind.cfg
search time(s): 32.046
----------------end----------------------
----------------start----------------------
date: Wed Jan 28 17:36:24 2015
parameter: F:\About pFind\workspace\newTest\param\pFind.cfg
search time(s): 20.522
----------------end----------------------
----------------start----------------------
date: Wed Jan 28 17:40:56 2015
parameter: F:\About pFind\workspace\N151\param\pFind.cfg
search time(s): 25.993
----------------end----------------------
----------------start----------------------
date: Wed Jan 28 17:41:55 2015
parameter: F:\About pFind\workspace\N151\param\pFind.cfg
search time(s): 21.414
----------------end----------------------
----------------start----------------------
date: Wed Jan 28 17:47:28 2015
parameter: F:\About pFind\workspace\N151\param\pFind.cfg
search time(s): 23.539
----------------end----------------------
----------------start----------------------
date: Wed Jan 28 18:02:35 2015
parameter: F:\About pFind\workspace\Task1\param\pFind.cfg
search time(s): 16.306
----------------end----------------------
----------------start----------------------
date: Wed Jan 28 19:59:19 2015
parameter: F:\About pFind\workspace\Task6\param\pFind.cfg
search time(s): 18.11
----------------end----------------------
----------------start----------------------
date: Wed Jan 28 19:59:34 2015
parameter: F:\About pFind\workspace\newTest\param\pFind.cfg
search time(s): 12.612
----------------end----------------------
----------------start----------------------
date: Wed Jan 28 19:59:48 2015
parameter: F:\About pFind\workspace\Task1\param\pFind.cfg
search time(s): 13.515
----------------end----------------------
----------------start----------------------
date: Wed Jan 28 21:45:36 2015
parameter: F:\About pFind\workspace\Task3\param\pFind.cfg
search time(s): 274.814
----------------end----------------------
----------------start----------------------
date: Wed Jan 28 21:46:17 2015
parameter: F:\About pFind\workspace\N151\param\pFind.cfg
search time(s): 27.572
----------------end----------------------
----------------start----------------------
date: Wed Jan 28 21:47:11 2015
parameter: F:\About pFind\workspace\newTest\param\pFind.cfg
search time(s): 11.878
----------------end----------------------
----------------start----------------------
date: Wed Jan 28 22:25:16 2015
parameter: F:\About pFind\workspace\newTest\param\pFind.cfg
search time(s): 16.421
----------------end----------------------
----------------start----------------------
date: Wed Jan 28 22:27:08 2015
parameter: F:\About pFind\workspace\Task6\param\pFind.cfg
search time(s): 20.224
----------------end----------------------
----------------start----------------------
date: Wed Jan 28 22:27:21 2015
parameter: F:\About pFind\workspace\newTest\param\pFind.cfg
search time(s): 12.117
----------------end----------------------
----------------start----------------------
date: Thu Jan 29 15:02:06 2015
parameter: F:\workspace\N151\param\pFind.cfg
search time(s): 33.533
----------------end----------------------
----------------start----------------------
date: Thu Jan 29 15:03:08 2015
parameter: F:\About pFind\workspace\Task6\param\pFind.cfg
search time(s): 12.978
----------------end----------------------
----------------start----------------------
date: Thu Jan 29 15:03:43 2015
parameter: F:\About pFind\workspace\newTest\param\pFind.cfg
search time(s): 17.807
----------------end----------------------
----------------start----------------------
date: Thu Jan 29 15:08:03 2015
parameter: F:\About pFind\workspace\Task3\param\pFind.cfg
search time(s): 249.772
----------------end----------------------
----------------start----------------------
date: Thu Jan 29 15:08:29 2015
parameter: F:\About pFind\workspace\newTest\param\pFind.cfg
search time(s): 12.454
----------------end----------------------
----------------start----------------------
date: Thu Jan 29 15:33:01 2015
parameter: F:\About pFind\workspace\newTest\param\pFind.cfg
search time(s): 16.112
----------------end----------------------
----------------start----------------------
date: Thu Jan 29 15:33:19 2015
parameter: F:\About pFind\workspace\Task6\param\pFind.cfg
search time(s): 14.986
----------------end----------------------
----------------start----------------------
date: Thu Jan 29 15:47:04 2015
parameter: F:\About pFind\workspace\Task2\param\pFind.cfg
search time(s): 13.378
----------------end----------------------
----------------start----------------------
date: Thu Jan 29 16:38:52 2015
parameter: F:\About pFind\workspace\Task2\param\pFind.cfg
search time(s): 25.21
----------------end----------------------
----------------start----------------------
date: Thu Jan 29 16:39:07 2015
parameter: F:\About pFind\workspace\Task6\param\pFind.cfg
search time(s): 13.383
----------------end----------------------
----------------start----------------------
date: Thu Jan 29 19:28:27 2015
parameter: F:\About pFind\workspace\newTest\param\pFind.cfg
search time(s): 19.019
----------------end----------------------
----------------start----------------------
date: Thu Jan 29 19:28:40 2015
parameter: F:\About pFind\workspace\Task6\param\pFind.cfg
search time(s): 12.202
----------------end----------------------
----------------start----------------------
date: Thu Jan 29 20:26:55 2015
parameter: F:\About pFind\workspace\Task1\param\pFind.cfg
search time(s): 23.512
----------------end----------------------
----------------start----------------------
date: Thu Jan 29 20:27:18 2015
parameter: F:\About pFind\workspace\Task2\param\pFind.cfg
search time(s): 21.475
----------------end----------------------
----------------start----------------------
date: Mon Feb 02 17:56:11 2015
parameter: F:\About pFind\workspace\newTest\param\pFind.cfg
search time(s): 31.638
----------------end----------------------
----------------start----------------------
date: Fri Aug 21 10:20:41 2015
parameter: D:\pFindWorkspace\Test951\param\pFind.cfg
search time(s): 20.561
----------------end----------------------
----------------start----------------------
date: Fri Aug 21 10:25:10 2015
parameter: D:\pFindWorkspace\Test951\param\pFind.cfg
search time(s): 14.838
----------------end----------------------
----------------start----------------------
date: Fri Aug 21 10:40:53 2015
parameter: D:\pFindWorkspace\Test951\param\pFind.cfg
search time(s): 14.852
----------------end----------------------
----------------start----------------------
date: Sun Sep 06 11:16:24 2015
parameter: D:\pFindWorkspace\Test951\param\pFind.cfg
search time(s): 29.903
----------------end----------------------
----------------start----------------------
date: Fri Aug 01 19:28:59 2014
parameter: D:\pFindWorkspace\Test951\param\pFind.cfg
search time(s): 15.778
----------------end----------------------
----------------start----------------------
date: Tue Nov 10 13:25:02 2015
parameter: D:\pFindWorkspace\Test951\param\pFind.cfg
search time(s): 35.028
----------------end----------------------
----------------start----------------------
date: Tue Nov 10 13:31:31 2015
parameter: D:\pFindWorkspace\Test951\param\pFind.cfg
search time(s): 13.732
----------------end----------------------
----------------start----------------------
date: Tue Nov 10 13:41:21 2015
parameter: D:\pFindWorkspace\Test951\param\pFind.cfg
search time(s): 13.924
----------------end----------------------
----------------start----------------------
date: Tue Nov 10 13:42:44 2015
parameter: D:\pFindWorkspace\Test951\param\pFind.cfg
search time(s): 15.046
----------------end----------------------
----------------start----------------------
date: Tue Nov 10 13:45:38 2015
parameter: D:\pFindWorkspace\Test951\param\pFind.cfg
search time(s): 14.119
----------------end----------------------
----------------start----------------------
date: Tue Nov 10 13:47:52 2015
parameter: D:\pFindWorkspace\Test951\param\pFind.cfg
search time(s): 14.813
----------------end----------------------
----------------start----------------------
date: Wed Jan 27 17:21:48 2016
parameter: D:\pFindWork\Task1\param\pFind.cfg
search time(s): 11.886
----------------end----------------------
----------------start----------------------
date: Wed Jan 27 20:02:23 2016
parameter: D:\pFindWork\Task1\param\pFind.cfg
search time(s): 13.247
----------------end----------------------
----------------start----------------------
date: Wed Jan 27 20:03:57 2016
parameter: D:\pFindWork\Task1\param\pFind.cfg
search time(s): 12.316
----------------end----------------------
----------------start----------------------
date: Wed Jan 27 20:09:29 2016
parameter: D:\pFindWork\Task1\param\pFind.cfg
search time(s): 12.454
----------------end----------------------
----------------start----------------------
date: Wed Jan 27 20:10:37 2016
parameter: D:\pFindWork\Task1\param\pFind.cfg
search time(s): 12.676
----------------end----------------------
----------------start----------------------
date: Wed Jan 27 20:14:36 2016
parameter: D:\pFindWork\Task1\param\pFind.cfg
search time(s): 11.829
----------------end----------------------
----------------start----------------------
date: Wed May 18 12:47:50 2016
parameter: D:\pFindWorkspace\Task1\param\pFind.cfg
search time(s): 708.355
----------------end----------------------
----------------start----------------------
date: Thu Aug 04 19:26:20 2016
parameter: D:\pFindWorkspace\Task1\param\pFind.cfg
search time(s): 7.572
----------------end----------------------
----------------start----------------------
date: Thu Sep 01 11:04:10 2016
parameter: D:\pFindWorkspace\Task1\param\pFind.cfg
search time(s): 22.922
----------------end----------------------
----------------start----------------------
date: Thu Sep 01 11:06:12 2016
parameter: D:\pFindWorkspace\Task1\param\pFind.cfg
search time(s): 7.808
----------------end----------------------
----------------start----------------------
date: Thu Sep 01 12:28:14 2016
parameter: D:\pFindWorkspace\pFindTask1\param\pFind.cfg
search time(s): 18.207
----------------end----------------------
----------------start----------------------
date: Tue Sep 06 09:55:09 2016
parameter: D:\pFindWorkspace\pFindTask1\param\pFind.cfg
search time(s): 10.839
----------------end----------------------
----------------start----------------------
date: Tue Sep 06 10:26:25 2016
parameter: D:\pFindWorkspace\pFindTask1\param\pFind.cfg
search time(s): 13.608
----------------end----------------------
----------------start----------------------
date: Tue Sep 06 10:30:41 2016
parameter: D:\pFindWorkspace\pFindTask1\param\pFind.cfg
search time(s): 7.048
----------------end----------------------
