E:\PTOP\KERNEL\PTOP\RELEASE\PTOP.EXE
E:\PTOP\KERNEL\PTOP\RELEASE\PTOP.PDB
E:\pTop\kernel\pTop\pTop\Release\BasicTools.obj
E:\pTop\kernel\pTop\pTop\Release\Configuration.obj
E:\pTop\kernel\pTop\pTop\Release\CreateIndex.obj
E:\pTop\kernel\pTop\pTop\Release\main.obj
E:\pTop\kernel\pTop\pTop\Release\MainFlow.obj
E:\pTop\kernel\pTop\pTop\Release\MapAAMass.obj
E:\pTop\kernel\pTop\pTop\Release\PrePTMForm.obj
E:\pTop\kernel\pTop\pTop\Release\ResFilter.obj
E:\pTop\kernel\pTop\pTop\Release\SearchEngine.obj
E:\pTop\kernel\pTop\pTop\Release\TagFlow.obj
E:\pTop\kernel\pTop\pTop\Release\TAGPriorityQueue.obj
E:\pTop\kernel\pTop\pTop\Release\TagSearcher.obj
E:\pTop\kernel\pTop\pTop\Release\test.obj
E:\pTop\kernel\pTop\pTop\Release\cl.command.1.tlog
E:\pTop\kernel\pTop\pTop\Release\CL.read.1.tlog
E:\pTop\kernel\pTop\pTop\Release\CL.write.1.tlog
E:\pTop\kernel\pTop\pTop\Release\link-cvtres.read.1.tlog
E:\pTop\kernel\pTop\pTop\Release\link-cvtres.write.1.tlog
E:\pTop\kernel\pTop\pTop\Release\link-rc.read.1.tlog
E:\pTop\kernel\pTop\pTop\Release\link-rc.write.1.tlog
E:\pTop\kernel\pTop\pTop\Release\link.command.1.tlog
E:\pTop\kernel\pTop\pTop\Release\link.read.1.tlog
E:\pTop\kernel\pTop\pTop\Release\link.write.1.tlog
E:\pTop\kernel\pTop\pTop\Release\vc110.pdb
E:\pTop\kernel\pTop\Release\pTop.pdb
E:\pTop\kernel\pTop\Release\pTop.exe
