Build started 2017/1/2 14:09:41.
     1>Project "E:\pTop\kernel\pTop\pTop\pTop.vcxproj" on node 2 (Build target(s)).
     1>Link:
         D:\Program Files (x86)\Microsoft Visual Studio 12.0\VC\bin\link.exe /ERRORREPORT:PROMPT /OUT:"E:\pTop\kernel\pTop\Release\pTop.exe" /INCREMENTAL:NO /NOLOGO kernel32.lib user32.lib gdi32.lib winspool.lib comdlg32.lib advapi32.lib shell32.lib ole32.lib oleaut32.lib uuid.lib odbc32.lib odbccp32.lib /MANIFEST /MANIFESTUAC:"level='asInvoker' uiAccess='false'" /manifest:embed /DEBUG /PDB:"E:\pTop\kernel\pTop\Release\pTop.pdb" /SUBSYSTEM:CONSOLE /OPT:REF /OPT:ICF /LTCG /TLBID:1 /DYNAMICBASE /NXCOMPAT /IMPLIB:"E:\pTop\kernel\pTop\Release\pTop.lib" /MACHINE:X86 /SAFESEH Release\BasicTools.obj
         Release\Configuration.obj
         Release\CreateIndex.obj
         Release\main.obj
         Release\MainFlow.obj
         Release\MapAAMass.obj
         Release\PrePTMForm.obj
         Release\ResFilter.obj
         Release\SearchEngine.obj
         Release\TagFlow.obj
         Release\TAGPriorityQueue.obj
         Release\TagSearcher.obj
         Release\test.obj
         Generating code
         Finished generating code
         pTop.vcxproj -> E:\pTop\kernel\pTop\Release\pTop.exe
     1>Done Building Project "E:\pTop\kernel\pTop\pTop\pTop.vcxproj" (Build target(s)).

Build succeeded.

Time Elapsed 00:00:07.05
