L:\PTOP\PTOP\KERNEL\PPARSETD 2.0\PPARSETD\RELEASE\TRAININGFILEREADER.OBJ
L:\PTOP\PTOP\KERNEL\PPARSETD 2.0\PPARSETD\RELEASE\STRINGPROCESSOR.OBJ
L:\PTOP\PTOP\KERNEL\PPARSETD 2.0\PPARSETD\RELEASE\SPECDATAIO.OBJ
L:\PTOP\PTOP\KERNEL\PPARSETD 2.0\PPARSETD\RELEASE\SOLVE.OBJ
L:\PTOP\PTOP\KERNEL\PPARSETD 2.0\PPARSETD\RELEASE\MS2SPECTRUM.OBJ
L:\PTOP\PTOP\KERNEL\PPARSETD 2.0\PPARSETD\RELEASE\MS2READER.OBJ
L:\PTOP\PTOP\KERNEL\PPARSETD 2.0\PPARSETD\RELEASE\MS1SPECTRUM.OBJ
L:\PTOP\PTOP\KERNEL\PPARSETD 2.0\PPARSETD\RELEASE\MS1READER.OBJ
L:\PTOP\PTOP\KERNEL\PPARSETD 2.0\PPARSETD\RELEASE\MONOCANDIDATES.OBJ
L:\PTOP\PTOP\KERNEL\PPARSETD 2.0\PPARSETD\RELEASE\EMASS.OBJ
L:\PTOP\PTOP\KERNEL\PPARSETD 2.0\PPARSETD\RELEASE\CPEAKMAP.OBJ
L:\PTOP\PTOP\KERNEL\PPARSETD 2.0\PPARSETD\RELEASE\COM.OBJ
L:\PTOP\PTOP\KERNEL\PPARSETD 2.0\PPARSETD\RELEASE\CLASSIFICATION.OBJ
L:\PTOP\PTOP\KERNEL\PPARSETD 2.0\PPARSETD\RELEASE\BASICFUNCTION.OBJ
L:\PTOP\PTOP\KERNEL\PPARSETD 2.0\PPARSETD\RELEASE\VC110.PDB
L:\PTOP\PTOP\KERNEL\PPARSETD 2.0\RELEASE\PPARSETD.EXE
L:\PTOP\PTOP\KERNEL\PPARSETD 2.0\RELEASE\PPARSETD.PDB
L:\pTop\pTop\kernel\pParseTD 2.0\pParseTD\Release\BasicFunction.obj
L:\pTop\pTop\kernel\pParseTD 2.0\pParseTD\Release\Classification.obj
L:\pTop\pTop\kernel\pParseTD 2.0\pParseTD\Release\Com.obj
L:\pTop\pTop\kernel\pParseTD 2.0\pParseTD\Release\CPeakMap.obj
L:\pTop\pTop\kernel\pParseTD 2.0\pParseTD\Release\emass.obj
L:\pTop\pTop\kernel\pParseTD 2.0\pParseTD\Release\MonoCandidates.obj
L:\pTop\pTop\kernel\pParseTD 2.0\pParseTD\Release\MS1Reader.obj
L:\pTop\pTop\kernel\pParseTD 2.0\pParseTD\Release\MS1Spectrum.obj
L:\pTop\pTop\kernel\pParseTD 2.0\pParseTD\Release\MS2Reader.obj
L:\pTop\pTop\kernel\pParseTD 2.0\pParseTD\Release\MS2Spectrum.obj
L:\pTop\pTop\kernel\pParseTD 2.0\pParseTD\Release\Solve.obj
L:\pTop\pTop\kernel\pParseTD 2.0\pParseTD\Release\SpecDataIO.obj
L:\pTop\pTop\kernel\pParseTD 2.0\pParseTD\Release\StringProcessor.obj
L:\pTop\pTop\kernel\pParseTD 2.0\pParseTD\Release\TrainingFileReader.obj
L:\pTop\pTop\kernel\pParseTD 2.0\pParseTD\Release\cl.command.1.tlog
L:\pTop\pTop\kernel\pParseTD 2.0\pParseTD\Release\CL.read.1.tlog
L:\pTop\pTop\kernel\pParseTD 2.0\pParseTD\Release\CL.write.1.tlog
L:\pTop\pTop\kernel\pParseTD 2.0\pParseTD\Release\link-cvtres.read.1.tlog
L:\pTop\pTop\kernel\pParseTD 2.0\pParseTD\Release\link-cvtres.write.1.tlog
L:\pTop\pTop\kernel\pParseTD 2.0\pParseTD\Release\link-rc.read.1.tlog
L:\pTop\pTop\kernel\pParseTD 2.0\pParseTD\Release\link-rc.write.1.tlog
L:\pTop\pTop\kernel\pParseTD 2.0\pParseTD\Release\link.command.1.tlog
L:\pTop\pTop\kernel\pParseTD 2.0\pParseTD\Release\link.read.1.tlog
L:\pTop\pTop\kernel\pParseTD 2.0\pParseTD\Release\link.write.1.tlog
L:\pTop\pTop\kernel\pParseTD 2.0\pParseTD\Release\vc110.pdb
L:\pTop\pTop\kernel\pParseTD 2.0\Release\pParseTD.pdb
L:\pTop\pTop\kernel\pParseTD 2.0\Release\pParseTD.exe
