e:\个人文件整理\源程序\kernel\pparsetd 2.0\pparsetd\x64\release\vc140.pdb
e:\个人文件整理\源程序\kernel\pparsetd 2.0\pparsetd\x64\release\trainingfilereader.obj
e:\个人文件整理\源程序\kernel\pparsetd 2.0\pparsetd\x64\release\stringprocessor.obj
e:\个人文件整理\源程序\kernel\pparsetd 2.0\pparsetd\x64\release\specdataio.obj
e:\个人文件整理\源程序\kernel\pparsetd 2.0\pparsetd\x64\release\solve.obj
e:\个人文件整理\源程序\kernel\pparsetd 2.0\pparsetd\x64\release\ms2spectrum.obj
e:\个人文件整理\源程序\kernel\pparsetd 2.0\pparsetd\x64\release\ms2reader.obj
e:\个人文件整理\源程序\kernel\pparsetd 2.0\pparsetd\x64\release\ms1spectrum.obj
e:\个人文件整理\源程序\kernel\pparsetd 2.0\pparsetd\x64\release\ms1reader.obj
e:\个人文件整理\源程序\kernel\pparsetd 2.0\pparsetd\x64\release\monocandidates.obj
e:\个人文件整理\源程序\kernel\pparsetd 2.0\pparsetd\x64\release\emass.obj
e:\个人文件整理\源程序\kernel\pparsetd 2.0\pparsetd\x64\release\cpeakmap.obj
e:\个人文件整理\源程序\kernel\pparsetd 2.0\pparsetd\x64\release\com.obj
e:\个人文件整理\源程序\kernel\pparsetd 2.0\pparsetd\x64\release\classification.obj
e:\个人文件整理\源程序\kernel\pparsetd 2.0\pparsetd\x64\release\basicfunction.obj
e:\个人文件整理\源程序\kernel\pparsetd 2.0\x64\release\pparsetd.exe
e:\个人文件整理\源程序\kernel\pparsetd 2.0\x64\release\pparsetd.ipdb
e:\个人文件整理\源程序\kernel\pparsetd 2.0\x64\release\pparsetd.iobj
e:\个人文件整理\源程序\kernel\pparsetd 2.0\x64\release\pparsetd.pdb
e:\个人文件整理\源程序\kernel\pparsetd 2.0\pparsetd\x64\release\pparsetd.tlog\cl.command.1.tlog
e:\个人文件整理\源程序\kernel\pparsetd 2.0\pparsetd\x64\release\pparsetd.tlog\cl.read.1.tlog
e:\个人文件整理\源程序\kernel\pparsetd 2.0\pparsetd\x64\release\pparsetd.tlog\cl.write.1.tlog
e:\个人文件整理\源程序\kernel\pparsetd 2.0\pparsetd\x64\release\pparsetd.tlog\link.command.1.tlog
e:\个人文件整理\源程序\kernel\pparsetd 2.0\pparsetd\x64\release\pparsetd.tlog\link.read.1.tlog
e:\个人文件整理\源程序\kernel\pparsetd 2.0\pparsetd\x64\release\pparsetd.tlog\link.write.1.tlog
