l:\ptop\ptop\kernel\pparsetd 2.0\pparsetd\x64\release\vc120.pdb
l:\ptop\ptop\kernel\pparsetd 2.0\pparsetd\x64\release\trainingfilereader.obj
l:\ptop\ptop\kernel\pparsetd 2.0\pparsetd\x64\release\stringprocessor.obj
l:\ptop\ptop\kernel\pparsetd 2.0\pparsetd\x64\release\specdataio.obj
l:\ptop\ptop\kernel\pparsetd 2.0\pparsetd\x64\release\solve.obj
l:\ptop\ptop\kernel\pparsetd 2.0\pparsetd\x64\release\ms2spectrum.obj
l:\ptop\ptop\kernel\pparsetd 2.0\pparsetd\x64\release\ms2reader.obj
l:\ptop\ptop\kernel\pparsetd 2.0\pparsetd\x64\release\ms1spectrum.obj
l:\ptop\ptop\kernel\pparsetd 2.0\pparsetd\x64\release\ms1reader.obj
l:\ptop\ptop\kernel\pparsetd 2.0\pparsetd\x64\release\monocandidates.obj
l:\ptop\ptop\kernel\pparsetd 2.0\pparsetd\x64\release\emass.obj
l:\ptop\ptop\kernel\pparsetd 2.0\pparsetd\x64\release\cpeakmap.obj
l:\ptop\ptop\kernel\pparsetd 2.0\pparsetd\x64\release\com.obj
l:\ptop\ptop\kernel\pparsetd 2.0\pparsetd\x64\release\classification.obj
l:\ptop\ptop\kernel\pparsetd 2.0\pparsetd\x64\release\basicfunction.obj
l:\ptop\ptop\kernel\pparsetd 2.0\x64\release\pparsetd2.0.exe
l:\ptop\ptop\kernel\pparsetd 2.0\x64\release\pparsetd2.0.pdb
l:\ptop\ptop\kernel\pparsetd 2.0\pparsetd\x64\release\pparsetd2.0.tlog\cl.command.1.tlog
l:\ptop\ptop\kernel\pparsetd 2.0\pparsetd\x64\release\pparsetd2.0.tlog\cl.read.1.tlog
l:\ptop\ptop\kernel\pparsetd 2.0\pparsetd\x64\release\pparsetd2.0.tlog\cl.write.1.tlog
l:\ptop\ptop\kernel\pparsetd 2.0\pparsetd\x64\release\pparsetd2.0.tlog\link.command.1.tlog
l:\ptop\ptop\kernel\pparsetd 2.0\pparsetd\x64\release\pparsetd2.0.tlog\link.read.1.tlog
l:\ptop\ptop\kernel\pparsetd 2.0\pparsetd\x64\release\pparsetd2.0.tlog\link.write.1.tlog
