e:\个人文件整理\源程序\kernel\ptop 1.2\ptop\x64\release\vc140.pdb
e:\个人文件整理\源程序\kernel\ptop 1.2\ptop\x64\release\test.obj
e:\个人文件整理\源程序\kernel\ptop 1.2\ptop\x64\release\tagsearcher.obj
e:\个人文件整理\源程序\kernel\ptop 1.2\ptop\x64\release\tagpriorityqueue.obj
e:\个人文件整理\源程序\kernel\ptop 1.2\ptop\x64\release\tagflow.obj
e:\个人文件整理\源程序\kernel\ptop 1.2\ptop\x64\release\searchengine.obj
e:\个人文件整理\源程序\kernel\ptop 1.2\ptop\x64\release\resfilter.obj
e:\个人文件整理\源程序\kernel\ptop 1.2\ptop\x64\release\preptmform.obj
e:\个人文件整理\源程序\kernel\ptop 1.2\ptop\x64\release\mapaamass.obj
e:\个人文件整理\源程序\kernel\ptop 1.2\ptop\x64\release\mainflow.obj
e:\个人文件整理\源程序\kernel\ptop 1.2\ptop\x64\release\main.obj
e:\个人文件整理\源程序\kernel\ptop 1.2\ptop\x64\release\createindex.obj
e:\个人文件整理\源程序\kernel\ptop 1.2\ptop\x64\release\configuration.obj
e:\个人文件整理\源程序\kernel\ptop 1.2\ptop\x64\release\basictools.obj
e:\个人文件整理\源程序\kernel\ptop 1.2\x64\release\ptop.exe
e:\个人文件整理\源程序\kernel\ptop 1.2\x64\release\ptop.ipdb
e:\个人文件整理\源程序\kernel\ptop 1.2\x64\release\ptop.iobj
e:\个人文件整理\源程序\kernel\ptop 1.2\x64\release\ptop.pdb
e:\个人文件整理\源程序\kernel\ptop 1.2\ptop\x64\release\ptop.tlog\cl.command.1.tlog
e:\个人文件整理\源程序\kernel\ptop 1.2\ptop\x64\release\ptop.tlog\cl.read.1.tlog
e:\个人文件整理\源程序\kernel\ptop 1.2\ptop\x64\release\ptop.tlog\cl.write.1.tlog
e:\个人文件整理\源程序\kernel\ptop 1.2\ptop\x64\release\ptop.tlog\link.command.1.tlog
e:\个人文件整理\源程序\kernel\ptop 1.2\ptop\x64\release\ptop.tlog\link.read.1.tlog
e:\个人文件整理\源程序\kernel\ptop 1.2\ptop\x64\release\ptop.tlog\link.write.1.tlog
